        {
            "@version": "1",
            "host": {
                "ip": [
                    "2405:201:500d:a80b:42ce:470:f50a:bbba",
                    "2405:201:500d:a80b:64f8:126a:6554:e9a3",
                    "fe80::b94f:3825:122a:8e76",
                    "192.168.29.177"
                ],
                "hostname": "ROG",
                "os": {
                    "build": "26100.1742",
                    "kernel": "10.0.26100.1742 (WinBuild.160101.0800)",
                    "version": "10.0",
                    "name": "Windows 11 Home",
                    "family": "windows",
                    "type": "windows",
                    "platform": "windows"
                },
                "name": "rog",
                "architecture": "x86_64",
                "mac": [
                    "08-00-27-BE-96-71"
                ],
                "id": "4375e56d-6ce4-4f97-8029-8e9c76e95afe"
            },
            "log": {
                "level": "information"
            },
            "message": "A new process has been created.\n\nCreator Subject:\n\tSecurity ID:\t\tS-1-5-18\n\tAccount Name:\t\t-\n\tAccount Domain:\t\t-\n\tLogon ID:\t\t0x3E7\n\nTarget Subject:\n\tSecurity ID:\t\tS-1-0-0\n\tAccount Name:\t\t-\n\tAccount Domain:\t\t-\n\tLogon ID:\t\t0x0\n\nProcess Information:\n\tNew Process ID:\t\t0x378\n\tNew Process Name:\tC:\\Windows\\System32\\winlogon.exe\n\tToken Elevation Type:\tTokenElevationTypeDefault (1)\n\tMandatory Label:\t\tS-1-16-16384\n\tCreator Process ID:\t0x328\n\tCreator Process Name:\tC:\\Windows\\System32\\smss.exe\n\tProcess Command Line:\t\n\nToken Elevation Type indicates the type of token that was assigned to the new process in accordance with User Account Control policy.\n\nType 1 is a full token with no privileges removed or groups disabled.  A full token is only used if User Account Control is disabled or if the user is the built-in Administrator account or a service account.\n\nType 2 is an elevated token with no privileges removed or groups disabled.  An elevated token is used when User Account Control is enabled and the user chooses to start the program using Run as administrator.  An elevated token is also used when an application is configured to always require administrative privilege or to always require maximum privilege, and the user is a member of the Administrators group.\n\nType 3 is a limited token with administrative privileges removed and administrative groups disabled.  The limited token is used when User Account Control is enabled, the application does not require administrative privilege, and the user does not choose to start the program using Run as administrator.",
            "event": {
                "provider": "Microsoft-Windows-Security-Auditing",
                "outcome": "success",
                "created": "2024-12-01T12:51:52.086Z",
                "code": "4688",
                "action": "Process Creation",
                "kind": "event"
            },
            "winlog": {
                "process": {
                    "pid": 4,
                    "thread": {
                        "id": 312
                    }
                },
                "task": "Process Creation",
                "computer_name": "ROG",
                "provider_name": "Microsoft-Windows-Security-Auditing",
                "event_data": {
                    "MandatoryLabel": "S-1-16-16384",
                    "ParentProcessName": "C:\\Windows\\System32\\smss.exe",
                    "NewProcessId": "0x378",
                    "NewProcessName": "C:\\Windows\\System32\\winlogon.exe",
                    "SubjectDomainName": "-",
                    "TargetUserSid": "S-1-0-0",
                    "SubjectLogonId": "0x3e7",
                    "SubjectUserName": "-",
                    "ProcessId": "0x328",
                    "TargetDomainName": "-",
                    "SubjectUserSid": "S-1-5-18",
                    "TargetLogonId": "0x0",
                    "TokenElevationType": "%%1936",
                    "TargetUserName": "-"
                },
                "record_id": 210,
                "version": 2,
                "opcode": "Info",
                "keywords": [
                    "Audit Success"
                ],
                "channel": "Security",
                "event_id": "4688",
                "api": "wineventlog",
                "provider_guid": "{54849625-5478-4994-a5ba-3e3b0328c30d}"
            },
            "@timestamp": "2024-12-01T17:40:23.304Z",
            "tags": [
                "beats_input_codec_plain_applied"
            ],
            "agent": {
                "ephemeral_id": "8ede2d35-721e-4c5c-8e28-4487de3cedca",
                "id": "7d8620cd-1507-4fa9-907e-5bc5403bedbf",
                "name": "ROG",
                "type": "winlogbeat",
                "version": "8.16.1"
            },
            "ecs": {
                "version": "8.0.0"
            }
        },
        {
            "@version": "1",
            "host": {
                "ip": [
                    "2405:201:500d:a80b:42ce:470:f50a:bbba",
                    "2405:201:500d:a80b:64f8:126a:6554:e9a3",
                    "fe80::b94f:3825:122a:8e76",
                    "192.168.29.177"
                ],
                "hostname": "ROG",
                "os": {
                    "build": "26100.1742",
                    "name": "Windows 11 Home",
                    "version": "10.0",
                    "kernel": "10.0.26100.1742 (WinBuild.160101.0800)",
                    "family": "windows",
                    "type": "windows",
                    "platform": "windows"
                },
                "name": "rog",
                "architecture": "x86_64",
                "mac": [
                    "08-00-27-BE-96-71"
                ],
                "id": "4375e56d-6ce4-4f97-8029-8e9c76e95afe"
            },
            "log": {
                "level": "information"
            },
            "message": "A new process has been created.\n\nCreator Subject:\n\tSecurity ID:\t\tS-1-5-18\n\tAccount Name:\t\t-\n\tAccount Domain:\t\t-\n\tLogon ID:\t\t0x3E7\n\nTarget Subject:\n\tSecurity ID:\t\tS-1-0-0\n\tAccount Name:\t\t-\n\tAccount Domain:\t\t-\n\tLogon ID:\t\t0x0\n\nProcess Information:\n\tNew Process ID:\t\t0x338\n\tNew Process Name:\tC:\\Windows\\System32\\csrss.exe\n\tToken Elevation Type:\tTokenElevationTypeDefault (1)\n\tMandatory Label:\t\tS-1-16-16384\n\tCreator Process ID:\t0x328\n\tCreator Process Name:\tC:\\Windows\\System32\\smss.exe\n\tProcess Command Line:\t\n\nToken Elevation Type indicates the type of token that was assigned to the new process in accordance with User Account Control policy.\n\nType 1 is a full token with no privileges removed or groups disabled.  A full token is only used if User Account Control is disabled or if the user is the built-in Administrator account or a service account.\n\nType 2 is an elevated token with no privileges removed or groups disabled.  An elevated token is used when User Account Control is enabled and the user chooses to start the program using Run as administrator.  An elevated token is also used when an application is configured to always require administrative privilege or to always require maximum privilege, and the user is a member of the Administrators group.\n\nType 3 is a limited token with administrative privileges removed and administrative groups disabled.  The limited token is used when User Account Control is enabled, the application does not require administrative privilege, and the user does not choose to start the program using Run as administrator.",
            "winlog": {
                "process": {
                    "pid": 4,
                    "thread": {
                        "id": 312
                    }
                },
                "task": "Process Creation",
                "computer_name": "ROG",
                "event_data": {
                    "MandatoryLabel": "S-1-16-16384",
                    "ParentProcessName": "C:\\Windows\\System32\\smss.exe",
                    "NewProcessId": "0x338",
                    "NewProcessName": "C:\\Windows\\System32\\csrss.exe",
                    "SubjectDomainName": "-",
                    "TargetUserSid": "S-1-0-0",
                    "SubjectLogonId": "0x3e7",
                    "SubjectUserName": "-",
                    "ProcessId": "0x328",
                    "TargetDomainName": "-",
                    "SubjectUserSid": "S-1-5-18",
                    "TargetLogonId": "0x0",
                    "TokenElevationType": "%%1936",
                    "TargetUserName": "-"
                },
                "provider_name": "Microsoft-Windows-Security-Auditing",
                "record_id": 209,
                "version": 2,
                "opcode": "Info",
                "keywords": [
                    "Audit Success"
                ],
                "channel": "Security",
                "event_id": "4688",
                "api": "wineventlog",
                "provider_guid": "{54849625-5478-4994-a5ba-3e3b0328c30d}"
            },
            "event": {
                "provider": "Microsoft-Windows-Security-Auditing",
                "outcome": "success",
                "created": "2024-12-01T12:51:52.086Z",
                "code": "4688",
                "action": "Process Creation",
                "kind": "event"
            },
            "@timestamp": "2024-12-01T17:40:23.269Z",
            "tags": [
                "beats_input_codec_plain_applied"
            ],
            "agent": {
                "type": "winlogbeat",
                "id": "7d8620cd-1507-4fa9-907e-5bc5403bedbf",
                "name": "ROG",
                "version": "8.16.1",
                "ephemeral_id": "8ede2d35-721e-4c5c-8e28-4487de3cedca"
            },
            "ecs": {
                "version": "8.0.0"
            }
        },
        {
            "@version": "1",
            "host": {
                "ip": [
                    "2405:201:500d:a80b:42ce:470:f50a:bbba",
                    "2405:201:500d:a80b:64f8:126a:6554:e9a3",
                    "fe80::b94f:3825:122a:8e76",
                    "192.168.29.177"
                ],
                "hostname": "ROG",
                "os": {
                    "build": "26100.1742",
                    "name": "Windows 11 Home",
                    "version": "10.0",
                    "kernel": "10.0.26100.1742 (WinBuild.160101.0800)",
                    "family": "windows",
                    "type": "windows",
                    "platform": "windows"
                },
                "name": "rog",
                "architecture": "x86_64",
                "mac": [
                    "08-00-27-BE-96-71"
                ],
                "id": "4375e56d-6ce4-4f97-8029-8e9c76e95afe"
            },
            "log": {
                "level": "information"
            },
            "message": "A new process has been created.\n\nCreator Subject:\n\tSecurity ID:\t\tS-1-5-18\n\tAccount Name:\t\t-\n\tAccount Domain:\t\t-\n\tLogon ID:\t\t0x3E7\n\nTarget Subject:\n\tSecurity ID:\t\tS-1-0-0\n\tAccount Name:\t\t-\n\tAccount Domain:\t\t-\n\tLogon ID:\t\t0x0\n\nProcess Information:\n\tNew Process ID:\t\t0x330\n\tNew Process Name:\tC:\\Windows\\System32\\wininit.exe\n\tToken Elevation Type:\tTokenElevationTypeDefault (1)\n\tMandatory Label:\t\tS-1-16-16384\n\tCreator Process ID:\t0x2bc\n\tCreator Process Name:\tC:\\Windows\\System32\\smss.exe\n\tProcess Command Line:\t\n\nToken Elevation Type indicates the type of token that was assigned to the new process in accordance with User Account Control policy.\n\nType 1 is a full token with no privileges removed or groups disabled.  A full token is only used if User Account Control is disabled or if the user is the built-in Administrator account or a service account.\n\nType 2 is an elevated token with no privileges removed or groups disabled.  An elevated token is used when User Account Control is enabled and the user chooses to start the program using Run as administrator.  An elevated token is also used when an application is configured to always require administrative privilege or to always require maximum privilege, and the user is a member of the Administrators group.\n\nType 3 is a limited token with administrative privileges removed and administrative groups disabled.  The limited token is used when User Account Control is enabled, the application does not require administrative privilege, and the user does not choose to start the program using Run as administrator.",
            "winlog": {
                "process": {
                    "pid": 4,
                    "thread": {
                        "id": 564
                    }
                },
                "task": "Process Creation",
                "computer_name": "ROG",
                "event_data": {
                    "MandatoryLabel": "S-1-16-16384",
                    "ParentProcessName": "C:\\Windows\\System32\\smss.exe",
                    "NewProcessId": "0x330",
                    "NewProcessName": "C:\\Windows\\System32\\wininit.exe",
                    "SubjectDomainName": "-",
                    "TargetUserSid": "S-1-0-0",
                    "SubjectLogonId": "0x3e7",
                    "SubjectUserName": "-",
                    "ProcessId": "0x2bc",
                    "TargetDomainName": "-",
                    "SubjectUserSid": "S-1-5-18",
                    "TargetLogonId": "0x0",
                    "TokenElevationType": "%%1936",
                    "TargetUserName": "-"
                },
                "provider_name": "Microsoft-Windows-Security-Auditing",
                "record_id": 208,
                "version": 2,
                "opcode": "Info",
                "keywords": [
                    "Audit Success"
                ],
                "channel": "Security",
                "event_id": "4688",
                "api": "wineventlog",
                "provider_guid": "{54849625-5478-4994-a5ba-3e3b0328c30d}"
            },
            "event": {
                "provider": "Microsoft-Windows-Security-Auditing",
                "outcome": "success",
                "created": "2024-12-01T12:51:52.086Z",
                "code": "4688",
                "action": "Process Creation",
                "kind": "event"
            },
            "@timestamp": "2024-12-01T17:40:23.267Z",
            "tags": [
                "beats_input_codec_plain_applied"
            ],
            "agent": {
                "type": "winlogbeat",
                "id": "7d8620cd-1507-4fa9-907e-5bc5403bedbf",
                "name": "ROG",
                "version": "8.16.1",
                "ephemeral_id": "8ede2d35-721e-4c5c-8e28-4487de3cedca"
            },
            "ecs": {
                "version": "8.0.0"
            }
        },
        {
            "@version": "1",
            "host": {
                "ip": [
                    "2405:201:500d:a80b:42ce:470:f50a:bbba",
                    "2405:201:500d:a80b:64f8:126a:6554:e9a3",
                    "fe80::b94f:3825:122a:8e76",
                    "192.168.29.177"
                ],
                "hostname": "ROG",
                "os": {
                    "build": "26100.1742",
                    "name": "Windows 11 Home",
                    "version": "10.0",
                    "kernel": "10.0.26100.1742 (WinBuild.160101.0800)",
                    "family": "windows",
                    "type": "windows",
                    "platform": "windows"
                },
                "name": "rog",
                "architecture": "x86_64",
                "mac": [
                    "08-00-27-BE-96-71"
                ],
                "id": "4375e56d-6ce4-4f97-8029-8e9c76e95afe"
            },
            "log": {
                "level": "information"
            },
            "message": "A new process has been created.\n\nCreator Subject:\n\tSecurity ID:\t\tS-1-5-18\n\tAccount Name:\t\t-\n\tAccount Domain:\t\t-\n\tLogon ID:\t\t0x3E7\n\nTarget Subject:\n\tSecurity ID:\t\tS-1-0-0\n\tAccount Name:\t\t-\n\tAccount Domain:\t\t-\n\tLogon ID:\t\t0x0\n\nProcess Information:\n\tNew Process ID:\t\t0x328\n\tNew Process Name:\tC:\\Windows\\System32\\smss.exe\n\tToken Elevation Type:\tTokenElevationTypeDefault (1)\n\tMandatory Label:\t\tS-1-16-16384\n\tCreator Process ID:\t0x214\n\tCreator Process Name:\tC:\\Windows\\System32\\smss.exe\n\tProcess Command Line:\t\n\nToken Elevation Type indicates the type of token that was assigned to the new process in accordance with User Account Control policy.\n\nType 1 is a full token with no privileges removed or groups disabled.  A full token is only used if User Account Control is disabled or if the user is the built-in Administrator account or a service account.\n\nType 2 is an elevated token with no privileges removed or groups disabled.  An elevated token is used when User Account Control is enabled and the user chooses to start the program using Run as administrator.  An elevated token is also used when an application is configured to always require administrative privilege or to always require maximum privilege, and the user is a member of the Administrators group.\n\nType 3 is a limited token with administrative privileges removed and administrative groups disabled.  The limited token is used when User Account Control is enabled, the application does not require administrative privilege, and the user does not choose to start the program using Run as administrator.",
            "winlog": {
                "process": {
                    "pid": 4,
                    "thread": {
                        "id": 312
                    }
                },
                "task": "Process Creation",
                "computer_name": "ROG",
                "provider_name": "Microsoft-Windows-Security-Auditing",
                "event_data": {
                    "MandatoryLabel": "S-1-16-16384",
                    "ParentProcessName": "C:\\Windows\\System32\\smss.exe",
                    "NewProcessId": "0x328",
                    "NewProcessName": "C:\\Windows\\System32\\smss.exe",
                    "SubjectDomainName": "-",
                    "TargetUserSid": "S-1-0-0",
                    "SubjectLogonId": "0x3e7",
                    "SubjectUserName": "-",
                    "ProcessId": "0x214",
                    "TargetDomainName": "-",
                    "SubjectUserSid": "S-1-5-18",
                    "TargetLogonId": "0x0",
                    "TokenElevationType": "%%1936",
                    "TargetUserName": "-"
                },
                "record_id": 207,
                "version": 2,
                "opcode": "Info",
                "keywords": [
                    "Audit Success"
                ],
                "event_id": "4688",
                "channel": "Security",
                "api": "wineventlog",
                "provider_guid": "{54849625-5478-4994-a5ba-3e3b0328c30d}"
            },
            "event": {
                "provider": "Microsoft-Windows-Security-Auditing",
                "outcome": "success",
                "created": "2024-12-01T12:51:52.086Z",
                "code": "4688",
                "action": "Process Creation",
                "kind": "event"
            },
            "@timestamp": "2024-12-01T17:40:23.262Z",
            "tags": [
                "beats_input_codec_plain_applied"
            ],
            "agent": {
                "version": "8.16.1",
                "id": "7d8620cd-1507-4fa9-907e-5bc5403bedbf",
                "name": "ROG",
                "type": "winlogbeat",
                "ephemeral_id": "8ede2d35-721e-4c5c-8e28-4487de3cedca"
            },
            "ecs": {
                "version": "8.0.0"
            }
        },
        {
            "@version": "1",
            "host": {
                "ip": [
                    "2405:201:500d:a80b:42ce:470:f50a:bbba",
                    "2405:201:500d:a80b:64f8:126a:6554:e9a3",
                    "fe80::b94f:3825:122a:8e76",
                    "192.168.29.177"
                ],
                "hostname": "ROG",
                "os": {
                    "build": "26100.1742",
                    "name": "Windows 11 Home",
                    "version": "10.0",
                    "kernel": "10.0.26100.1742 (WinBuild.160101.0800)",
                    "family": "windows",
                    "type": "windows",
                    "platform": "windows"
                },
                "name": "rog",
                "architecture": "x86_64",
                "mac": [
                    "08-00-27-BE-96-71"
                ],
                "id": "4375e56d-6ce4-4f97-8029-8e9c76e95afe"
            },
            "log": {
                "level": "information"
            },
            "message": "A new process has been created.\n\nCreator Subject:\n\tSecurity ID:\t\tS-1-5-18\n\tAccount Name:\t\t-\n\tAccount Domain:\t\t-\n\tLogon ID:\t\t0x3E7\n\nTarget Subject:\n\tSecurity ID:\t\tS-1-0-0\n\tAccount Name:\t\t-\n\tAccount Domain:\t\t-\n\tLogon ID:\t\t0x0\n\nProcess Information:\n\tNew Process ID:\t\t0x2e8\n\tNew Process Name:\tC:\\Windows\\System32\\csrss.exe\n\tToken Elevation Type:\tTokenElevationTypeDefault (1)\n\tMandatory Label:\t\tS-1-16-16384\n\tCreator Process ID:\t0x2bc\n\tCreator Process Name:\tC:\\Windows\\System32\\smss.exe\n\tProcess Command Line:\t\n\nToken Elevation Type indicates the type of token that was assigned to the new process in accordance with User Account Control policy.\n\nType 1 is a full token with no privileges removed or groups disabled.  A full token is only used if User Account Control is disabled or if the user is the built-in Administrator account or a service account.\n\nType 2 is an elevated token with no privileges removed or groups disabled.  An elevated token is used when User Account Control is enabled and the user chooses to start the program using Run as administrator.  An elevated token is also used when an application is configured to always require administrative privilege or to always require maximum privilege, and the user is a member of the Administrators group.\n\nType 3 is a limited token with administrative privileges removed and administrative groups disabled.  The limited token is used when User Account Control is enabled, the application does not require administrative privilege, and the user does not choose to start the program using Run as administrator.",
            "winlog": {
                "process": {
                    "pid": 4,
                    "thread": {
                        "id": 312
                    }
                },
                "task": "Process Creation",
                "computer_name": "ROG",
                "event_data": {
                    "MandatoryLabel": "S-1-16-16384",
                    "ParentProcessName": "C:\\Windows\\System32\\smss.exe",
                    "NewProcessId": "0x2e8",
                    "NewProcessName": "C:\\Windows\\System32\\csrss.exe",
                    "SubjectDomainName": "-",
                    "TargetUserSid": "S-1-0-0",
                    "SubjectLogonId": "0x3e7",
                    "SubjectUserName": "-",
                    "ProcessId": "0x2bc",
                    "TargetDomainName": "-",
                    "SubjectUserSid": "S-1-5-18",
                    "TargetLogonId": "0x0",
                    "TokenElevationType": "%%1936",
                    "TargetUserName": "-"
                },
                "provider_name": "Microsoft-Windows-Security-Auditing",
                "record_id": 206,
                "version": 2,
                "opcode": "Info",
                "event_id": "4688",
                "channel": "Security",
                "keywords": [
                    "Audit Success"
                ],
                "api": "wineventlog",
                "provider_guid": "{54849625-5478-4994-a5ba-3e3b0328c30d}"
            },
            "event": {
                "provider": "Microsoft-Windows-Security-Auditing",
                "created": "2024-12-01T12:51:52.086Z",
                "code": "4688",
                "outcome": "success",
                "action": "Process Creation",
                "kind": "event"
            },
            "@timestamp": "2024-12-01T17:40:23.058Z",
            "tags": [
                "beats_input_codec_plain_applied"
            ],
            "agent": {
                "type": "winlogbeat",
                "id": "7d8620cd-1507-4fa9-907e-5bc5403bedbf",
                "name": "ROG",
                "version": "8.16.1",
                "ephemeral_id": "8ede2d35-721e-4c5c-8e28-4487de3cedca"
            },
            "ecs": {
                "version": "8.0.0"
            }
        },
        {
            "@version": "1",
            "host": {
                "ip": [
                    "2405:201:500d:a80b:42ce:470:f50a:bbba",
                    "2405:201:500d:a80b:64f8:126a:6554:e9a3",
                    "fe80::b94f:3825:122a:8e76",
                    "192.168.29.177"
                ],
                "hostname": "ROG",
                "os": {
                    "build": "26100.1742",
                    "name": "Windows 11 Home",
                    "version": "10.0",
                    "kernel": "10.0.26100.1742 (WinBuild.160101.0800)",
                    "family": "windows",
                    "type": "windows",
                    "platform": "windows"
                },
                "name": "rog",
                "architecture": "x86_64",
                "mac": [
                    "08-00-27-BE-96-71"
                ],
                "id": "4375e56d-6ce4-4f97-8029-8e9c76e95afe"
            },
            "log": {
                "level": "information"
            },
            "message": "A new process has been created.\n\nCreator Subject:\n\tSecurity ID:\t\tS-1-5-18\n\tAccount Name:\t\t-\n\tAccount Domain:\t\t-\n\tLogon ID:\t\t0x3E7\n\nTarget Subject:\n\tSecurity ID:\t\tS-1-0-0\n\tAccount Name:\t\t-\n\tAccount Domain:\t\t-\n\tLogon ID:\t\t0x0\n\nProcess Information:\n\tNew Process ID:\t\t0x2bc\n\tNew Process Name:\tC:\\Windows\\System32\\smss.exe\n\tToken Elevation Type:\tTokenElevationTypeDefault (1)\n\tMandatory Label:\t\tS-1-16-16384\n\tCreator Process ID:\t0x214\n\tCreator Process Name:\tC:\\Windows\\System32\\smss.exe\n\tProcess Command Line:\t\n\nToken Elevation Type indicates the type of token that was assigned to the new process in accordance with User Account Control policy.\n\nType 1 is a full token with no privileges removed or groups disabled.  A full token is only used if User Account Control is disabled or if the user is the built-in Administrator account or a service account.\n\nType 2 is an elevated token with no privileges removed or groups disabled.  An elevated token is used when User Account Control is enabled and the user chooses to start the program using Run as administrator.  An elevated token is also used when an application is configured to always require administrative privilege or to always require maximum privilege, and the user is a member of the Administrators group.\n\nType 3 is a limited token with administrative privileges removed and administrative groups disabled.  The limited token is used when User Account Control is enabled, the application does not require administrative privilege, and the user does not choose to start the program using Run as administrator.",
            "winlog": {
                "process": {
                    "pid": 4,
                    "thread": {
                        "id": 524
                    }
                },
                "task": "Process Creation",
                "computer_name": "ROG",
                "provider_name": "Microsoft-Windows-Security-Auditing",
                "event_data": {
                    "MandatoryLabel": "S-1-16-16384",
                    "ParentProcessName": "C:\\Windows\\System32\\smss.exe",
                    "NewProcessId": "0x2bc",
                    "NewProcessName": "C:\\Windows\\System32\\smss.exe",
                    "SubjectDomainName": "-",
                    "TargetUserSid": "S-1-0-0",
                    "SubjectLogonId": "0x3e7",
                    "SubjectUserName": "-",
                    "ProcessId": "0x214",
                    "TargetDomainName": "-",
                    "SubjectUserSid": "S-1-5-18",
                    "TargetLogonId": "0x0",
                    "TokenElevationType": "%%1936",
                    "TargetUserName": "-"
                },
                "record_id": 205,
                "version": 2,
                "opcode": "Info",
                "event_id": "4688",
                "keywords": [
                    "Audit Success"
                ],
                "channel": "Security",
                "api": "wineventlog",
                "provider_guid": "{54849625-5478-4994-a5ba-3e3b0328c30d}"
            },
            "event": {
                "provider": "Microsoft-Windows-Security-Auditing",
                "created": "2024-12-01T12:51:52.086Z",
                "code": "4688",
                "outcome": "success",
                "action": "Process Creation",
                "kind": "event"
            },
            "@timestamp": "2024-12-01T17:40:22.753Z",
            "tags": [
                "beats_input_codec_plain_applied"
            ],
            "agent": {
                "version": "8.16.1",
                "id": "7d8620cd-1507-4fa9-907e-5bc5403bedbf",
                "name": "ROG",
                "type": "winlogbeat",
                "ephemeral_id": "8ede2d35-721e-4c5c-8e28-4487de3cedca"
            },
            "ecs": {
                "version": "8.0.0"
            }
        },
        {
            "@version": "1",
            "host": {
                "ip": [
                    "2405:201:500d:a80b:42ce:470:f50a:bbba",
                    "2405:201:500d:a80b:64f8:126a:6554:e9a3",
                    "fe80::b94f:3825:122a:8e76",
                    "192.168.29.177"
                ],
                "hostname": "ROG",
                "os": {
                    "build": "26100.1742",
                    "name": "Windows 11 Home",
                    "version": "10.0",
                    "kernel": "10.0.26100.1742 (WinBuild.160101.0800)",
                    "family": "windows",
                    "type": "windows",
                    "platform": "windows"
                },
                "name": "rog",
                "architecture": "x86_64",
                "mac": [
                    "08-00-27-BE-96-71"
                ],
                "id": "4375e56d-6ce4-4f97-8029-8e9c76e95afe"
            },
            "log": {
                "level": "information"
            },
            "message": "The time zone information was refreshed with exit reason 0. Current time zone bias is 0.",
            "winlog": {
                "process": {
                    "pid": 160,
                    "thread": {
                        "id": 692
                    }
                },
                "task": "TimeZoneInformationRefresh",
                "computer_name": "ROG",
                "event_data": {
                    "ExitReason": "0",
                    "CurrentTimeZoneID": "1",
                    "FirstRefresh": "0",
                    "TimeZoneInfoCacheUpdated": "0",
                    "CurrentBias": "0"
                },
                "provider_name": "Microsoft-Windows-Kernel-General",
                "record_id": 217,
                "opcode": "Info",
                "keywords": [
                    "Time"
                ],
                "channel": "System",
                "event_id": "24",
                "api": "wineventlog",
                "provider_guid": "{a68ca8b7-004f-d7b6-a698-07e2de0f1f5d}",
                "user": {
                    "name": "SYSTEM",
                    "domain": "NT AUTHORITY",
                    "type": "Well Known Group",
                    "identifier": "S-1-5-18"
                }
            },
            "event": {
                "provider": "Microsoft-Windows-Kernel-General",
                "action": "TimeZoneInformationRefresh",
                "created": "2024-12-01T12:51:52.324Z",
                "code": "24",
                "kind": "event"
            },
            "@timestamp": "2024-12-01T17:40:22.654Z",
            "tags": [
                "beats_input_codec_plain_applied"
            ],
            "agent": {
                "version": "8.16.1",
                "id": "7d8620cd-1507-4fa9-907e-5bc5403bedbf",
                "name": "ROG",
                "type": "winlogbeat",
                "ephemeral_id": "8ede2d35-721e-4c5c-8e28-4487de3cedca"
            },
            "ecs": {
                "version": "8.0.0"
            }
        },
        {
            "@version": "1",
            "host": {
                "ip": [
                    "2405:201:500d:a80b:42ce:470:f50a:bbba",
                    "2405:201:500d:a80b:64f8:126a:6554:e9a3",
                    "fe80::b94f:3825:122a:8e76",
                    "192.168.29.177"
                ],
                "hostname": "ROG",
                "os": {
                    "build": "26100.1742",
                    "name": "Windows 11 Home",
                    "version": "10.0",
                    "kernel": "10.0.26100.1742 (WinBuild.160101.0800)",
                    "family": "windows",
                    "type": "windows",
                    "platform": "windows"
                },
                "name": "rog",
                "architecture": "x86_64",
                "mac": [
                    "08-00-27-BE-96-71"
                ],
                "id": "4375e56d-6ce4-4f97-8029-8e9c76e95afe"
            },
            "log": {
                "level": "information"
            },
            "message": "Volume \\\\?\\Volume{2d795346-4805-4b71-aa6f-3dd8bcb276be} (\\Device\\HarddiskVolume5) is healthy.  No action is needed.",
            "event": {
                "provider": "Microsoft-Windows-Ntfs",
                "action": "None",
                "created": "2024-12-01T12:51:52.324Z",
                "code": "98",
                "kind": "event"
            },
            "winlog": {
                "process": {
                    "pid": 4,
                    "thread": {
                        "id": 308
                    }
                },
                "task": "None",
                "computer_name": "ROG",
                "provider_name": "Microsoft-Windows-Ntfs",
                "event_data": {
                    "CorruptionActionState": "0",
                    "DeviceName": "\\Device\\HarddiskVolume5",
                    "DriveName": "\\\\?\\Volume{2d795346-4805-4b71-aa6f-3dd8bcb276be}"
                },
                "record_id": 216,
                "opcode": "Info",
                "keywords": [
                    "VolumeCorruptionActionStateChange"
                ],
                "channel": "System",
                "event_id": "98",
                "api": "wineventlog",
                "provider_guid": "{3ff37a1c-a68d-4d6e-8c9b-f79e8b16c482}",
                "user": {
                    "identifier": "S-1-5-18",
                    "domain": "NT AUTHORITY",
                    "name": "SYSTEM",
                    "type": "Well Known Group"
                }
            },
            "@timestamp": "2024-12-01T17:40:22.560Z",
            "tags": [
                "beats_input_codec_plain_applied"
            ],
            "agent": {
                "ephemeral_id": "8ede2d35-721e-4c5c-8e28-4487de3cedca",
                "id": "7d8620cd-1507-4fa9-907e-5bc5403bedbf",
                "name": "ROG",
                "type": "winlogbeat",
                "version": "8.16.1"
            },
            "ecs": {
                "version": "8.0.0"
            }
        },
        {
            "@version": "1",
            "host": {
                "ip": [
                    "2405:201:500d:a80b:42ce:470:f50a:bbba",
                    "2405:201:500d:a80b:64f8:126a:6554:e9a3",
                    "fe80::b94f:3825:122a:8e76",
                    "192.168.29.177"
                ],
                "hostname": "ROG",
                "os": {
                    "build": "26100.1742",
                    "name": "Windows 11 Home",
                    "kernel": "10.0.26100.1742 (WinBuild.160101.0800)",
                    "version": "10.0",
                    "family": "windows",
                    "type": "windows",
                    "platform": "windows"
                },
                "name": "rog",
                "architecture": "x86_64",
                "mac": [
                    "08-00-27-BE-96-71"
                ],
                "id": "4375e56d-6ce4-4f97-8029-8e9c76e95afe"
            },
            "log": {
                "level": "information"
            },
            "message": "Volume \\\\?\\Volume{fa8be37e-48f2-445d-9fcb-f178d71d3d1c} (\\Device\\HarddiskVolume1) is healthy.  No action is needed.",
            "event": {
                "provider": "Microsoft-Windows-Ntfs",
                "action": "None",
                "created": "2024-12-01T12:51:52.324Z",
                "code": "98",
                "kind": "event"
            },
            "winlog": {
                "process": {
                    "pid": 4,
                    "thread": {
                        "id": 564
                    }
                },
                "task": "None",
                "computer_name": "ROG",
                "provider_name": "Microsoft-Windows-Ntfs",
                "event_data": {
                    "CorruptionActionState": "0",
                    "DeviceName": "\\Device\\HarddiskVolume1",
                    "DriveName": "\\\\?\\Volume{fa8be37e-48f2-445d-9fcb-f178d71d3d1c}"
                },
                "record_id": 215,
                "opcode": "Info",
                "event_id": "98",
                "channel": "System",
                "keywords": [
                    "VolumeCorruptionActionStateChange"
                ],
                "api": "wineventlog",
                "provider_guid": "{3ff37a1c-a68d-4d6e-8c9b-f79e8b16c482}",
                "user": {
                    "type": "Well Known Group",
                    "domain": "NT AUTHORITY",
                    "identifier": "S-1-5-18",
                    "name": "SYSTEM"
                }
            },
            "@timestamp": "2024-12-01T17:40:22.518Z",
            "tags": [
                "beats_input_codec_plain_applied"
            ],
            "agent": {
                "ephemeral_id": "8ede2d35-721e-4c5c-8e28-4487de3cedca",
                "id": "7d8620cd-1507-4fa9-907e-5bc5403bedbf",
                "name": "ROG",
                "type": "winlogbeat",
                "version": "8.16.1"
            },
            "ecs": {
                "version": "8.0.0"
            }
        },
        {
            "@version": "1",
            "host": {
                "ip": [
                    "2405:201:500d:a80b:42ce:470:f50a:bbba",
                    "2405:201:500d:a80b:64f8:126a:6554:e9a3",
                    "fe80::b94f:3825:122a:8e76",
                    "192.168.29.177"
                ],
                "hostname": "ROG",
                "os": {
                    "build": "26100.1742",
                    "name": "Windows 11 Home",
                    "version": "10.0",
                    "kernel": "10.0.26100.1742 (WinBuild.160101.0800)",
                    "family": "windows",
                    "type": "windows",
                    "platform": "windows"
                },
                "name": "rog",
                "architecture": "x86_64",
                "mac": [
                    "08-00-27-BE-96-71"
                ],
                "id": "4375e56d-6ce4-4f97-8029-8e9c76e95afe"
            },
            "log": {
                "level": "information"
            },
            "message": "A new process has been created.\n\nCreator Subject:\n\tSecurity ID:\t\tS-1-5-18\n\tAccount Name:\t\t-\n\tAccount Domain:\t\t-\n\tLogon ID:\t\t0x3E7\n\nTarget Subject:\n\tSecurity ID:\t\tS-1-0-0\n\tAccount Name:\t\t-\n\tAccount Domain:\t\t-\n\tLogon ID:\t\t0x0\n\nProcess Information:\n\tNew Process ID:\t\t0x238\n\tNew Process Name:\tC:\\Windows\\System32\\autochk.exe\n\tToken Elevation Type:\tTokenElevationTypeDefault (1)\n\tMandatory Label:\t\tS-1-16-16384\n\tCreator Process ID:\t0x214\n\tCreator Process Name:\tC:\\Windows\\System32\\smss.exe\n\tProcess Command Line:\t\n\nToken Elevation Type indicates the type of token that was assigned to the new process in accordance with User Account Control policy.\n\nType 1 is a full token with no privileges removed or groups disabled.  A full token is only used if User Account Control is disabled or if the user is the built-in Administrator account or a service account.\n\nType 2 is an elevated token with no privileges removed or groups disabled.  An elevated token is used when User Account Control is enabled and the user chooses to start the program using Run as administrator.  An elevated token is also used when an application is configured to always require administrative privilege or to always require maximum privilege, and the user is a member of the Administrators group.\n\nType 3 is a limited token with administrative privileges removed and administrative groups disabled.  The limited token is used when User Account Control is enabled, the application does not require administrative privilege, and the user does not choose to start the program using Run as administrator.",
            "event": {
                "provider": "Microsoft-Windows-Security-Auditing",
                "outcome": "success",
                "created": "2024-12-01T12:51:52.086Z",
                "code": "4688",
                "action": "Process Creation",
                "kind": "event"
            },
            "winlog": {
                "process": {
                    "pid": 4,
                    "thread": {
                        "id": 564
                    }
                },
                "task": "Process Creation",
                "computer_name": "ROG",
                "event_data": {
                    "MandatoryLabel": "S-1-16-16384",
                    "ParentProcessName": "C:\\Windows\\System32\\smss.exe",
                    "NewProcessId": "0x238",
                    "NewProcessName": "C:\\Windows\\System32\\autochk.exe",
                    "SubjectDomainName": "-",
                    "TargetUserSid": "S-1-0-0",
                    "SubjectLogonId": "0x3e7",
                    "SubjectUserName": "-",
                    "ProcessId": "0x214",
                    "TargetDomainName": "-",
                    "SubjectUserSid": "S-1-5-18",
                    "TargetLogonId": "0x0",
                    "TokenElevationType": "%%1936",
                    "TargetUserName": "-"
                },
                "provider_name": "Microsoft-Windows-Security-Auditing",
                "record_id": 204,
                "version": 2,
                "opcode": "Info",
                "keywords": [
                    "Audit Success"
                ],
                "channel": "Security",
                "event_id": "4688",
                "api": "wineventlog",
                "provider_guid": "{54849625-5478-4994-a5ba-3e3b0328c30d}"
            },
            "@timestamp": "2024-12-01T17:40:22.424Z",
            "tags": [
                "beats_input_codec_plain_applied"
            ],
            "agent": {
                "type": "winlogbeat",
                "id": "7d8620cd-1507-4fa9-907e-5bc5403bedbf",
                "name": "ROG",
                "version": "8.16.1",
                "ephemeral_id": "8ede2d35-721e-4c5c-8e28-4487de3cedca"
            },
            "ecs": {
                "version": "8.0.0"
            }
        },
        {
            "@version": "1",
            "host": {
                "ip": [
                    "2405:201:500d:a80b:42ce:470:f50a:bbba",
                    "2405:201:500d:a80b:64f8:126a:6554:e9a3",
                    "fe80::b94f:3825:122a:8e76",
                    "192.168.29.177"
                ],
                "os": {
                    "build": "26100.1742",
                    "name": "Windows 11 Home",
                    "kernel": "10.0.26100.1742 (WinBuild.160101.0800)",
                    "version": "10.0",
                    "family": "windows",
                    "type": "windows",
                    "platform": "windows"
                },
                "hostname": "ROG",
                "name": "rog",
                "architecture": "x86_64",
                "mac": [
                    "08-00-27-BE-96-71"
                ],
                "id": "4375e56d-6ce4-4f97-8029-8e9c76e95afe"
            },
            "log": {
                "level": "information"
            },
            "message": "Active battery count change.",
            "winlog": {
                "process": {
                    "pid": 4,
                    "thread": {
                        "id": 156
                    }
                },
                "task": "BatteryCountChange",
                "computer_name": "ROG",
                "event_data": {
                    "ValidBatteryCount": "1",
                    "AbandonedBatteryCount": "0",
                    "ErrorBatteryCount": "0"
                },
                "provider_name": "Microsoft-Windows-Kernel-Power",
                "record_id": 214,
                "opcode": "Info",
                "keywords": [
                    "po:Diagnostic",
                    "po:DiagnosticLight"
                ],
                "event_id": "521",
                "channel": "System",
                "api": "wineventlog",
                "provider_guid": "{331c3b3a-2005-44c2-ac5e-77220c37d6b4}",
                "user": {
                    "name": "SYSTEM",
                    "domain": "NT AUTHORITY",
                    "type": "Well Known Group",
                    "identifier": "S-1-5-18"
                }
            },
            "event": {
                "action": "BatteryCountChange",
                "provider": "Microsoft-Windows-Kernel-Power",
                "created": "2024-12-01T12:51:52.324Z",
                "code": "521",
                "kind": "event"
            },
            "@timestamp": "2024-12-01T17:40:22.074Z",
            "tags": [
                "beats_input_codec_plain_applied"
            ],
            "agent": {
                "ephemeral_id": "8ede2d35-721e-4c5c-8e28-4487de3cedca",
                "id": "7d8620cd-1507-4fa9-907e-5bc5403bedbf",
                "name": "ROG",
                "type": "winlogbeat",
                "version": "8.16.1"
            },
            "ecs": {
                "version": "8.0.0"
            }
        },
