        {
            "@version": "1",
            "host": {
                "ip": [
                    "2405:201:500d:a80b:42ce:470:f50a:bbba",
                    "2405:201:500d:a80b:64f8:126a:6554:e9a3",
                    "fe80::b94f:3825:122a:8e76",
                    "192.168.29.177"
                ],
                "hostname": "ROG",
                "os": {
                    "build": "26100.1742",
                    "name": "Windows 11 Home",
                    "version": "10.0",
                    "kernel": "10.0.26100.1742 (WinBuild.160101.0800)",
                    "family": "windows",
                    "type": "windows",
                    "platform": "windows"
                },
                "name": "rog",
                "architecture": "x86_64",
                "mac": [
                    "08-00-27-BE-96-71"
                ],
                "id": "4375e56d-6ce4-4f97-8029-8e9c76e95afe"
            },
            "log": {
                "level": "information"
            },
            "message": "File System Filter 'npsvctrig' (10.0, ‎1978‎-‎05‎-‎14T09:13:30.000000000Z) has successfully loaded and registered with Filter Manager.",
            "winlog": {
                "process": {
                    "pid": 4,
                    "thread": {
                        "id": 8
                    }
                },
                "task": "None",
                "computer_name": "ROG",
                "provider_name": "Microsoft-Windows-FilterManager",
                "event_data": {
                    "FinalStatus": "0x0",
                    "DeviceName": "npsvctrig",
                    "DeviceVersionMinor": "0",
                    "DeviceNameLength": "9",
                    "DeviceVersionMajor": "10",
                    "DeviceTime": "1978-05-14T09:13:30.0000000Z"
                },
                "record_id": 204,
                "opcode": "Info",
                "event_id": "6",
                "channel": "System",
                "api": "wineventlog",
                "provider_guid": "{f3c5e28e-63f6-49c7-a204-e48a1bc4b09d}",
                "user": {
                    "name": "SYSTEM",
                    "domain": "NT AUTHORITY",
                    "type": "Well Known Group",
                    "identifier": "S-1-5-18"
                }
            },
            "event": {
                "action": "None",
                "provider": "Microsoft-Windows-FilterManager",
                "created": "2024-12-01T12:51:52.324Z",
                "code": "6",
                "kind": "event"
            },
            "@timestamp": "2024-12-01T17:40:21.547Z",
            "tags": [
                "beats_input_codec_plain_applied"
            ],
            "agent": {
                "type": "winlogbeat",
                "id": "7d8620cd-1507-4fa9-907e-5bc5403bedbf",
                "name": "ROG",
                "version": "8.16.1",
                "ephemeral_id": "8ede2d35-721e-4c5c-8e28-4487de3cedca"
            },
            "ecs": {
                "version": "8.0.0"
            }
        },
        {
            "@version": "1",
            "host": {
                "ip": [
                    "2405:201:500d:a80b:42ce:470:f50a:bbba",
                    "2405:201:500d:a80b:64f8:126a:6554:e9a3",
                    "fe80::b94f:3825:122a:8e76",
                    "192.168.29.177"
                ],
                "hostname": "ROG",
                "os": {
                    "build": "26100.1742",
                    "name": "Windows 11 Home",
                    "kernel": "10.0.26100.1742 (WinBuild.160101.0800)",
                    "version": "10.0",
                    "family": "windows",
                    "type": "windows",
                    "platform": "windows"
                },
                "name": "rog",
                "architecture": "x86_64",
                "mac": [
                    "08-00-27-BE-96-71"
                ],
                "id": "4375e56d-6ce4-4f97-8029-8e9c76e95afe"
            },
            "log": {
                "level": "information"
            },
            "message": "File System Filter 'FileCrypt' (10.0, ‎2075‎-‎08‎-‎31T22:07:07.000000000Z) has successfully loaded and registered with Filter Manager.",
            "event": {
                "provider": "Microsoft-Windows-FilterManager",
                "action": "None",
                "created": "2024-12-01T12:51:52.324Z",
                "code": "6",
                "kind": "event"
            },
            "winlog": {
                "process": {
                    "pid": 4,
                    "thread": {
                        "id": 8
                    }
                },
                "task": "None",
                "computer_name": "ROG",
                "provider_name": "Microsoft-Windows-FilterManager",
                "event_data": {
                    "FinalStatus": "0x0",
                    "DeviceName": "FileCrypt",
                    "DeviceVersionMinor": "0",
                    "DeviceNameLength": "9",
                    "DeviceVersionMajor": "10",
                    "DeviceTime": "2075-08-31T22:07:07.0000000Z"
                },
                "record_id": 203,
                "opcode": "Info",
                "event_id": "6",
                "channel": "System",
                "api": "wineventlog",
                "provider_guid": "{f3c5e28e-63f6-49c7-a204-e48a1bc4b09d}",
                "user": {
                    "name": "SYSTEM",
                    "domain": "NT AUTHORITY",
                    "type": "Well Known Group",
                    "identifier": "S-1-5-18"
                }
            },
            "@timestamp": "2024-12-01T17:40:21.296Z",
            "tags": [
                "beats_input_codec_plain_applied"
            ],
            "agent": {
                "ephemeral_id": "8ede2d35-721e-4c5c-8e28-4487de3cedca",
                "id": "7d8620cd-1507-4fa9-907e-5bc5403bedbf",
                "name": "ROG",
                "type": "winlogbeat",
                "version": "8.16.1"
            },
            "ecs": {
                "version": "8.0.0"
            }
        },
        {
            "@version": "1",
            "host": {
                "ip": [
                    "2405:201:500d:a80b:42ce:470:f50a:bbba",
                    "2405:201:500d:a80b:64f8:126a:6554:e9a3",
                    "fe80::b94f:3825:122a:8e76",
                    "192.168.29.177"
                ],
                "hostname": "ROG",
                "os": {
                    "build": "26100.1742",
                    "name": "Windows 11 Home",
                    "version": "10.0",
                    "kernel": "10.0.26100.1742 (WinBuild.160101.0800)",
                    "family": "windows",
                    "type": "windows",
                    "platform": "windows"
                },
                "name": "rog",
                "architecture": "x86_64",
                "mac": [
                    "08-00-27-BE-96-71"
                ],
                "id": "4375e56d-6ce4-4f97-8029-8e9c76e95afe"
            },
            "log": {
                "level": "information"
            },
            "message": "Volume C: (\\Device\\HarddiskVolume4) is healthy.  No action is needed.",
            "event": {
                "provider": "Microsoft-Windows-Ntfs",
                "action": "None",
                "created": "2024-12-01T12:51:52.324Z",
                "code": "98",
                "kind": "event"
            },
            "winlog": {
                "process": {
                    "pid": 4,
                    "thread": {
                        "id": 308
                    }
                },
                "task": "None",
                "computer_name": "ROG",
                "provider_name": "Microsoft-Windows-Ntfs",
                "event_data": {
                    "CorruptionActionState": "0",
                    "DeviceName": "\\Device\\HarddiskVolume4",
                    "DriveName": "C:"
                },
                "record_id": 202,
                "opcode": "Info",
                "event_id": "98",
                "keywords": [
                    "VolumeCorruptionActionStateChange"
                ],
                "channel": "System",
                "api": "wineventlog",
                "provider_guid": "{3ff37a1c-a68d-4d6e-8c9b-f79e8b16c482}",
                "user": {
                    "identifier": "S-1-5-18",
                    "domain": "NT AUTHORITY",
                    "name": "SYSTEM",
                    "type": "Well Known Group"
                }
            },
            "@timestamp": "2024-12-01T17:40:21.143Z",
            "tags": [
                "beats_input_codec_plain_applied"
            ],
            "agent": {
                "ephemeral_id": "8ede2d35-721e-4c5c-8e28-4487de3cedca",
                "id": "7d8620cd-1507-4fa9-907e-5bc5403bedbf",
                "name": "ROG",
                "type": "winlogbeat",
                "version": "8.16.1"
            },
            "ecs": {
                "version": "8.0.0"
            }
        },
        {
            "@version": "1",
            "host": {
                "ip": [
                    "2405:201:500d:a80b:42ce:470:f50a:bbba",
                    "2405:201:500d:a80b:64f8:126a:6554:e9a3",
                    "fe80::b94f:3825:122a:8e76",
                    "192.168.29.177"
                ],
                "hostname": "ROG",
                "os": {
                    "build": "26100.1742",
                    "name": "Windows 11 Home",
                    "version": "10.0",
                    "kernel": "10.0.26100.1742 (WinBuild.160101.0800)",
                    "family": "windows",
                    "type": "windows",
                    "platform": "windows"
                },
                "name": "rog",
                "architecture": "x86_64",
                "mac": [
                    "08-00-27-BE-96-71"
                ],
                "id": "4375e56d-6ce4-4f97-8029-8e9c76e95afe"
            },
            "log": {
                "level": "information"
            },
            "message": "File System Filter 'WdFilter' (10.0, ‎2047‎-‎04‎-‎29T00:32:56.000000000Z) has successfully loaded and registered with Filter Manager.",
            "winlog": {
                "process": {
                    "pid": 4,
                    "thread": {
                        "id": 8
                    }
                },
                "task": "None",
                "computer_name": "ROG",
                "provider_name": "Microsoft-Windows-FilterManager",
                "event_data": {
                    "FinalStatus": "0x0",
                    "DeviceName": "WdFilter",
                    "DeviceVersionMinor": "0",
                    "DeviceNameLength": "8",
                    "DeviceVersionMajor": "10",
                    "DeviceTime": "2047-04-29T00:32:56.0000000Z"
                },
                "record_id": 201,
                "opcode": "Info",
                "event_id": "6",
                "channel": "System",
                "api": "wineventlog",
                "provider_guid": "{f3c5e28e-63f6-49c7-a204-e48a1bc4b09d}",
                "user": {
                    "type": "Well Known Group",
                    "domain": "NT AUTHORITY",
                    "identifier": "S-1-5-18",
                    "name": "SYSTEM"
                }
            },
            "event": {
                "provider": "Microsoft-Windows-FilterManager",
                "action": "None",
                "kind": "event",
                "created": "2024-12-01T12:51:52.320Z",
                "code": "6"
            },
            "@timestamp": "2024-12-01T17:40:21.004Z",
            "tags": [
                "beats_input_codec_plain_applied"
            ],
            "agent": {
                "ephemeral_id": "8ede2d35-721e-4c5c-8e28-4487de3cedca",
                "id": "7d8620cd-1507-4fa9-907e-5bc5403bedbf",
                "name": "ROG",
                "type": "winlogbeat",
                "version": "8.16.1"
            },
            "ecs": {
                "version": "8.0.0"
            }
        },
        {
            "@version": "1",
            "host": {
                "ip": [
                    "2405:201:500d:a80b:42ce:470:f50a:bbba",
                    "2405:201:500d:a80b:64f8:126a:6554:e9a3",
                    "fe80::b94f:3825:122a:8e76",
                    "192.168.29.177"
                ],
                "hostname": "ROG",
                "os": {
                    "build": "26100.1742",
                    "kernel": "10.0.26100.1742 (WinBuild.160101.0800)",
                    "version": "10.0",
                    "name": "Windows 11 Home",
                    "family": "windows",
                    "type": "windows",
                    "platform": "windows"
                },
                "name": "rog",
                "architecture": "x86_64",
                "mac": [
                    "08-00-27-BE-96-71"
                ],
                "id": "4375e56d-6ce4-4f97-8029-8e9c76e95afe"
            },
            "log": {
                "level": "information"
            },
            "message": "File System Filter 'Wof' (10.0, ‎2095‎-‎03‎-‎20T17:51:08.000000000Z) has successfully loaded and registered with Filter Manager.",
            "winlog": {
                "process": {
                    "pid": 4,
                    "thread": {
                        "id": 8
                    }
                },
                "task": "None",
                "computer_name": "ROG",
                "event_data": {
                    "FinalStatus": "0x0",
                    "DeviceName": "Wof",
                    "DeviceVersionMinor": "0",
                    "DeviceNameLength": "3",
                    "DeviceVersionMajor": "10",
                    "DeviceTime": "2095-03-20T17:51:08.0000000Z"
                },
                "provider_name": "Microsoft-Windows-FilterManager",
                "record_id": 200,
                "opcode": "Info",
                "event_id": "6",
                "channel": "System",
                "api": "wineventlog",
                "provider_guid": "{f3c5e28e-63f6-49c7-a204-e48a1bc4b09d}",
                "user": {
                    "domain": "NT AUTHORITY",
                    "name": "SYSTEM",
                    "type": "Well Known Group",
                    "identifier": "S-1-5-18"
                }
            },
            "event": {
                "provider": "Microsoft-Windows-FilterManager",
                "action": "None",
                "code": "6",
                "kind": "event",
                "created": "2024-12-01T12:51:52.022Z"
            },
            "@timestamp": "2024-12-01T17:40:21.003Z",
            "tags": [
                "beats_input_codec_plain_applied"
            ],
            "agent": {
                "version": "8.16.1",
                "id": "7d8620cd-1507-4fa9-907e-5bc5403bedbf",
                "name": "ROG",
                "type": "winlogbeat",
                "ephemeral_id": "8ede2d35-721e-4c5c-8e28-4487de3cedca"
            },
            "ecs": {
                "version": "8.0.0"
            }
        },
        {
            "@version": "1",
            "host": {
                "ip": [
                    "2405:201:500d:a80b:42ce:470:f50a:bbba",
                    "2405:201:500d:a80b:64f8:126a:6554:e9a3",
                    "fe80::b94f:3825:122a:8e76",
                    "192.168.29.177"
                ],
                "hostname": "ROG",
                "os": {
                    "build": "26100.1742",
                    "name": "Windows 11 Home",
                    "version": "10.0",
                    "kernel": "10.0.26100.1742 (WinBuild.160101.0800)",
                    "family": "windows",
                    "type": "windows",
                    "platform": "windows"
                },
                "name": "rog",
                "architecture": "x86_64",
                "mac": [
                    "08-00-27-BE-96-71"
                ],
                "id": "4375e56d-6ce4-4f97-8029-8e9c76e95afe"
            },
            "log": {
                "level": "information"
            },
            "message": "File System Filter 'FileInfo' (10.0, ‎2093‎-‎04‎-‎02T01:29:43.000000000Z) has successfully loaded and registered with Filter Manager.",
            "winlog": {
                "process": {
                    "pid": 4,
                    "thread": {
                        "id": 8
                    }
                },
                "task": "None",
                "computer_name": "ROG",
                "event_data": {
                    "DeviceTime": "2093-04-02T01:29:43.0000000Z",
                    "DeviceName": "FileInfo",
                    "DeviceVersionMinor": "0",
                    "DeviceNameLength": "8",
                    "DeviceVersionMajor": "10",
                    "FinalStatus": "0x0"
                },
                "provider_name": "Microsoft-Windows-FilterManager",
                "record_id": 199,
                "opcode": "Info",
                "event_id": "6",
                "channel": "System",
                "api": "wineventlog",
                "provider_guid": "{f3c5e28e-63f6-49c7-a204-e48a1bc4b09d}",
                "user": {
                    "domain": "NT AUTHORITY",
                    "name": "SYSTEM",
                    "type": "Well Known Group",
                    "identifier": "S-1-5-18"
                }
            },
            "event": {
                "provider": "Microsoft-Windows-FilterManager",
                "action": "None",
                "created": "2024-12-01T12:51:52.022Z",
                "code": "6",
                "kind": "event"
            },
            "@timestamp": "2024-12-01T17:40:21.002Z",
            "tags": [
                "beats_input_codec_plain_applied"
            ],
            "agent": {
                "ephemeral_id": "8ede2d35-721e-4c5c-8e28-4487de3cedca",
                "id": "7d8620cd-1507-4fa9-907e-5bc5403bedbf",
                "name": "ROG",
                "type": "winlogbeat",
                "version": "8.16.1"
            },
            "ecs": {
                "version": "8.0.0"
            }
        },
        {
            "@version": "1",
            "host": {
                "ip": [
                    "2405:201:500d:a80b:42ce:470:f50a:bbba",
                    "2405:201:500d:a80b:64f8:126a:6554:e9a3",
                    "fe80::b94f:3825:122a:8e76",
                    "192.168.29.177"
                ],
                "hostname": "ROG",
                "os": {
                    "build": "26100.1742",
                    "name": "Windows 11 Home",
                    "kernel": "10.0.26100.1742 (WinBuild.160101.0800)",
                    "version": "10.0",
                    "family": "windows",
                    "type": "windows",
                    "platform": "windows"
                },
                "name": "rog",
                "architecture": "x86_64",
                "mac": [
                    "08-00-27-BE-96-71"
                ],
                "id": "4375e56d-6ce4-4f97-8029-8e9c76e95afe"
            },
            "log": {
                "level": "information"
            },
            "message": "IOMMU fault reporting has been initialized.",
            "winlog": {
                "process": {
                    "pid": 4,
                    "thread": {
                        "id": 8
                    }
                },
                "task": "None",
                "computer_name": "ROG",
                "provider_name": "Microsoft-Windows-HAL",
                "record_id": 198,
                "opcode": "Info",
                "event_id": "16",
                "channel": "System",
                "api": "wineventlog",
                "provider_guid": "{63d1e632-95cc-4443-9312-af927761d52a}",
                "user": {
                    "name": "SYSTEM",
                    "domain": "NT AUTHORITY",
                    "type": "Well Known Group",
                    "identifier": "S-1-5-18"
                }
            },
            "event": {
                "provider": "Microsoft-Windows-HAL",
                "action": "None",
                "created": "2024-12-01T12:51:52.022Z",
                "code": "16",
                "kind": "event"
            },
            "@timestamp": "2024-12-01T17:40:20.852Z",
            "tags": [
                "beats_input_codec_plain_applied"
            ],
            "agent": {
                "type": "winlogbeat",
                "id": "7d8620cd-1507-4fa9-907e-5bc5403bedbf",
                "name": "ROG",
                "version": "8.16.1",
                "ephemeral_id": "8ede2d35-721e-4c5c-8e28-4487de3cedca"
            },
            "ecs": {
                "version": "8.0.0"
            }
        },
        {
            "@version": "1",
            "host": {
                "ip": [
                    "2405:201:500d:a80b:42ce:470:f50a:bbba",
                    "2405:201:500d:a80b:64f8:126a:6554:e9a3",
                    "fe80::b94f:3825:122a:8e76",
                    "192.168.29.177"
                ],
                "os": {
                    "build": "26100.1742",
                    "name": "Windows 11 Home",
                    "version": "10.0",
                    "kernel": "10.0.26100.1742 (WinBuild.160101.0800)",
                    "family": "windows",
                    "type": "windows",
                    "platform": "windows"
                },
                "hostname": "ROG",
                "name": "rog",
                "architecture": "x86_64",
                "mac": [
                    "08-00-27-BE-96-71"
                ],
                "id": "4375e56d-6ce4-4f97-8029-8e9c76e95afe"
            },
            "log": {
                "level": "information"
            },
            "message": "The leap second configuration has been updated.\nReason: Leap second data initialized from registry during boot\nLeap seconds enabled: true\nNew leap second count: 0\nOld leap second count: 0",
            "winlog": {
                "process": {
                    "pid": 4,
                    "thread": {
                        "id": 8
                    }
                },
                "task": "LeapSecondDataUpdate",
                "computer_name": "ROG",
                "event_data": {
                    "CountOld": "0",
                    "CountNew": "0",
                    "UpdateReason": "0",
                    "EnabledNew": "true"
                },
                "provider_name": "Microsoft-Windows-Kernel-General",
                "record_id": 197,
                "opcode": "Info",
                "keywords": [
                    "Time"
                ],
                "channel": "System",
                "event_id": "20",
                "api": "wineventlog",
                "provider_guid": "{a68ca8b7-004f-d7b6-a698-07e2de0f1f5d}",
                "user": {
                    "identifier": "S-1-5-18",
                    "domain": "NT AUTHORITY",
                    "name": "SYSTEM",
                    "type": "Well Known Group"
                }
            },
            "event": {
                "provider": "Microsoft-Windows-Kernel-General",
                "action": "LeapSecondDataUpdate",
                "created": "2024-12-01T12:51:52.022Z",
                "code": "20",
                "kind": "event"
            },
            "@timestamp": "2024-12-01T17:40:20.820Z",
            "tags": [
                "beats_input_codec_plain_applied"
            ],
            "agent": {
                "type": "winlogbeat",
                "id": "7d8620cd-1507-4fa9-907e-5bc5403bedbf",
                "name": "ROG",
                "version": "8.16.1",
                "ephemeral_id": "8ede2d35-721e-4c5c-8e28-4487de3cedca"
            },
            "ecs": {
                "version": "8.0.0"
            }
        },
        {
            "@version": "1",
            "host": {
                "ip": [
                    "2405:201:500d:a80b:42ce:470:f50a:bbba",
                    "2405:201:500d:a80b:64f8:126a:6554:e9a3",
                    "fe80::b94f:3825:122a:8e76",
                    "192.168.29.177"
                ],
                "hostname": "ROG",
                "os": {
                    "build": "26100.1742",
                    "kernel": "10.0.26100.1742 (WinBuild.160101.0800)",
                    "version": "10.0",
                    "name": "Windows 11 Home",
                    "family": "windows",
                    "type": "windows",
                    "platform": "windows"
                },
                "name": "rog",
                "architecture": "x86_64",
                "mac": [
                    "08-00-27-BE-96-71"
                ],
                "id": "4375e56d-6ce4-4f97-8029-8e9c76e95afe"
            },
            "log": {
                "level": "information"
            },
            "message": "The operating system started at system time ‎2024‎-‎12‎-‎01T17:40:20.500000000Z.",
            "event": {
                "action": "SystemStart",
                "provider": "Microsoft-Windows-Kernel-General",
                "created": "2024-12-01T12:51:52.022Z",
                "code": "12",
                "kind": "event"
            },
            "winlog": {
                "process": {
                    "pid": 4,
                    "thread": {
                        "id": 8
                    }
                },
                "task": "SystemStart",
                "computer_name": "ROG",
                "event_data": {
                    "QfeVersion": "1742",
                    "MinorVersion": "0",
                    "ServiceVersion": "0",
                    "BootMode": "0",
                    "BuildVersion": "26100",
                    "MajorVersion": "10",
                    "StartTime": "2024-12-01T17:40:20.5000000Z"
                },
                "provider_name": "Microsoft-Windows-Kernel-General",
                "record_id": 187,
                "opcode": "Info",
                "keywords": [
                    "BootPerformance"
                ],
                "channel": "System",
                "event_id": "12",
                "api": "wineventlog",
                "provider_guid": "{a68ca8b7-004f-d7b6-a698-07e2de0f1f5d}",
                "user": {
                    "name": "SYSTEM",
                    "domain": "NT AUTHORITY",
                    "type": "Well Known Group",
                    "identifier": "S-1-5-18"
                }
            },
            "@timestamp": "2024-12-01T17:40:20.816Z",
            "tags": [
                "beats_input_codec_plain_applied"
            ],
            "agent": {
                "type": "winlogbeat",
                "id": "7d8620cd-1507-4fa9-907e-5bc5403bedbf",
                "name": "ROG",
                "version": "8.16.1",
                "ephemeral_id": "8ede2d35-721e-4c5c-8e28-4487de3cedca"
            },
            "ecs": {
                "version": "8.0.0"
            }
        },
        {
            "@version": "1",
            "host": {
                "ip": [
                    "2405:201:500d:a80b:42ce:470:f50a:bbba",
                    "2405:201:500d:a80b:64f8:126a:6554:e9a3",
                    "fe80::b94f:3825:122a:8e76",
                    "192.168.29.177"
                ],
                "hostname": "ROG",
                "os": {
                    "build": "26100.1742",
                    "name": "Windows 11 Home",
                    "version": "10.0",
                    "kernel": "10.0.26100.1742 (WinBuild.160101.0800)",
                    "family": "windows",
                    "type": "windows",
                    "platform": "windows"
                },
                "name": "rog",
                "architecture": "x86_64",
                "mac": [
                    "08-00-27-BE-96-71"
                ],
                "id": "4375e56d-6ce4-4f97-8029-8e9c76e95afe"
            },
            "log": {
                "level": "information"
            },
            "message": "The system time was initialized to ‎2024‎-‎12‎-‎01T17:40:20.500000000Z. \n\nLoader time: ‎2024‎-‎12‎-‎01T17:40:19.000000000Z\nInternal boot flags: 0x2\nHAL RTC error code: 0x0\nRTC time is in UTC: false\nSoft boot: false\nSuccess: true\nPhase: 0",
            "winlog": {
                "process": {
                    "pid": 4,
                    "thread": {
                        "id": 8
                    }
                },
                "task": "BootSystemTime",
                "computer_name": "ROG",
                "event_data": {
                    "Success": "true",
                    "Phase": "0",
                    "IsSoftBoot": "false",
                    "SystemTime": "2024-12-01T17:40:20.5000000Z",
                    "RealTimeIsUniversal": "false",
                    "InternalBootFlags": "2",
                    "HalRtcErrorCode": "0",
                    "LoaderTime": "2024-12-01T17:40:19.0000000Z"
                },
                "provider_name": "Microsoft-Windows-Kernel-General",
                "record_id": 188,
                "opcode": "Info",
                "event_id": "25",
                "channel": "System",
                "keywords": [
                    "Time"
                ],
                "api": "wineventlog",
                "provider_guid": "{a68ca8b7-004f-d7b6-a698-07e2de0f1f5d}",
                "user": {
                    "name": "SYSTEM",
                    "domain": "NT AUTHORITY",
                    "type": "Well Known Group",
                    "identifier": "S-1-5-18"
                }
            },
            "event": {
                "provider": "Microsoft-Windows-Kernel-General",
                "action": "BootSystemTime",
                "code": "25",
                "kind": "event",
                "created": "2024-12-01T12:51:52.022Z"
            },
            "@timestamp": "2024-12-01T17:40:20.816Z",
            "tags": [
                "beats_input_codec_plain_applied"
            ],
            "agent": {
                "version": "8.16.1",
                "id": "7d8620cd-1507-4fa9-907e-5bc5403bedbf",
                "name": "ROG",
                "type": "winlogbeat",
                "ephemeral_id": "8ede2d35-721e-4c5c-8e28-4487de3cedca"
            },
            "ecs": {
                "version": "8.0.0"
            }
        },
        {
            "@version": "1",
            "host": {
                "ip": [
                    "2405:201:500d:a80b:42ce:470:f50a:bbba",
                    "2405:201:500d:a80b:64f8:126a:6554:e9a3",
                    "fe80::b94f:3825:122a:8e76",
                    "192.168.29.177"
                ],
                "hostname": "ROG",
                "os": {
                    "build": "26100.1742",
                    "name": "Windows 11 Home",
                    "version": "10.0",
                    "kernel": "10.0.26100.1742 (WinBuild.160101.0800)",
                    "family": "windows",
                    "type": "windows",
                    "platform": "windows"
                },
                "name": "rog",
                "architecture": "x86_64",
                "mac": [
                    "08-00-27-BE-96-71"
                ],
                "id": "4375e56d-6ce4-4f97-8029-8e9c76e95afe"
            },
            "log": {
                "level": "information"
            },
            "message": "Virtualization-based security (policies: 0) is disabled.",
            "event": {
                "provider": "Microsoft-Windows-Kernel-Boot",
                "action": "VsmPolicyEnablement",
                "created": "2024-12-01T12:51:52.022Z",
                "code": "153",
                "kind": "event"
            },
            "winlog": {
                "process": {
                    "pid": 4,
                    "thread": {
                        "id": 8
                    }
                },
                "task": "VsmPolicyEnablement",
                "computer_name": "ROG",
                "event_data": {
                    "VsmPolicy": "0",
                    "Status": "0",
                    "EnableDisableReason": "0"
                },
                "provider_name": "Microsoft-Windows-Kernel-Boot",
                "record_id": 189,
                "opcode": "Info",
                "event_id": "153",
                "channel": "System",
                "api": "wineventlog",
                "provider_guid": "{15ca44ff-4d7a-4baa-bba5-0998955e531e}",
                "user": {
                    "type": "Well Known Group",
                    "domain": "NT AUTHORITY",
                    "identifier": "S-1-5-18",
                    "name": "SYSTEM"
                }
            },
            "@timestamp": "2024-12-01T17:40:20.816Z",
            "tags": [
                "beats_input_codec_plain_applied"
            ],
            "agent": {
                "type": "winlogbeat",
                "id": "7d8620cd-1507-4fa9-907e-5bc5403bedbf",
                "name": "ROG",
                "version": "8.16.1",
                "ephemeral_id": "8ede2d35-721e-4c5c-8e28-4487de3cedca"
            },
            "ecs": {
                "version": "8.0.0"
            }
        },
        {
            "@version": "1",
            "host": {
                "ip": [
                    "2405:201:500d:a80b:42ce:470:f50a:bbba",
                    "2405:201:500d:a80b:64f8:126a:6554:e9a3",
                    "fe80::b94f:3825:122a:8e76",
                    "192.168.29.177"
                ],
                "os": {
                    "build": "26100.1742",
                    "name": "Windows 11 Home",
                    "version": "10.0",
                    "kernel": "10.0.26100.1742 (WinBuild.160101.0800)",
                    "family": "windows",
                    "type": "windows",
                    "platform": "windows"
                },
                "hostname": "ROG",
                "name": "rog",
                "architecture": "x86_64",
                "mac": [
                    "08-00-27-BE-96-71"
                ],
                "id": "4375e56d-6ce4-4f97-8029-8e9c76e95afe"
            },
            "log": {
                "level": "information"
            },
            "message": "The last shutdown's success status was true. The last boot's success status was true.",
            "winlog": {
                "process": {
                    "pid": 4,
                    "thread": {
                        "id": 8
                    }
                },
                "task": "DirtyBootShutdown",
                "computer_name": "ROG",
                "event_data": {
                    "LastShutdownGood": "true",
                    "LastBootGood": "true",
                    "LastBootId": "1",
                    "BootStatusPolicy": "2"
                },
                "provider_name": "Microsoft-Windows-Kernel-Boot",
                "record_id": 190,
                "version": 1,
                "opcode": "Info",
                "event_id": "20",
                "channel": "System",
                "api": "wineventlog",
                "provider_guid": "{15ca44ff-4d7a-4baa-bba5-0998955e531e}",
                "user": {
                    "type": "Well Known Group",
                    "domain": "NT AUTHORITY",
                    "identifier": "S-1-5-18",
                    "name": "SYSTEM"
                }
            },
            "event": {
                "action": "DirtyBootShutdown",
                "provider": "Microsoft-Windows-Kernel-Boot",
                "created": "2024-12-01T12:51:52.022Z",
                "code": "20",
                "kind": "event"
            },
            "@timestamp": "2024-12-01T17:40:20.816Z",
            "tags": [
                "beats_input_codec_plain_applied"
            ],
            "agent": {
                "type": "winlogbeat",
                "id": "7d8620cd-1507-4fa9-907e-5bc5403bedbf",
                "name": "ROG",
                "version": "8.16.1",
                "ephemeral_id": "8ede2d35-721e-4c5c-8e28-4487de3cedca"
            },
            "ecs": {
                "version": "8.0.0"
            }
        },
        {
            "@version": "1",
            "host": {
                "ip": [
                    "2405:201:500d:a80b:42ce:470:f50a:bbba",
                    "2405:201:500d:a80b:64f8:126a:6554:e9a3",
                    "fe80::b94f:3825:122a:8e76",
                    "192.168.29.177"
                ],
                "hostname": "ROG",
                "os": {
                    "build": "26100.1742",
                    "name": "Windows 11 Home",
                    "version": "10.0",
                    "kernel": "10.0.26100.1742 (WinBuild.160101.0800)",
                    "family": "windows",
                    "type": "windows",
                    "platform": "windows"
                },
                "name": "rog",
                "architecture": "x86_64",
                "mac": [
                    "08-00-27-BE-96-71"
                ],
                "id": "4375e56d-6ce4-4f97-8029-8e9c76e95afe"
            },
            "log": {
                "level": "information"
            },
            "message": "Unable to load Pluton-Windows firmware. StatusCode: STATUS_SUCCESS, Reason: Failed to apply firmware.",
            "event": {
                "provider": "Microsoft-Windows-Kernel-Boot",
                "action": "BootTpm",
                "kind": "event",
                "created": "2024-12-01T12:51:52.022Z",
                "code": "247"
            },
            "winlog": {
                "process": {
                    "pid": 4,
                    "thread": {
                        "id": 8
                    }
                },
                "task": "BootTpm",
                "computer_name": "ROG",
                "provider_name": "Microsoft-Windows-Kernel-Boot",
                "event_data": {
                    "Status": "0",
                    "FailureReason": "4"
                },
                "record_id": 191,
                "event_id": "247",
                "channel": "System",
                "api": "wineventlog",
                "provider_guid": "{15ca44ff-4d7a-4baa-bba5-0998955e531e}",
                "user": {
                    "name": "SYSTEM",
                    "domain": "NT AUTHORITY",
                    "type": "Well Known Group",
                    "identifier": "S-1-5-18"
                }
            },
            "@timestamp": "2024-12-01T17:40:20.816Z",
            "tags": [
                "beats_input_codec_plain_applied"
            ],
            "agent": {
                "type": "winlogbeat",
                "id": "7d8620cd-1507-4fa9-907e-5bc5403bedbf",
                "name": "ROG",
                "version": "8.16.1",
                "ephemeral_id": "8ede2d35-721e-4c5c-8e28-4487de3cedca"
            },
            "ecs": {
                "version": "8.0.0"
            }
        },
        {
            "@version": "1",
            "host": {
                "ip": [
                    "2405:201:500d:a80b:42ce:470:f50a:bbba",
                    "2405:201:500d:a80b:64f8:126a:6554:e9a3",
                    "fe80::b94f:3825:122a:8e76",
                    "192.168.29.177"
                ],
                "hostname": "ROG",
                "os": {
                    "build": "26100.1742",
                    "name": "Windows 11 Home",
                    "version": "10.0",
                    "kernel": "10.0.26100.1742 (WinBuild.160101.0800)",
                    "family": "windows",
                    "type": "windows",
                    "platform": "windows"
                },
                "name": "rog",
                "architecture": "x86_64",
                "mac": [
                    "08-00-27-BE-96-71"
                ],
                "id": "4375e56d-6ce4-4f97-8029-8e9c76e95afe"
            },
            "log": {
                "level": "information"
            },
            "message": "The boot type was 0x0.",
            "event": {
                "provider": "Microsoft-Windows-Kernel-Boot",
                "action": "BootType",
                "created": "2024-12-01T12:51:52.022Z",
                "code": "27",
                "kind": "event"
            },
            "winlog": {
                "process": {
                    "pid": 4,
                    "thread": {
                        "id": 8
                    }
                },
                "task": "BootType",
                "computer_name": "ROG",
                "event_data": {
                    "LoadOptions": " NOEXECUTE=OPTIN  FVEBOOT=2666496  NOVGA",
                    "BootType": "0"
                },
                "provider_name": "Microsoft-Windows-Kernel-Boot",
                "record_id": 194,
                "version": 1,
                "opcode": "Info",
                "event_id": "27",
                "channel": "System",
                "api": "wineventlog",
                "provider_guid": "{15ca44ff-4d7a-4baa-bba5-0998955e531e}",
                "user": {
                    "domain": "NT AUTHORITY",
                    "name": "SYSTEM",
                    "type": "Well Known Group",
                    "identifier": "S-1-5-18"
                }
            },
            "@timestamp": "2024-12-01T17:40:20.816Z",
            "tags": [
                "beats_input_codec_plain_applied"
            ],
            "agent": {
                "ephemeral_id": "8ede2d35-721e-4c5c-8e28-4487de3cedca",
                "id": "7d8620cd-1507-4fa9-907e-5bc5403bedbf",
                "name": "ROG",
                "type": "winlogbeat",
                "version": "8.16.1"
            },
            "ecs": {
                "version": "8.0.0"
            }
        },
        {
            "@version": "1",
            "host": {
                "ip": [
                    "2405:201:500d:a80b:42ce:470:f50a:bbba",
                    "2405:201:500d:a80b:64f8:126a:6554:e9a3",
                    "fe80::b94f:3825:122a:8e76",
                    "192.168.29.177"
                ],
                "os": {
                    "build": "26100.1742",
                    "name": "Windows 11 Home",
                    "version": "10.0",
                    "kernel": "10.0.26100.1742 (WinBuild.160101.0800)",
                    "family": "windows",
                    "type": "windows",
                    "platform": "windows"
                },
                "hostname": "ROG",
                "name": "rog",
                "architecture": "x86_64",
                "mac": [
                    "08-00-27-BE-96-71"
                ],
                "id": "4375e56d-6ce4-4f97-8029-8e9c76e95afe"
            },
            "log": {
                "level": "information"
            },
            "winlog": {
                "process": {
                    "pid": 4,
                    "thread": {
                        "id": 8
                    }
                },
                "task": "EfiTimeZoneInformation",
                "computer_name": "ROG",
                "provider_name": "Microsoft-Windows-Kernel-Boot",
                "event_data": {
                    "EfiDaylightFlags": "0",
                    "EfiTimeZoneBias": "2047",
                    "EfiTime": "2024-12-01T17:40:19.0000000Z"
                },
                "record_id": 192,
                "version": 1,
                "opcode": "Info",
                "event_id": "238",
                "channel": "System",
                "api": "wineventlog",
                "provider_guid": "{15ca44ff-4d7a-4baa-bba5-0998955e531e}",
                "user": {
                    "type": "Well Known Group",
                    "domain": "NT AUTHORITY",
                    "identifier": "S-1-5-18",
                    "name": "SYSTEM"
                }
            },
            "message": "EFI time zone bias: 2047. Daylight flags: 0. Firmware time: ‎2024‎-‎12‎-‎01T17:40:19.000000000Z.",
            "event": {
                "provider": "Microsoft-Windows-Kernel-Boot",
                "action": "EfiTimeZoneInformation",
                "code": "238",
                "kind": "event",
                "created": "2024-12-01T12:51:52.022Z"
            },
            "@timestamp": "2024-12-01T17:40:20.816Z",
            "tags": [
                "beats_input_codec_plain_applied"
            ],
            "agent": {
                "ephemeral_id": "8ede2d35-721e-4c5c-8e28-4487de3cedca",
                "id": "7d8620cd-1507-4fa9-907e-5bc5403bedbf",
                "name": "ROG",
                "type": "winlogbeat",
                "version": "8.16.1"
            },
            "ecs": {
                "version": "8.0.0"
            }
        },
        {
            "@version": "1",
            "host": {
                "ip": [
                    "2405:201:500d:a80b:42ce:470:f50a:bbba",
                    "2405:201:500d:a80b:64f8:126a:6554:e9a3",
                    "fe80::b94f:3825:122a:8e76",
                    "192.168.29.177"
                ],
                "os": {
                    "build": "26100.1742",
                    "kernel": "10.0.26100.1742 (WinBuild.160101.0800)",
                    "version": "10.0",
                    "name": "Windows 11 Home",
                    "family": "windows",
                    "type": "windows",
                    "platform": "windows"
                },
                "hostname": "ROG",
                "name": "rog",
                "architecture": "x86_64",
                "mac": [
                    "08-00-27-BE-96-71"
                ],
                "id": "4375e56d-6ce4-4f97-8029-8e9c76e95afe"
            },
            "log": {
                "level": "information"
            },
            "message": "The boot menu policy was 0x1.",
            "event": {
                "provider": "Microsoft-Windows-Kernel-Boot",
                "action": "BootMenuPolicy",
                "created": "2024-12-01T12:51:52.022Z",
                "code": "25",
                "kind": "event"
            },
            "winlog": {
                "process": {
                    "pid": 4,
                    "thread": {
                        "id": 8
                    }
                },
                "task": "BootMenuPolicy",
                "computer_name": "ROG",
                "event_data": {
                    "BootMenuPolicy": "1"
                },
                "provider_name": "Microsoft-Windows-Kernel-Boot",
                "record_id": 193,
                "opcode": "Info",
                "event_id": "25",
                "channel": "System",
                "api": "wineventlog",
                "provider_guid": "{15ca44ff-4d7a-4baa-bba5-0998955e531e}",
                "user": {
                    "type": "Well Known Group",
                    "domain": "NT AUTHORITY",
                    "identifier": "S-1-5-18",
                    "name": "SYSTEM"
                }
            },
            "@timestamp": "2024-12-01T17:40:20.816Z",
            "tags": [
                "beats_input_codec_plain_applied"
            ],
            "agent": {
                "type": "winlogbeat",
                "id": "7d8620cd-1507-4fa9-907e-5bc5403bedbf",
                "name": "ROG",
                "version": "8.16.1",
                "ephemeral_id": "8ede2d35-721e-4c5c-8e28-4487de3cedca"
            },
            "ecs": {
                "version": "8.0.0"
            }
        },
