        {
            "@version": "1",
            "host": {
                "ip": [
                    "2405:201:500d:a80b:42ce:470:f50a:bbba",
                    "2405:201:500d:a80b:64f8:126a:6554:e9a3",
                    "fe80::b94f:3825:122a:8e76",
                    "192.168.29.177"
                ],
                "os": {
                    "build": "26100.1742",
                    "name": "Windows 11 Home",
                    "version": "10.0",
                    "kernel": "10.0.26100.1742 (WinBuild.160101.0800)",
                    "family": "windows",
                    "type": "windows",
                    "platform": "windows"
                },
                "hostname": "ROG",
                "name": "rog",
                "architecture": "x86_64",
                "mac": [
                    "08-00-27-BE-96-71"
                ],
                "id": "4375e56d-6ce4-4f97-8029-8e9c76e95afe"
            },
            "log": {
                "level": "information"
            },
            "message": "An account was successfully logged on.\n\nSubject:\n\tSecurity ID:\t\tS-1-5-18\n\tAccount Name:\t\tROG$\n\tAccount Domain:\t\tWORKGROUP\n\tLogon ID:\t\t0x3E7\n\nLogon Information:\n\tLogon Type:\t\t2\n\tRestricted Admin Mode:\t-\n\tRemote Credential Guard:\t-\n\tVirtual Account:\t\tYes\n\tElevated Token:\t\tNo\n\nImpersonation Level:\t\tImpersonation\n\nNew Logon:\n\tSecurity ID:\t\tS-1-5-96-0-1\n\tAccount Name:\t\tUMFD-1\n\tAccount Domain:\t\tFont Driver Host\n\tLogon ID:\t\t0x7D3B\n\tLinked Logon ID:\t\t0x0\n\tNetwork Account Name:\t-\n\tNetwork Account Domain:\t-\n\tLogon GUID:\t\t{00000000-0000-0000-0000-000000000000}\n\nProcess Information:\n\tProcess ID:\t\t0x378\n\tProcess Name:\t\tC:\\Windows\\System32\\winlogon.exe\n\nNetwork Information:\n\tWorkstation Name:\t-\n\tSource Network Address:\t-\n\tSource Port:\t\t-\n\nDetailed Authentication Information:\n\tLogon Process:\t\tAdvapi  \n\tAuthentication Package:\tNegotiate\n\tTransited Services:\t-\n\tPackage Name (NTLM only):\t-\n\tKey Length:\t\t0\n\nThis event is generated when a logon session is created. It is generated on the computer that was accessed.\n\nThe subject fields indicate the account on the local system which requested the logon. This is most commonly a service such as the Server service, or a local process such as Winlogon.exe or Services.exe.\n\nThe logon type field indicates the kind of logon that occurred. The most common types are 2 (interactive) and 3 (network).\n\nThe New Logon fields indicate the account for whom the new logon was created, i.e. the account that was logged on.\n\nThe network fields indicate where a remote logon request originated. Workstation name is not always available and may be left blank in some cases.\n\nThe impersonation level field indicates the extent to which a process in the logon session can impersonate.\n\nThe authentication information fields provide detailed information about this specific logon request.\n\t- Logon GUID is a unique identifier that can be used to correlate this event with a KDC event.\n\t- Transited services indicate which intermediate services have participated in this logon request.\n\t- Package name indicates which sub-protocol was used among the NTLM protocols.\n\t- Key length indicates the length of the generated session key. This will be 0 if no session key was requested.",
            "event": {
                "provider": "Microsoft-Windows-Security-Auditing",
                "code": "4624",
                "outcome": "success",
                "created": "2024-12-01T12:51:52.086Z",
                "action": "Process Creation",
                "kind": "event"
            },
            "winlog": {
                "process": {
                    "pid": 980,
                    "thread": {
                        "id": 504
                    }
                },
                "task": "Process Creation",
                "computer_name": "ROG",
                "event_data": {
                    "KeyLength": "0",
                    "LmPackageName": "-",
                    "TargetOutboundUserName": "-",
                    "TransmittedServices": "-",
                    "TargetLinkedLogonId": "0x0",
                    "TargetUserSid": "S-1-5-96-0-1",
                    "SubjectLogonId": "0x3e7",
                    "LogonGuid": "{00000000-0000-0000-0000-000000000000}",
                    "SubjectUserName": "ROG$",
                    "ProcessName": "C:\\Windows\\System32\\winlogon.exe",
                    "ElevatedToken": "%%1843",
                    "ImpersonationLevel": "%%1833",
                    "TargetDomainName": "Font Driver Host",
                    "TargetLogonId": "0x7d3b",
                    "TargetOutboundDomainName": "-",
                    "AuthenticationPackageName": "Negotiate",
                    "SubjectDomainName": "WORKGROUP",
                    "ProcessId": "0x378",
                    "RemoteCredentialGuard": "-",
                    "IpPort": "-",
                    "WorkstationName": "-",
                    "SubjectUserSid": "S-1-5-18",
                    "LogonType": "2",
                    "LogonProcessName": "Advapi  ",
                    "IpAddress": "-",
                    "RestrictedAdminMode": "-",
                    "TargetUserName": "UMFD-1",
                    "VirtualAccount": "%%1842"
                },
                "provider_name": "Microsoft-Windows-Security-Auditing",
                "record_id": 218,
                "version": 3,
                "opcode": "Info",
                "event_id": "4624",
                "keywords": [
                    "Audit Success"
                ],
                "channel": "Security",
                "activity_id": "{17dd9303-4418-0002-a593-dd171844db01}",
                "api": "wineventlog",
                "provider_guid": "{54849625-5478-4994-a5ba-3e3b0328c30d}"
            },
            "@timestamp": "2024-12-01T17:40:24.257Z",
            "tags": [
                "beats_input_codec_plain_applied"
            ],
            "agent": {
                "type": "winlogbeat",
                "id": "7d8620cd-1507-4fa9-907e-5bc5403bedbf",
                "name": "ROG",
                "version": "8.16.1",
                "ephemeral_id": "8ede2d35-721e-4c5c-8e28-4487de3cedca"
            },
            "ecs": {
                "version": "8.0.0"
            }
        },
        {
            "@version": "1",
            "host": {
                "ip": [
                    "2405:201:500d:a80b:42ce:470:f50a:bbba",
                    "2405:201:500d:a80b:64f8:126a:6554:e9a3",
                    "fe80::b94f:3825:122a:8e76",
                    "192.168.29.177"
                ],
                "hostname": "ROG",
                "os": {
                    "build": "26100.1742",
                    "name": "Windows 11 Home",
                    "version": "10.0",
                    "kernel": "10.0.26100.1742 (WinBuild.160101.0800)",
                    "family": "windows",
                    "type": "windows",
                    "platform": "windows"
                },
                "name": "rog",
                "architecture": "x86_64",
                "mac": [
                    "08-00-27-BE-96-71"
                ],
                "id": "4375e56d-6ce4-4f97-8029-8e9c76e95afe"
            },
            "log": {
                "level": "information"
            },
            "message": "The domain is configured with the following minimum password length-related settings.\n\nMinimumPasswordLength: 0\n\nRelaxMinimumPasswordLengthLimits: 0\n\nMinimumPasswordLengthAudit: -1\n\nFor more information see https://go.microsoft.com/fwlink/?LinkId=2097191.",
            "winlog": {
                "process": {
                    "pid": 980,
                    "thread": {
                        "id": 984
                    }
                },
                "task": "None",
                "computer_name": "ROG",
                "event_data": {
                    "MinimumPasswordLengthAudit": "-1",
                    "MinimumPasswordLength": "0",
                    "RelaxMinimumPasswordLengthLimits": "0"
                },
                "provider_name": "Microsoft-Windows-Directory-Services-SAM",
                "record_id": 222,
                "opcode": "Info",
                "event_id": "16977",
                "channel": "System",
                "activity_id": "{17dd9303-4418-0002-a593-dd171844db01}",
                "api": "wineventlog",
                "provider_guid": "{0d4fdc09-8c27-494a-bda0-505e4fd8adae}",
                "user": {
                    "identifier": "S-1-5-18",
                    "domain": "NT AUTHORITY",
                    "name": "SYSTEM",
                    "type": "Well Known Group"
                }
            },
            "event": {
                "provider": "Microsoft-Windows-Directory-Services-SAM",
                "action": "None",
                "code": "16977",
                "kind": "event",
                "created": "2024-12-01T12:51:52.325Z"
            },
            "@timestamp": "2024-12-01T17:40:24.216Z",
            "tags": [
                "beats_input_codec_plain_applied"
            ],
            "agent": {
                "type": "winlogbeat",
                "id": "7d8620cd-1507-4fa9-907e-5bc5403bedbf",
                "name": "ROG",
                "version": "8.16.1",
                "ephemeral_id": "8ede2d35-721e-4c5c-8e28-4487de3cedca"
            },
            "ecs": {
                "version": "8.0.0"
            }
        },
        {
            "@version": "1",
            "host": {
                "ip": [
                    "2405:201:500d:a80b:42ce:470:f50a:bbba",
                    "2405:201:500d:a80b:64f8:126a:6554:e9a3",
                    "fe80::b94f:3825:122a:8e76",
                    "192.168.29.177"
                ],
                "hostname": "ROG",
                "os": {
                    "build": "26100.1742",
                    "name": "Windows 11 Home",
                    "version": "10.0",
                    "kernel": "10.0.26100.1742 (WinBuild.160101.0800)",
                    "family": "windows",
                    "type": "windows",
                    "platform": "windows"
                },
                "name": "rog",
                "architecture": "x86_64",
                "mac": [
                    "08-00-27-BE-96-71"
                ],
                "id": "4375e56d-6ce4-4f97-8029-8e9c76e95afe"
            },
            "log": {
                "level": "information"
            },
            "message": "The security account manager is now logging periodic summary events for remote clients that call legacy password change or set RPC methods.\n\nFor more information please see https://go.microsoft.com/fwlink/?linkid=2150956.",
            "event": {
                "provider": "Microsoft-Windows-Directory-Services-SAM",
                "action": "None",
                "created": "2024-12-01T12:51:52.325Z",
                "code": "16983",
                "kind": "event"
            },
            "winlog": {
                "process": {
                    "pid": 980,
                    "thread": {
                        "id": 984
                    }
                },
                "task": "None",
                "computer_name": "ROG",
                "provider_name": "Microsoft-Windows-Directory-Services-SAM",
                "record_id": 223,
                "opcode": "Info",
                "event_id": "16983",
                "channel": "System",
                "activity_id": "{17dd9303-4418-0002-a593-dd171844db01}",
                "api": "wineventlog",
                "provider_guid": "{0d4fdc09-8c27-494a-bda0-505e4fd8adae}",
                "user": {
                    "type": "Well Known Group",
                    "domain": "NT AUTHORITY",
                    "identifier": "S-1-5-18",
                    "name": "SYSTEM"
                }
            },
            "@timestamp": "2024-12-01T17:40:24.216Z",
            "tags": [
                "beats_input_codec_plain_applied"
            ],
            "agent": {
                "ephemeral_id": "8ede2d35-721e-4c5c-8e28-4487de3cedca",
                "id": "7d8620cd-1507-4fa9-907e-5bc5403bedbf",
                "name": "ROG",
                "type": "winlogbeat",
                "version": "8.16.1"
            },
            "ecs": {
                "version": "8.0.0"
            }
        },
        {
            "@version": "1",
            "host": {
                "ip": [
                    "2405:201:500d:a80b:42ce:470:f50a:bbba",
                    "2405:201:500d:a80b:64f8:126a:6554:e9a3",
                    "fe80::b94f:3825:122a:8e76",
                    "192.168.29.177"
                ],
                "hostname": "ROG",
                "os": {
                    "build": "26100.1742",
                    "name": "Windows 11 Home",
                    "kernel": "10.0.26100.1742 (WinBuild.160101.0800)",
                    "version": "10.0",
                    "family": "windows",
                    "type": "windows",
                    "platform": "windows"
                },
                "name": "rog",
                "architecture": "x86_64",
                "mac": [
                    "08-00-27-BE-96-71"
                ],
                "id": "4375e56d-6ce4-4f97-8029-8e9c76e95afe"
            },
            "log": {
                "level": "information"
            },
            "message": "Remote calls to the SAM database are being restricted using the default security descriptor: O:SYG:SYD:(A;;RC;;;BA).\nFor more information please see http://go.microsoft.com/fwlink/?LinkId=787651.",
            "winlog": {
                "process": {
                    "pid": 980,
                    "thread": {
                        "id": 984
                    }
                },
                "task": "None",
                "computer_name": "ROG",
                "event_data": {
                    "Default SD String:": "O:SYG:SYD:(A;;RC;;;BA)"
                },
                "provider_name": "Microsoft-Windows-Directory-Services-SAM",
                "record_id": 221,
                "opcode": "Info",
                "event_id": "16962",
                "channel": "System",
                "activity_id": "{17dd9303-4418-0002-a593-dd171844db01}",
                "api": "wineventlog",
                "provider_guid": "{0d4fdc09-8c27-494a-bda0-505e4fd8adae}",
                "user": {
                    "type": "Well Known Group",
                    "domain": "NT AUTHORITY",
                    "identifier": "S-1-5-18",
                    "name": "SYSTEM"
                }
            },
            "event": {
                "action": "None",
                "provider": "Microsoft-Windows-Directory-Services-SAM",
                "created": "2024-12-01T12:51:52.325Z",
                "code": "16962",
                "kind": "event"
            },
            "@timestamp": "2024-12-01T17:40:24.191Z",
            "tags": [
                "beats_input_codec_plain_applied"
            ],
            "agent": {
                "version": "8.16.1",
                "id": "7d8620cd-1507-4fa9-907e-5bc5403bedbf",
                "name": "ROG",
                "type": "winlogbeat",
                "ephemeral_id": "8ede2d35-721e-4c5c-8e28-4487de3cedca"
            },
            "ecs": {
                "version": "8.0.0"
            }
        },
        {
            "@version": "1",
            "host": {
                "ip": [
                    "2405:201:500d:a80b:42ce:470:f50a:bbba",
                    "2405:201:500d:a80b:64f8:126a:6554:e9a3",
                    "fe80::b94f:3825:122a:8e76",
                    "192.168.29.177"
                ],
                "os": {
                    "build": "26100.1742",
                    "name": "Windows 11 Home",
                    "kernel": "10.0.26100.1742 (WinBuild.160101.0800)",
                    "version": "10.0",
                    "family": "windows",
                    "type": "windows",
                    "platform": "windows"
                },
                "hostname": "ROG",
                "name": "rog",
                "architecture": "x86_64",
                "mac": [
                    "08-00-27-BE-96-71"
                ],
                "id": "4375e56d-6ce4-4f97-8029-8e9c76e95afe"
            },
            "log": {
                "level": "information"
            },
            "message": "The Per-user audit policy table was created.\n\nNumber of Elements:\t0\nPolicy ID:\t0x7AEE",
            "winlog": {
                "process": {
                    "pid": 980,
                    "thread": {
                        "id": 580
                    }
                },
                "task": "Process Creation",
                "computer_name": "ROG",
                "provider_name": "Microsoft-Windows-Security-Auditing",
                "event_data": {
                    "PuaPolicyId": "0x7aee",
                    "PuaCount": "0"
                },
                "record_id": 216,
                "opcode": "Info",
                "event_id": "4902",
                "keywords": [
                    "Audit Success"
                ],
                "channel": "Security",
                "api": "wineventlog",
                "provider_guid": "{54849625-5478-4994-a5ba-3e3b0328c30d}"
            },
            "event": {
                "provider": "Microsoft-Windows-Security-Auditing",
                "created": "2024-12-01T12:51:52.086Z",
                "code": "4902",
                "outcome": "success",
                "action": "Process Creation",
                "kind": "event"
            },
            "@timestamp": "2024-12-01T17:40:24.176Z",
            "tags": [
                "beats_input_codec_plain_applied"
            ],
            "agent": {
                "type": "winlogbeat",
                "id": "7d8620cd-1507-4fa9-907e-5bc5403bedbf",
                "name": "ROG",
                "version": "8.16.1",
                "ephemeral_id": "8ede2d35-721e-4c5c-8e28-4487de3cedca"
            },
            "ecs": {
                "version": "8.0.0"
            }
        },
        {
            "@version": "1",
            "host": {
                "ip": [
                    "2405:201:500d:a80b:42ce:470:f50a:bbba",
                    "2405:201:500d:a80b:64f8:126a:6554:e9a3",
                    "fe80::b94f:3825:122a:8e76",
                    "192.168.29.177"
                ],
                "hostname": "ROG",
                "os": {
                    "build": "26100.1742",
                    "name": "Windows 11 Home",
                    "version": "10.0",
                    "kernel": "10.0.26100.1742 (WinBuild.160101.0800)",
                    "family": "windows",
                    "type": "windows",
                    "platform": "windows"
                },
                "name": "rog",
                "architecture": "x86_64",
                "mac": [
                    "08-00-27-BE-96-71"
                ],
                "id": "4375e56d-6ce4-4f97-8029-8e9c76e95afe"
            },
            "log": {
                "level": "information"
            },
            "message": "An account was successfully logged on.\n\nSubject:\n\tSecurity ID:\t\tS-1-0-0\n\tAccount Name:\t\t-\n\tAccount Domain:\t\t-\n\tLogon ID:\t\t0x0\n\nLogon Information:\n\tLogon Type:\t\t0\n\tRestricted Admin Mode:\t-\n\tRemote Credential Guard:\t-\n\tVirtual Account:\t\tNo\n\tElevated Token:\t\tYes\n\nImpersonation Level:\t\t-\n\nNew Logon:\n\tSecurity ID:\t\tS-1-5-18\n\tAccount Name:\t\tSYSTEM\n\tAccount Domain:\t\tNT AUTHORITY\n\tLogon ID:\t\t0x3E7\n\tLinked Logon ID:\t\t0x0\n\tNetwork Account Name:\t-\n\tNetwork Account Domain:\t-\n\tLogon GUID:\t\t{00000000-0000-0000-0000-000000000000}\n\nProcess Information:\n\tProcess ID:\t\t0x4\n\tProcess Name:\t\t\n\nNetwork Information:\n\tWorkstation Name:\t-\n\tSource Network Address:\t-\n\tSource Port:\t\t-\n\nDetailed Authentication Information:\n\tLogon Process:\t\t-\n\tAuthentication Package:\t-\n\tTransited Services:\t-\n\tPackage Name (NTLM only):\t-\n\tKey Length:\t\t0\n\nThis event is generated when a logon session is created. It is generated on the computer that was accessed.\n\nThe subject fields indicate the account on the local system which requested the logon. This is most commonly a service such as the Server service, or a local process such as Winlogon.exe or Services.exe.\n\nThe logon type field indicates the kind of logon that occurred. The most common types are 2 (interactive) and 3 (network).\n\nThe New Logon fields indicate the account for whom the new logon was created, i.e. the account that was logged on.\n\nThe network fields indicate where a remote logon request originated. Workstation name is not always available and may be left blank in some cases.\n\nThe impersonation level field indicates the extent to which a process in the logon session can impersonate.\n\nThe authentication information fields provide detailed information about this specific logon request.\n\t- Logon GUID is a unique identifier that can be used to correlate this event with a KDC event.\n\t- Transited services indicate which intermediate services have participated in this logon request.\n\t- Package name indicates which sub-protocol was used among the NTLM protocols.\n\t- Key length indicates the length of the generated session key. This will be 0 if no session key was requested.",
            "winlog": {
                "process": {
                    "pid": 980,
                    "thread": {
                        "id": 984
                    }
                },
                "task": "Process Creation",
                "computer_name": "ROG",
                "provider_name": "Microsoft-Windows-Security-Auditing",
                "event_data": {
                    "KeyLength": "0",
                    "LmPackageName": "-",
                    "TargetOutboundUserName": "-",
                    "TransmittedServices": "-",
                    "TargetLinkedLogonId": "0x0",
                    "TargetUserSid": "S-1-5-18",
                    "SubjectLogonId": "0x0",
                    "LogonGuid": "{00000000-0000-0000-0000-000000000000}",
                    "SubjectUserName": "-",
                    "ElevatedToken": "%%1842",
                    "ImpersonationLevel": "-",
                    "TargetDomainName": "NT AUTHORITY",
                    "TargetLogonId": "0x3e7",
                    "TargetOutboundDomainName": "-",
                    "AuthenticationPackageName": "-",
                    "SubjectDomainName": "-",
                    "ProcessId": "0x4",
                    "RemoteCredentialGuard": "-",
                    "IpPort": "-",
                    "WorkstationName": "-",
                    "SubjectUserSid": "S-1-0-0",
                    "LogonType": "0",
                    "LogonProcessName": "-",
                    "IpAddress": "-",
                    "RestrictedAdminMode": "-",
                    "TargetUserName": "SYSTEM",
                    "VirtualAccount": "%%1843"
                },
                "record_id": 215,
                "version": 3,
                "opcode": "Info",
                "event_id": "4624",
                "keywords": [
                    "Audit Success"
                ],
                "channel": "Security",
                "api": "wineventlog",
                "provider_guid": "{54849625-5478-4994-a5ba-3e3b0328c30d}"
            },
            "event": {
                "provider": "Microsoft-Windows-Security-Auditing",
                "outcome": "success",
                "created": "2024-12-01T12:51:52.086Z",
                "code": "4624",
                "action": "Process Creation",
                "kind": "event"
            },
            "@timestamp": "2024-12-01T17:40:23.785Z",
            "tags": [
                "beats_input_codec_plain_applied"
            ],
            "agent": {
                "ephemeral_id": "8ede2d35-721e-4c5c-8e28-4487de3cedca",
                "id": "7d8620cd-1507-4fa9-907e-5bc5403bedbf",
                "name": "ROG",
                "type": "winlogbeat",
                "version": "8.16.1"
            },
            "ecs": {
                "version": "8.0.0"
            }
        },
        {
            "@version": "1",
            "host": {
                "ip": [
                    "2405:201:500d:a80b:42ce:470:f50a:bbba",
                    "2405:201:500d:a80b:64f8:126a:6554:e9a3",
                    "fe80::b94f:3825:122a:8e76",
                    "192.168.29.177"
                ],
                "hostname": "ROG",
                "os": {
                    "build": "26100.1742",
                    "name": "Windows 11 Home",
                    "version": "10.0",
                    "kernel": "10.0.26100.1742 (WinBuild.160101.0800)",
                    "family": "windows",
                    "type": "windows",
                    "platform": "windows"
                },
                "name": "rog",
                "architecture": "x86_64",
                "mac": [
                    "08-00-27-BE-96-71"
                ],
                "id": "4375e56d-6ce4-4f97-8029-8e9c76e95afe"
            },
            "log": {
                "level": "information"
            },
            "message": "Windows is starting up.\n\nThis event is logged when LSASS.EXE starts and the auditing subsystem is initialized.",
            "winlog": {
                "process": {
                    "pid": 980,
                    "thread": {
                        "id": 984
                    }
                },
                "task": "Process Creation",
                "computer_name": "ROG",
                "provider_name": "Microsoft-Windows-Security-Auditing",
                "record_id": 214,
                "opcode": "Info",
                "keywords": [
                    "Audit Success"
                ],
                "channel": "Security",
                "event_id": "4608",
                "api": "wineventlog",
                "provider_guid": "{54849625-5478-4994-a5ba-3e3b0328c30d}"
            },
            "event": {
                "provider": "Microsoft-Windows-Security-Auditing",
                "outcome": "success",
                "created": "2024-12-01T12:51:52.086Z",
                "code": "4608",
                "action": "Process Creation",
                "kind": "event"
            },
            "@timestamp": "2024-12-01T17:40:23.768Z",
            "tags": [
                "beats_input_codec_plain_applied"
            ],
            "agent": {
                "version": "8.16.1",
                "id": "7d8620cd-1507-4fa9-907e-5bc5403bedbf",
                "name": "ROG",
                "type": "winlogbeat",
                "ephemeral_id": "8ede2d35-721e-4c5c-8e28-4487de3cedca"
            },
            "ecs": {
                "version": "8.0.0"
            }
        },
        {
            "@version": "1",
            "host": {
                "ip": [
                    "2405:201:500d:a80b:42ce:470:f50a:bbba",
                    "2405:201:500d:a80b:64f8:126a:6554:e9a3",
                    "fe80::b94f:3825:122a:8e76",
                    "192.168.29.177"
                ],
                "hostname": "ROG",
                "os": {
                    "build": "26100.1742",
                    "name": "Windows 11 Home",
                    "kernel": "10.0.26100.1742 (WinBuild.160101.0800)",
                    "version": "10.0",
                    "family": "windows",
                    "type": "windows",
                    "platform": "windows"
                },
                "name": "rog",
                "architecture": "x86_64",
                "mac": [
                    "08-00-27-BE-96-71"
                ],
                "id": "4375e56d-6ce4-4f97-8029-8e9c76e95afe"
            },
            "log": {
                "level": "information"
            },
            "message": "The FIPS mode crypto selftests succeeded.\n\n\tProcess ID:\t\t0x3d4\n\tProcess Name:\t\tC:\\Windows\\System32\\lsass.exe",
            "winlog": {
                "process": {
                    "pid": 4,
                    "thread": {
                        "id": 312
                    }
                },
                "task": "Process Creation",
                "computer_name": "ROG",
                "event_data": {
                    "ProcessId": "0x3d4",
                    "ProcessName": "C:\\Windows\\System32\\lsass.exe"
                },
                "provider_name": "Microsoft-Windows-Security-Auditing",
                "record_id": 213,
                "opcode": "Info",
                "keywords": [
                    "Audit Success"
                ],
                "channel": "Security",
                "event_id": "6417",
                "api": "wineventlog",
                "provider_guid": "{54849625-5478-4994-a5ba-3e3b0328c30d}"
            },
            "event": {
                "provider": "Microsoft-Windows-Security-Auditing",
                "outcome": "success",
                "created": "2024-12-01T12:51:52.086Z",
                "code": "6417",
                "action": "Process Creation",
                "kind": "event"
            },
            "@timestamp": "2024-12-01T17:40:23.762Z",
            "tags": [
                "beats_input_codec_plain_applied"
            ],
            "agent": {
                "ephemeral_id": "8ede2d35-721e-4c5c-8e28-4487de3cedca",
                "id": "7d8620cd-1507-4fa9-907e-5bc5403bedbf",
                "name": "ROG",
                "type": "winlogbeat",
                "version": "8.16.1"
            },
            "ecs": {
                "version": "8.0.0"
            }
        },
        {
            "@version": "1",
            "host": {
                "ip": [
                    "2405:201:500d:a80b:42ce:470:f50a:bbba",
                    "2405:201:500d:a80b:64f8:126a:6554:e9a3",
                    "fe80::b94f:3825:122a:8e76",
                    "192.168.29.177"
                ],
                "hostname": "ROG",
                "os": {
                    "build": "26100.1742",
                    "name": "Windows 11 Home",
                    "version": "10.0",
                    "kernel": "10.0.26100.1742 (WinBuild.160101.0800)",
                    "family": "windows",
                    "type": "windows",
                    "platform": "windows"
                },
                "name": "rog",
                "architecture": "x86_64",
                "mac": [
                    "08-00-27-BE-96-71"
                ],
                "id": "4375e56d-6ce4-4f97-8029-8e9c76e95afe"
            },
            "log": {
                "level": "information"
            },
            "message": "Credential Guard auto enablement status.\n\nHardware Requirements for Virtualisation Based Security:\t1\nDomain Joined:\t0\nAzure AD Joined:\t0\n Licensed for Credential Guard:\t0\nDomain Controller:\t0",
            "winlog": {
                "process": {
                    "pid": 980,
                    "thread": {
                        "id": 984
                    }
                },
                "task": "None",
                "computer_name": "ROG",
                "event_data": {
                    "IsLicensed": "0",
                    "HardwareChecks": "1",
                    "DomainController": "0",
                    "ADDomainJoin": "0",
                    "AADDomainJoin": "0"
                },
                "provider_name": "LsaSrv",
                "record_id": 220,
                "opcode": "Info",
                "event_id": "6156",
                "channel": "System",
                "api": "wineventlog",
                "provider_guid": "{199fe037-2b82-40a9-82ac-e1d46c792b99}",
                "user": {
                    "domain": "NT AUTHORITY",
                    "name": "SYSTEM",
                    "type": "Well Known Group",
                    "identifier": "S-1-5-18"
                }
            },
            "event": {
                "provider": "LsaSrv",
                "action": "None",
                "kind": "event",
                "created": "2024-12-01T12:51:52.325Z",
                "code": "6156"
            },
            "@timestamp": "2024-12-01T17:40:23.729Z",
            "tags": [
                "beats_input_codec_plain_applied"
            ],
            "agent": {
                "ephemeral_id": "8ede2d35-721e-4c5c-8e28-4487de3cedca",
                "id": "7d8620cd-1507-4fa9-907e-5bc5403bedbf",
                "name": "ROG",
                "type": "winlogbeat",
                "version": "8.16.1"
            },
            "ecs": {
                "version": "8.0.0"
            }
        },
        {
            "@version": "1",
            "host": {
                "ip": [
                    "2405:201:500d:a80b:42ce:470:f50a:bbba",
                    "2405:201:500d:a80b:64f8:126a:6554:e9a3",
                    "fe80::b94f:3825:122a:8e76",
                    "192.168.29.177"
                ],
                "os": {
                    "build": "26100.1742",
                    "name": "Windows 11 Home",
                    "kernel": "10.0.26100.1742 (WinBuild.160101.0800)",
                    "version": "10.0",
                    "family": "windows",
                    "type": "windows",
                    "platform": "windows"
                },
                "hostname": "ROG",
                "name": "rog",
                "architecture": "x86_64",
                "mac": [
                    "08-00-27-BE-96-71"
                ],
                "id": "4375e56d-6ce4-4f97-8029-8e9c76e95afe"
            },
            "log": {
                "level": "information"
            },
            "message": "A new process has been created.\n\nCreator Subject:\n\tSecurity ID:\t\tS-1-5-18\n\tAccount Name:\t\t-\n\tAccount Domain:\t\t-\n\tLogon ID:\t\t0x3E7\n\nTarget Subject:\n\tSecurity ID:\t\tS-1-0-0\n\tAccount Name:\t\t-\n\tAccount Domain:\t\t-\n\tLogon ID:\t\t0x0\n\nProcess Information:\n\tNew Process ID:\t\t0x3d4\n\tNew Process Name:\tC:\\Windows\\System32\\lsass.exe\n\tToken Elevation Type:\tTokenElevationTypeDefault (1)\n\tMandatory Label:\t\tS-1-16-16384\n\tCreator Process ID:\t0x330\n\tCreator Process Name:\tC:\\Windows\\System32\\wininit.exe\n\tProcess Command Line:\t\n\nToken Elevation Type indicates the type of token that was assigned to the new process in accordance with User Account Control policy.\n\nType 1 is a full token with no privileges removed or groups disabled.  A full token is only used if User Account Control is disabled or if the user is the built-in Administrator account or a service account.\n\nType 2 is an elevated token with no privileges removed or groups disabled.  An elevated token is used when User Account Control is enabled and the user chooses to start the program using Run as administrator.  An elevated token is also used when an application is configured to always require administrative privilege or to always require maximum privilege, and the user is a member of the Administrators group.\n\nType 3 is a limited token with administrative privileges removed and administrative groups disabled.  The limited token is used when User Account Control is enabled, the application does not require administrative privilege, and the user does not choose to start the program using Run as administrator.",
            "event": {
                "provider": "Microsoft-Windows-Security-Auditing",
                "created": "2024-12-01T12:51:52.086Z",
                "code": "4688",
                "outcome": "success",
                "action": "Process Creation",
                "kind": "event"
            },
            "winlog": {
                "process": {
                    "pid": 4,
                    "thread": {
                        "id": 524
                    }
                },
                "task": "Process Creation",
                "computer_name": "ROG",
                "provider_name": "Microsoft-Windows-Security-Auditing",
                "event_data": {
                    "MandatoryLabel": "S-1-16-16384",
                    "ParentProcessName": "C:\\Windows\\System32\\wininit.exe",
                    "NewProcessId": "0x3d4",
                    "NewProcessName": "C:\\Windows\\System32\\lsass.exe",
                    "SubjectDomainName": "-",
                    "TargetUserSid": "S-1-0-0",
                    "SubjectLogonId": "0x3e7",
                    "SubjectUserName": "-",
                    "ProcessId": "0x330",
                    "TargetDomainName": "-",
                    "SubjectUserSid": "S-1-5-18",
                    "TargetLogonId": "0x0",
                    "TokenElevationType": "%%1936",
                    "TargetUserName": "-"
                },
                "record_id": 212,
                "version": 2,
                "opcode": "Info",
                "keywords": [
                    "Audit Success"
                ],
                "channel": "Security",
                "event_id": "4688",
                "api": "wineventlog",
                "provider_guid": "{54849625-5478-4994-a5ba-3e3b0328c30d}"
            },
            "@timestamp": "2024-12-01T17:40:23.589Z",
            "tags": [
                "beats_input_codec_plain_applied"
            ],
            "agent": {
                "type": "winlogbeat",
                "id": "7d8620cd-1507-4fa9-907e-5bc5403bedbf",
                "name": "ROG",
                "version": "8.16.1",
                "ephemeral_id": "8ede2d35-721e-4c5c-8e28-4487de3cedca"
            },
            "ecs": {
                "version": "8.0.0"
            }
        },
        {
            "@version": "1",
            "host": {
                "ip": [
                    "2405:201:500d:a80b:42ce:470:f50a:bbba",
                    "2405:201:500d:a80b:64f8:126a:6554:e9a3",
                    "fe80::b94f:3825:122a:8e76",
                    "192.168.29.177"
                ],
                "os": {
                    "build": "26100.1742",
                    "name": "Windows 11 Home",
                    "version": "10.0",
                    "kernel": "10.0.26100.1742 (WinBuild.160101.0800)",
                    "family": "windows",
                    "type": "windows",
                    "platform": "windows"
                },
                "hostname": "ROG",
                "name": "rog",
                "architecture": "x86_64",
                "mac": [
                    "08-00-27-BE-96-71"
                ],
                "id": "4375e56d-6ce4-4f97-8029-8e9c76e95afe"
            },
            "log": {
                "level": "information"
            },
            "message": "LSASS.exe was started as a protected process with level: 4.",
            "event": {
                "provider": "Microsoft-Windows-Wininit",
                "action": "None",
                "created": "2024-12-01T12:51:52.325Z",
                "code": "12",
                "kind": "event"
            },
            "winlog": {
                "process": {
                    "pid": 816,
                    "thread": {
                        "id": 820
                    }
                },
                "task": "None",
                "computer_name": "ROG",
                "provider_name": "Microsoft-Windows-Wininit",
                "event_data": {
                    "Level": "4"
                },
                "record_id": 219,
                "opcode": "Info",
                "event_id": "12",
                "channel": "System",
                "api": "wineventlog",
                "provider_guid": "{206f6dea-d3c5-4d10-bc72-989f03c8b84b}",
                "user": {
                    "type": "Well Known Group",
                    "domain": "NT AUTHORITY",
                    "identifier": "S-1-5-18",
                    "name": "SYSTEM"
                }
            },
            "@timestamp": "2024-12-01T17:40:23.583Z",
            "tags": [
                "beats_input_codec_plain_applied"
            ],
            "agent": {
                "type": "winlogbeat",
                "id": "7d8620cd-1507-4fa9-907e-5bc5403bedbf",
                "name": "ROG",
                "version": "8.16.1",
                "ephemeral_id": "8ede2d35-721e-4c5c-8e28-4487de3cedca"
            },
            "ecs": {
                "version": "8.0.0"
            }
        },
        {
            "@version": "1",
            "host": {
                "ip": [
                    "2405:201:500d:a80b:42ce:470:f50a:bbba",
                    "2405:201:500d:a80b:64f8:126a:6554:e9a3",
                    "fe80::b94f:3825:122a:8e76",
                    "192.168.29.177"
                ],
                "hostname": "ROG",
                "os": {
                    "build": "26100.1742",
                    "name": "Windows 11 Home",
                    "version": "10.0",
                    "kernel": "10.0.26100.1742 (WinBuild.160101.0800)",
                    "family": "windows",
                    "type": "windows",
                    "platform": "windows"
                },
                "name": "rog",
                "architecture": "x86_64",
                "mac": [
                    "08-00-27-BE-96-71"
                ],
                "id": "4375e56d-6ce4-4f97-8029-8e9c76e95afe"
            },
            "log": {
                "level": "information"
            },
            "message": "Credential Guard configuration:\n\nRegistry Configuration: 0x0\nTest Configuration: 0\nAuto Enablement: 0",
            "winlog": {
                "process": {
                    "pid": 816,
                    "thread": {
                        "id": 820
                    }
                },
                "task": "None",
                "computer_name": "ROG",
                "event_data": {
                    "IsTestConfig": "0",
                    "IsAutoEnabled": "0",
                    "Config": "0"
                },
                "provider_name": "Microsoft-Windows-Wininit",
                "record_id": 218,
                "opcode": "Info",
                "event_id": "14",
                "channel": "System",
                "api": "wineventlog",
                "provider_guid": "{206f6dea-d3c5-4d10-bc72-989f03c8b84b}",
                "user": {
                    "type": "Well Known Group",
                    "domain": "NT AUTHORITY",
                    "identifier": "S-1-5-18",
                    "name": "SYSTEM"
                }
            },
            "event": {
                "provider": "Microsoft-Windows-Wininit",
                "action": "None",
                "created": "2024-12-01T12:51:52.324Z",
                "code": "14",
                "kind": "event"
            },
            "@timestamp": "2024-12-01T17:40:23.579Z",
            "tags": [
                "beats_input_codec_plain_applied"
            ],
            "agent": {
                "type": "winlogbeat",
                "id": "7d8620cd-1507-4fa9-907e-5bc5403bedbf",
                "name": "ROG",
                "version": "8.16.1",
                "ephemeral_id": "8ede2d35-721e-4c5c-8e28-4487de3cedca"
            },
            "ecs": {
                "version": "8.0.0"
            }
        },
        {
            "@version": "1",
            "host": {
                "ip": [
                    "2405:201:500d:a80b:42ce:470:f50a:bbba",
                    "2405:201:500d:a80b:64f8:126a:6554:e9a3",
                    "fe80::b94f:3825:122a:8e76",
                    "192.168.29.177"
                ],
                "hostname": "ROG",
                "os": {
                    "build": "26100.1742",
                    "name": "Windows 11 Home",
                    "kernel": "10.0.26100.1742 (WinBuild.160101.0800)",
                    "version": "10.0",
                    "family": "windows",
                    "type": "windows",
                    "platform": "windows"
                },
                "name": "rog",
                "architecture": "x86_64",
                "mac": [
                    "08-00-27-BE-96-71"
                ],
                "id": "4375e56d-6ce4-4f97-8029-8e9c76e95afe"
            },
            "log": {
                "level": "information"
            },
            "message": "A new process has been created.\n\nCreator Subject:\n\tSecurity ID:\t\tS-1-5-18\n\tAccount Name:\t\t-\n\tAccount Domain:\t\t-\n\tLogon ID:\t\t0x3E7\n\nTarget Subject:\n\tSecurity ID:\t\tS-1-0-0\n\tAccount Name:\t\t-\n\tAccount Domain:\t\t-\n\tLogon ID:\t\t0x0\n\nProcess Information:\n\tNew Process ID:\t\t0x3c0\n\tNew Process Name:\tC:\\Windows\\System32\\services.exe\n\tToken Elevation Type:\tTokenElevationTypeDefault (1)\n\tMandatory Label:\t\tS-1-16-16384\n\tCreator Process ID:\t0x330\n\tCreator Process Name:\tC:\\Windows\\System32\\wininit.exe\n\tProcess Command Line:\t\n\nToken Elevation Type indicates the type of token that was assigned to the new process in accordance with User Account Control policy.\n\nType 1 is a full token with no privileges removed or groups disabled.  A full token is only used if User Account Control is disabled or if the user is the built-in Administrator account or a service account.\n\nType 2 is an elevated token with no privileges removed or groups disabled.  An elevated token is used when User Account Control is enabled and the user chooses to start the program using Run as administrator.  An elevated token is also used when an application is configured to always require administrative privilege or to always require maximum privilege, and the user is a member of the Administrators group.\n\nType 3 is a limited token with administrative privileges removed and administrative groups disabled.  The limited token is used when User Account Control is enabled, the application does not require administrative privilege, and the user does not choose to start the program using Run as administrator.",
            "winlog": {
                "process": {
                    "pid": 4,
                    "thread": {
                        "id": 308
                    }
                },
                "task": "Process Creation",
                "computer_name": "ROG",
                "event_data": {
                    "MandatoryLabel": "S-1-16-16384",
                    "ParentProcessName": "C:\\Windows\\System32\\wininit.exe",
                    "NewProcessId": "0x3c0",
                    "NewProcessName": "C:\\Windows\\System32\\services.exe",
                    "SubjectDomainName": "-",
                    "TargetUserSid": "S-1-0-0",
                    "SubjectLogonId": "0x3e7",
                    "SubjectUserName": "-",
                    "ProcessId": "0x330",
                    "TargetDomainName": "-",
                    "SubjectUserSid": "S-1-5-18",
                    "TargetLogonId": "0x0",
                    "TokenElevationType": "%%1936",
                    "TargetUserName": "-"
                },
                "provider_name": "Microsoft-Windows-Security-Auditing",
                "record_id": 211,
                "version": 2,
                "opcode": "Info",
                "event_id": "4688",
                "channel": "Security",
                "keywords": [
                    "Audit Success"
                ],
                "api": "wineventlog",
                "provider_guid": "{54849625-5478-4994-a5ba-3e3b0328c30d}"
            },
            "event": {
                "provider": "Microsoft-Windows-Security-Auditing",
                "outcome": "success",
                "created": "2024-12-01T12:51:52.086Z",
                "code": "4688",
                "action": "Process Creation",
                "kind": "event"
            },
            "@timestamp": "2024-12-01T17:40:23.478Z",
            "tags": [
                "beats_input_codec_plain_applied"
            ],
            "agent": {
                "ephemeral_id": "8ede2d35-721e-4c5c-8e28-4487de3cedca",
                "id": "7d8620cd-1507-4fa9-907e-5bc5403bedbf",
                "name": "ROG",
                "type": "winlogbeat",
                "version": "8.16.1"
            },
            "ecs": {
                "version": "8.0.0"
            }
        },
