{
    "status": "success",
    "data": [
        {
            "@version": "1",
            "host": {
                "ip": [
                    "2405:201:500d:a80b:42ce:470:f50a:bbba",
                    "2405:201:500d:a80b:64f8:126a:6554:e9a3",
                    "fe80::b94f:3825:122a:8e76",
                    "192.168.29.177"
                ],
                "hostname": "ROG",
                "os": {
                    "build": "26100.1742",
                    "name": "Windows 11 Home",
                    "version": "10.0",
                    "kernel": "10.0.26100.1742 (WinBuild.160101.0800)",
                    "family": "windows",
                    "type": "windows",
                    "platform": "windows"
                },
                "name": "rog",
                "architecture": "x86_64",
                "mac": [
                    "08-00-27-BE-96-71"
                ],
                "id": "4375e56d-6ce4-4f97-8029-8e9c76e95afe"
            },
            "log": {
                "level": "information"
            },
            "message": "The time zone bias has changed to -330 from 0.",
            "event": {
                "provider": "Microsoft-Windows-Kernel-General",
                "action": "TimeZoneBiasChange",
                "kind": "event",
                "created": "2024-12-01T12:51:52.325Z",
                "code": "22"
            },
            "winlog": {
                "process": {
                    "pid": 1732,
                    "thread": {
                        "id": 1736
                    }
                },
                "task": "TimeZoneBiasChange",
                "computer_name": "ROG",
                "event_data": {
                    "OldBias": "0",
                    "NewBias": "-330"
                },
                "provider_name": "Microsoft-Windows-Kernel-General",
                "record_id": 224,
                "opcode": "Info",
                "keywords": [
                    "Time"
                ],
                "event_id": "22",
                "channel": "System",
                "api": "wineventlog",
                "provider_guid": "{a68ca8b7-004f-d7b6-a698-07e2de0f1f5d}",
                "user": {
                    "domain": "NT AUTHORITY",
                    "name": "SYSTEM",
                    "type": "Well Known Group",
                    "identifier": "S-1-5-18"
                }
            },
            "@timestamp": "2024-12-01T17:40:32.299Z",
            "tags": [
                "beats_input_codec_plain_applied"
            ],
            "agent": {
                "ephemeral_id": "8ede2d35-721e-4c5c-8e28-4487de3cedca",
                "id": "7d8620cd-1507-4fa9-907e-5bc5403bedbf",
                "name": "ROG",
                "type": "winlogbeat",
                "version": "8.16.1"
            },
            "ecs": {
                "version": "8.0.0"
            }
        },
        {
            "@version": "1",
            "host": {
                "ip": [
                    "2405:201:500d:a80b:42ce:470:f50a:bbba",
                    "2405:201:500d:a80b:64f8:126a:6554:e9a3",
                    "fe80::b94f:3825:122a:8e76",
                    "192.168.29.177"
                ],
                "os": {
                    "build": "26100.1742",
                    "name": "Windows 11 Home",
                    "version": "10.0",
                    "kernel": "10.0.26100.1742 (WinBuild.160101.0800)",
                    "family": "windows",
                    "type": "windows",
                    "platform": "windows"
                },
                "hostname": "ROG",
                "name": "rog",
                "architecture": "x86_64",
                "mac": [
                    "08-00-27-BE-96-71"
                ],
                "id": "4375e56d-6ce4-4f97-8029-8e9c76e95afe"
            },
            "log": {
                "level": "information"
            },
            "message": "The time zone information was refreshed with exit reason 0. Current time zone bias is -330.",
            "event": {
                "provider": "Microsoft-Windows-Kernel-General",
                "action": "TimeZoneInformationRefresh",
                "created": "2024-12-01T12:51:52.325Z",
                "code": "24",
                "kind": "event"
            },
            "winlog": {
                "process": {
                    "pid": 1732,
                    "thread": {
                        "id": 1736
                    }
                },
                "task": "TimeZoneInformationRefresh",
                "computer_name": "ROG",
                "provider_name": "Microsoft-Windows-Kernel-General",
                "event_data": {
                    "ExitReason": "0",
                    "CurrentTimeZoneID": "0",
                    "FirstRefresh": "0",
                    "TimeZoneInfoCacheUpdated": "0",
                    "CurrentBias": "-330"
                },
                "record_id": 225,
                "opcode": "Info",
                "event_id": "24",
                "channel": "System",
                "keywords": [
                    "Time"
                ],
                "api": "wineventlog",
                "provider_guid": "{a68ca8b7-004f-d7b6-a698-07e2de0f1f5d}",
                "user": {
                    "identifier": "S-1-5-18",
                    "domain": "NT AUTHORITY",
                    "name": "SYSTEM",
                    "type": "Well Known Group"
                }
            },
            "@timestamp": "2024-12-01T17:40:32.299Z",
            "tags": [
                "beats_input_codec_plain_applied"
            ],
            "agent": {
                "type": "winlogbeat",
                "id": "7d8620cd-1507-4fa9-907e-5bc5403bedbf",
                "name": "ROG",
                "version": "8.16.1",
                "ephemeral_id": "8ede2d35-721e-4c5c-8e28-4487de3cedca"
            },
            "ecs": {
                "version": "8.0.0"
            }
        },
        {
            "@version": "1",
            "host": {
                "ip": [
                    "2405:201:500d:a80b:42ce:470:f50a:bbba",
                    "2405:201:500d:a80b:64f8:126a:6554:e9a3",
                    "fe80::b94f:3825:122a:8e76",
                    "192.168.29.177"
                ],
                "hostname": "ROG",
                "os": {
                    "build": "26100.1742",
                    "name": "Windows 11 Home",
                    "version": "10.0",
                    "kernel": "10.0.26100.1742 (WinBuild.160101.0800)",
                    "family": "windows",
                    "type": "windows",
                    "platform": "windows"
                },
                "name": "rog",
                "architecture": "x86_64",
                "mac": [
                    "08-00-27-BE-96-71"
                ],
                "id": "4375e56d-6ce4-4f97-8029-8e9c76e95afe"
            },
            "log": {
                "level": "information"
            },
            "message": "The system time has changed to ‎2024‎-‎12‎-‎01T17:40:32.298741100Z from ‎2024‎-‎12‎-‎01T17:40:32.298741100Z.\nTime Delta: 0 ms\n\nChange Reason: System time adjusted to the new time zone.\nProcess: '\\Device\\HarddiskVolume4\\Windows\\System32\\rundll32.exe' (PID 1732).\n\nRTC time: ‎2024‎-‎12‎-‎01T23:10:32.298741100Z\nCurrent time zone bias: -330\nRTC time is in UTC: false\nSystem time was based on RTC time: false",
            "event": {
                "provider": "Microsoft-Windows-Kernel-General",
                "action": "SystemTimeChange",
                "code": "1",
                "kind": "event",
                "created": "2024-12-01T12:51:52.325Z"
            },
            "winlog": {
                "process": {
                    "pid": 1732,
                    "thread": {
                        "id": 1736
                    }
                },
                "task": "SystemTimeChange",
                "computer_name": "ROG",
                "provider_name": "Microsoft-Windows-Kernel-General",
                "event_data": {
                    "Reason": "3",
                    "RealTimeIsUniversal": "false",
                    "TimeDeltaInMs": "0",
                    "NewTime": "2024-12-01T17:40:32.2987411Z",
                    "TimeZoneBias": "-330",
                    "ProcessID": "1732",
                    "OldTime": "2024-12-01T17:40:32.2987411Z",
                    "CmosTime": "2024-12-01T23:10:32.2987411Z",
                    "ProcessName": "\\Device\\HarddiskVolume4\\Windows\\System32\\rundll32.exe",
                    "SystemInCmosMode": "false"
                },
                "record_id": 226,
                "version": 4,
                "opcode": "Info",
                "keywords": [
                    "Time"
                ],
                "channel": "System",
                "event_id": "1",
                "api": "wineventlog",
                "provider_guid": "{a68ca8b7-004f-d7b6-a698-07e2de0f1f5d}",
                "user": {
                    "type": "Well Known Group",
                    "domain": "NT AUTHORITY",
                    "identifier": "S-1-5-18",
                    "name": "SYSTEM"
                }
            },
            "@timestamp": "2024-12-01T17:40:32.299Z",
            "tags": [
                "beats_input_codec_plain_applied"
            ],
            "agent": {
                "version": "8.16.1",
                "id": "7d8620cd-1507-4fa9-907e-5bc5403bedbf",
                "name": "ROG",
                "type": "winlogbeat",
                "ephemeral_id": "8ede2d35-721e-4c5c-8e28-4487de3cedca"
            },
            "ecs": {
                "version": "8.0.0"
            }
        },
        {
            "@version": "1",
            "host": {
                "ip": [
                    "2405:201:500d:a80b:42ce:470:f50a:bbba",
                    "2405:201:500d:a80b:64f8:126a:6554:e9a3",
                    "fe80::b94f:3825:122a:8e76",
                    "192.168.29.177"
                ],
                "hostname": "ROG",
                "os": {
                    "build": "26100.1742",
                    "name": "Windows 11 Home",
                    "version": "10.0",
                    "kernel": "10.0.26100.1742 (WinBuild.160101.0800)",
                    "family": "windows",
                    "type": "windows",
                    "platform": "windows"
                },
                "name": "rog",
                "architecture": "x86_64",
                "mac": [
                    "08-00-27-BE-96-71"
                ],
                "id": "4375e56d-6ce4-4f97-8029-8e9c76e95afe"
            },
            "log": {
                "level": "information"
            },
            "message": "The User Profile Service has started successfully.  ",
            "event": {
                "provider": "Microsoft-Windows-User Profiles Service",
                "action": "None",
                "created": "2024-12-01T12:51:51.922Z",
                "code": "1531",
                "kind": "event"
            },
            "winlog": {
                "process": {
                    "pid": 1424,
                    "thread": {
                        "id": 1480
                    }
                },
                "task": "None",
                "computer_name": "ROG",
                "provider_name": "Microsoft-Windows-User Profiles Service",
                "record_id": 8,
                "opcode": "Info",
                "event_id": "1531",
                "channel": "Application",
                "api": "wineventlog",
                "provider_guid": "{89b1e9f0-5aff-44a6-9b44-0a07a7ce5845}",
                "user": {
                    "type": "Well Known Group",
                    "domain": "NT AUTHORITY",
                    "identifier": "S-1-5-18",
                    "name": "SYSTEM"
                }
            },
            "@timestamp": "2024-12-01T17:40:25.744Z",
            "tags": [
                "beats_input_codec_plain_applied"
            ],
            "agent": {
                "ephemeral_id": "8ede2d35-721e-4c5c-8e28-4487de3cedca",
                "id": "7d8620cd-1507-4fa9-907e-5bc5403bedbf",
                "name": "ROG",
                "type": "winlogbeat",
                "version": "8.16.1"
            },
            "ecs": {
                "version": "8.0.0"
            }
        },
        {
            "@version": "1",
            "host": {
                "ip": [
                    "2405:201:500d:a80b:42ce:470:f50a:bbba",
                    "2405:201:500d:a80b:64f8:126a:6554:e9a3",
                    "fe80::b94f:3825:122a:8e76",
                    "192.168.29.177"
                ],
                "hostname": "ROG",
                "os": {
                    "build": "26100.1742",
                    "kernel": "10.0.26100.1742 (WinBuild.160101.0800)",
                    "version": "10.0",
                    "name": "Windows 11 Home",
                    "family": "windows",
                    "type": "windows",
                    "platform": "windows"
                },
                "name": "rog",
                "architecture": "x86_64",
                "mac": [
                    "08-00-27-BE-96-71"
                ],
                "id": "4375e56d-6ce4-4f97-8029-8e9c76e95afe"
            },
            "log": {
                "level": "information"
            },
            "message": "An account was successfully logged on.\n\nSubject:\n\tSecurity ID:\t\tS-1-5-18\n\tAccount Name:\t\tROG$\n\tAccount Domain:\t\tWORKGROUP\n\tLogon ID:\t\t0x3E7\n\nLogon Information:\n\tLogon Type:\t\t5\n\tRestricted Admin Mode:\t-\n\tRemote Credential Guard:\t-\n\tVirtual Account:\t\tNo\n\tElevated Token:\t\tYes\n\nImpersonation Level:\t\tImpersonation\n\nNew Logon:\n\tSecurity ID:\t\tS-1-5-18\n\tAccount Name:\t\tSYSTEM\n\tAccount Domain:\t\tNT AUTHORITY\n\tLogon ID:\t\t0x3E7\n\tLinked Logon ID:\t\t0x0\n\tNetwork Account Name:\t-\n\tNetwork Account Domain:\t-\n\tLogon GUID:\t\t{00000000-0000-0000-0000-000000000000}\n\nProcess Information:\n\tProcess ID:\t\t0x3c0\n\tProcess Name:\t\tC:\\Windows\\System32\\services.exe\n\nNetwork Information:\n\tWorkstation Name:\t-\n\tSource Network Address:\t-\n\tSource Port:\t\t-\n\nDetailed Authentication Information:\n\tLogon Process:\t\tAdvapi  \n\tAuthentication Package:\tNegotiate\n\tTransited Services:\t-\n\tPackage Name (NTLM only):\t-\n\tKey Length:\t\t0\n\nThis event is generated when a logon session is created. It is generated on the computer that was accessed.\n\nThe subject fields indicate the account on the local system which requested the logon. This is most commonly a service such as the Server service, or a local process such as Winlogon.exe or Services.exe.\n\nThe logon type field indicates the kind of logon that occurred. The most common types are 2 (interactive) and 3 (network).\n\nThe New Logon fields indicate the account for whom the new logon was created, i.e. the account that was logged on.\n\nThe network fields indicate where a remote logon request originated. Workstation name is not always available and may be left blank in some cases.\n\nThe impersonation level field indicates the extent to which a process in the logon session can impersonate.\n\nThe authentication information fields provide detailed information about this specific logon request.\n\t- Logon GUID is a unique identifier that can be used to correlate this event with a KDC event.\n\t- Transited services indicate which intermediate services have participated in this logon request.\n\t- Package name indicates which sub-protocol was used among the NTLM protocols.\n\t- Key length indicates the length of the generated session key. This will be 0 if no session key was requested.",
            "winlog": {
                "process": {
                    "pid": 980,
                    "thread": {
                        "id": 516
                    }
                },
                "task": "Process Creation",
                "computer_name": "ROG",
                "event_data": {
                    "KeyLength": "0",
                    "LmPackageName": "-",
                    "TargetOutboundUserName": "-",
                    "TransmittedServices": "-",
                    "TargetLinkedLogonId": "0x0",
                    "TargetUserSid": "S-1-5-18",
                    "ProcessName": "C:\\Windows\\System32\\services.exe",
                    "SubjectLogonId": "0x3e7",
                    "LogonGuid": "{00000000-0000-0000-0000-000000000000}",
                    "SubjectUserName": "ROG$",
                    "ElevatedToken": "%%1842",
                    "ImpersonationLevel": "%%1833",
                    "TargetDomainName": "NT AUTHORITY",
                    "TargetLogonId": "0x3e7",
                    "TargetOutboundDomainName": "-",
                    "AuthenticationPackageName": "Negotiate",
                    "SubjectDomainName": "WORKGROUP",
                    "ProcessId": "0x3c0",
                    "RemoteCredentialGuard": "-",
                    "IpPort": "-",
                    "WorkstationName": "-",
                    "SubjectUserSid": "S-1-5-18",
                    "LogonType": "5",
                    "LogonProcessName": "Advapi  ",
                    "IpAddress": "-",
                    "RestrictedAdminMode": "-",
                    "TargetUserName": "SYSTEM",
                    "VirtualAccount": "%%1843"
                },
                "provider_name": "Microsoft-Windows-Security-Auditing",
                "record_id": 242,
                "version": 3,
                "opcode": "Info",
                "event_id": "4624",
                "keywords": [
                    "Audit Success"
                ],
                "channel": "Security",
                "activity_id": "{17dd9303-4418-0002-a593-dd171844db01}",
                "api": "wineventlog",
                "provider_guid": "{54849625-5478-4994-a5ba-3e3b0328c30d}"
            },
            "event": {
                "provider": "Microsoft-Windows-Security-Auditing",
                "created": "2024-12-01T12:51:52.087Z",
                "code": "4624",
                "outcome": "success",
                "action": "Process Creation",
                "kind": "event"
            },
            "@timestamp": "2024-12-01T17:40:25.744Z",
            "tags": [
                "beats_input_codec_plain_applied"
            ],
            "agent": {
                "type": "winlogbeat",
                "id": "7d8620cd-1507-4fa9-907e-5bc5403bedbf",
                "name": "ROG",
                "version": "8.16.1",
                "ephemeral_id": "8ede2d35-721e-4c5c-8e28-4487de3cedca"
            },
            "ecs": {
                "version": "8.0.0"
            }
        },
        {
            "@version": "1",
            "host": {
                "ip": [
                    "2405:201:500d:a80b:42ce:470:f50a:bbba",
                    "2405:201:500d:a80b:64f8:126a:6554:e9a3",
                    "fe80::b94f:3825:122a:8e76",
                    "192.168.29.177"
                ],
                "os": {
                    "build": "26100.1742",
                    "kernel": "10.0.26100.1742 (WinBuild.160101.0800)",
                    "version": "10.0",
                    "name": "Windows 11 Home",
                    "family": "windows",
                    "type": "windows",
                    "platform": "windows"
                },
                "hostname": "ROG",
                "name": "rog",
                "architecture": "x86_64",
                "mac": [
                    "08-00-27-BE-96-71"
                ],
                "id": "4375e56d-6ce4-4f97-8029-8e9c76e95afe"
            },
            "log": {
                "level": "information"
            },
            "message": "Special privileges assigned to new logon.\n\nSubject:\n\tSecurity ID:\t\tS-1-5-18\n\tAccount Name:\t\tSYSTEM\n\tAccount Domain:\t\tNT AUTHORITY\n\tLogon ID:\t\t0x3E7\n\nPrivileges:\t\tSeAssignPrimaryTokenPrivilege\n\t\t\tSeTcbPrivilege\n\t\t\tSeSecurityPrivilege\n\t\t\tSeTakeOwnershipPrivilege\n\t\t\tSeLoadDriverPrivilege\n\t\t\tSeBackupPrivilege\n\t\t\tSeRestorePrivilege\n\t\t\tSeDebugPrivilege\n\t\t\tSeAuditPrivilege\n\t\t\tSeSystemEnvironmentPrivilege\n\t\t\tSeImpersonatePrivilege\n\t\t\tSeDelegateSessionUserImpersonatePrivilege",
            "event": {
                "provider": "Microsoft-Windows-Security-Auditing",
                "created": "2024-12-01T12:51:52.087Z",
                "code": "4672",
                "outcome": "success",
                "action": "Process Creation",
                "kind": "event"
            },
            "winlog": {
                "process": {
                    "pid": 980,
                    "thread": {
                        "id": 516
                    }
                },
                "task": "Process Creation",
                "computer_name": "ROG",
                "provider_name": "Microsoft-Windows-Security-Auditing",
                "event_data": {
                    "SubjectUserName": "SYSTEM",
                    "PrivilegeList": "SeAssignPrimaryTokenPrivilege\n\t\t\tSeTcbPrivilege\n\t\t\tSeSecurityPrivilege\n\t\t\tSeTakeOwnershipPrivilege\n\t\t\tSeLoadDriverPrivilege\n\t\t\tSeBackupPrivilege\n\t\t\tSeRestorePrivilege\n\t\t\tSeDebugPrivilege\n\t\t\tSeAuditPrivilege\n\t\t\tSeSystemEnvironmentPrivilege\n\t\t\tSeImpersonatePrivilege\n\t\t\tSeDelegateSessionUserImpersonatePrivilege",
                    "SubjectUserSid": "S-1-5-18",
                    "SubjectDomainName": "NT AUTHORITY",
                    "SubjectLogonId": "0x3e7"
                },
                "record_id": 243,
                "opcode": "Info",
                "event_id": "4672",
                "keywords": [
                    "Audit Success"
                ],
                "channel": "Security",
                "activity_id": "{17dd9303-4418-0002-a593-dd171844db01}",
                "api": "wineventlog",
                "provider_guid": "{54849625-5478-4994-a5ba-3e3b0328c30d}"
            },
            "@timestamp": "2024-12-01T17:40:25.744Z",
            "tags": [
                "beats_input_codec_plain_applied"
            ],
            "agent": {
                "ephemeral_id": "8ede2d35-721e-4c5c-8e28-4487de3cedca",
                "id": "7d8620cd-1507-4fa9-907e-5bc5403bedbf",
                "name": "ROG",
                "type": "winlogbeat",
                "version": "8.16.1"
            },
            "ecs": {
                "version": "8.0.0"
            }
        },
        {
            "@version": "1",
            "host": {
                "ip": [
                    "2405:201:500d:a80b:42ce:470:f50a:bbba",
                    "2405:201:500d:a80b:64f8:126a:6554:e9a3",
                    "fe80::b94f:3825:122a:8e76",
                    "192.168.29.177"
                ],
                "hostname": "ROG",
                "os": {
                    "build": "26100.1742",
                    "name": "Windows 11 Home",
                    "version": "10.0",
                    "kernel": "10.0.26100.1742 (WinBuild.160101.0800)",
                    "family": "windows",
                    "type": "windows",
                    "platform": "windows"
                },
                "name": "rog",
                "architecture": "x86_64",
                "mac": [
                    "08-00-27-BE-96-71"
                ],
                "id": "4375e56d-6ce4-4f97-8029-8e9c76e95afe"
            },
            "log": {
                "level": "information"
            },
            "message": "An account was successfully logged on.\n\nSubject:\n\tSecurity ID:\t\tS-1-5-18\n\tAccount Name:\t\tROG$\n\tAccount Domain:\t\tWORKGROUP\n\tLogon ID:\t\t0x3E7\n\nLogon Information:\n\tLogon Type:\t\t5\n\tRestricted Admin Mode:\t-\n\tRemote Credential Guard:\t-\n\tVirtual Account:\t\tNo\n\tElevated Token:\t\tYes\n\nImpersonation Level:\t\tImpersonation\n\nNew Logon:\n\tSecurity ID:\t\tS-1-5-18\n\tAccount Name:\t\tSYSTEM\n\tAccount Domain:\t\tNT AUTHORITY\n\tLogon ID:\t\t0x3E7\n\tLinked Logon ID:\t\t0x0\n\tNetwork Account Name:\t-\n\tNetwork Account Domain:\t-\n\tLogon GUID:\t\t{00000000-0000-0000-0000-000000000000}\n\nProcess Information:\n\tProcess ID:\t\t0x3c0\n\tProcess Name:\t\tC:\\Windows\\System32\\services.exe\n\nNetwork Information:\n\tWorkstation Name:\t-\n\tSource Network Address:\t-\n\tSource Port:\t\t-\n\nDetailed Authentication Information:\n\tLogon Process:\t\tAdvapi  \n\tAuthentication Package:\tNegotiate\n\tTransited Services:\t-\n\tPackage Name (NTLM only):\t-\n\tKey Length:\t\t0\n\nThis event is generated when a logon session is created. It is generated on the computer that was accessed.\n\nThe subject fields indicate the account on the local system which requested the logon. This is most commonly a service such as the Server service, or a local process such as Winlogon.exe or Services.exe.\n\nThe logon type field indicates the kind of logon that occurred. The most common types are 2 (interactive) and 3 (network).\n\nThe New Logon fields indicate the account for whom the new logon was created, i.e. the account that was logged on.\n\nThe network fields indicate where a remote logon request originated. Workstation name is not always available and may be left blank in some cases.\n\nThe impersonation level field indicates the extent to which a process in the logon session can impersonate.\n\nThe authentication information fields provide detailed information about this specific logon request.\n\t- Logon GUID is a unique identifier that can be used to correlate this event with a KDC event.\n\t- Transited services indicate which intermediate services have participated in this logon request.\n\t- Package name indicates which sub-protocol was used among the NTLM protocols.\n\t- Key length indicates the length of the generated session key. This will be 0 if no session key was requested.",
            "event": {
                "provider": "Microsoft-Windows-Security-Auditing",
                "code": "4624",
                "outcome": "success",
                "created": "2024-12-01T12:51:52.087Z",
                "action": "Process Creation",
                "kind": "event"
            },
            "winlog": {
                "process": {
                    "pid": 980,
                    "thread": {
                        "id": 644
                    }
                },
                "task": "Process Creation",
                "computer_name": "ROG",
                "provider_name": "Microsoft-Windows-Security-Auditing",
                "event_data": {
                    "KeyLength": "0",
                    "LmPackageName": "-",
                    "TargetOutboundUserName": "-",
                    "TransmittedServices": "-",
                    "TargetLinkedLogonId": "0x0",
                    "TargetUserSid": "S-1-5-18",
                    "SubjectLogonId": "0x3e7",
                    "LogonGuid": "{00000000-0000-0000-0000-000000000000}",
                    "SubjectUserName": "ROG$",
                    "ProcessName": "C:\\Windows\\System32\\services.exe",
                    "ElevatedToken": "%%1842",
                    "ImpersonationLevel": "%%1833",
                    "TargetDomainName": "NT AUTHORITY",
                    "TargetLogonId": "0x3e7",
                    "TargetOutboundDomainName": "-",
                    "AuthenticationPackageName": "Negotiate",
                    "SubjectDomainName": "WORKGROUP",
                    "ProcessId": "0x3c0",
                    "RemoteCredentialGuard": "-",
                    "IpPort": "-",
                    "WorkstationName": "-",
                    "SubjectUserSid": "S-1-5-18",
                    "LogonType": "5",
                    "LogonProcessName": "Advapi  ",
                    "IpAddress": "-",
                    "RestrictedAdminMode": "-",
                    "TargetUserName": "SYSTEM",
                    "VirtualAccount": "%%1843"
                },
                "record_id": 240,
                "version": 3,
                "opcode": "Info",
                "event_id": "4624",
                "channel": "Security",
                "keywords": [
                    "Audit Success"
                ],
                "activity_id": "{17dd9303-4418-0002-a593-dd171844db01}",
                "api": "wineventlog",
                "provider_guid": "{54849625-5478-4994-a5ba-3e3b0328c30d}"
            },
            "@timestamp": "2024-12-01T17:40:25.692Z",
            "tags": [
                "beats_input_codec_plain_applied"
            ],
            "agent": {
                "type": "winlogbeat",
                "id": "7d8620cd-1507-4fa9-907e-5bc5403bedbf",
                "name": "ROG",
                "version": "8.16.1",
                "ephemeral_id": "8ede2d35-721e-4c5c-8e28-4487de3cedca"
            },
            "ecs": {
                "version": "8.0.0"
            }
        },
        {
            "@version": "1",
            "host": {
                "ip": [
                    "2405:201:500d:a80b:42ce:470:f50a:bbba",
                    "2405:201:500d:a80b:64f8:126a:6554:e9a3",
                    "fe80::b94f:3825:122a:8e76",
                    "192.168.29.177"
                ],
                "hostname": "ROG",
                "os": {
                    "build": "26100.1742",
                    "name": "Windows 11 Home",
                    "version": "10.0",
                    "kernel": "10.0.26100.1742 (WinBuild.160101.0800)",
                    "family": "windows",
                    "type": "windows",
                    "platform": "windows"
                },
                "name": "rog",
                "architecture": "x86_64",
                "mac": [
                    "08-00-27-BE-96-71"
                ],
                "id": "4375e56d-6ce4-4f97-8029-8e9c76e95afe"
            },
            "log": {
                "level": "information"
            },
            "message": "Special privileges assigned to new logon.\n\nSubject:\n\tSecurity ID:\t\tS-1-5-18\n\tAccount Name:\t\tSYSTEM\n\tAccount Domain:\t\tNT AUTHORITY\n\tLogon ID:\t\t0x3E7\n\nPrivileges:\t\tSeAssignPrimaryTokenPrivilege\n\t\t\tSeTcbPrivilege\n\t\t\tSeSecurityPrivilege\n\t\t\tSeTakeOwnershipPrivilege\n\t\t\tSeLoadDriverPrivilege\n\t\t\tSeBackupPrivilege\n\t\t\tSeRestorePrivilege\n\t\t\tSeDebugPrivilege\n\t\t\tSeAuditPrivilege\n\t\t\tSeSystemEnvironmentPrivilege\n\t\t\tSeImpersonatePrivilege\n\t\t\tSeDelegateSessionUserImpersonatePrivilege",
            "winlog": {
                "process": {
                    "pid": 980,
                    "thread": {
                        "id": 644
                    }
                },
                "task": "Process Creation",
                "computer_name": "ROG",
                "provider_name": "Microsoft-Windows-Security-Auditing",
                "event_data": {
                    "SubjectUserSid": "S-1-5-18",
                    "PrivilegeList": "SeAssignPrimaryTokenPrivilege\n\t\t\tSeTcbPrivilege\n\t\t\tSeSecurityPrivilege\n\t\t\tSeTakeOwnershipPrivilege\n\t\t\tSeLoadDriverPrivilege\n\t\t\tSeBackupPrivilege\n\t\t\tSeRestorePrivilege\n\t\t\tSeDebugPrivilege\n\t\t\tSeAuditPrivilege\n\t\t\tSeSystemEnvironmentPrivilege\n\t\t\tSeImpersonatePrivilege\n\t\t\tSeDelegateSessionUserImpersonatePrivilege",
                    "SubjectUserName": "SYSTEM",
                    "SubjectDomainName": "NT AUTHORITY",
                    "SubjectLogonId": "0x3e7"
                },
                "record_id": 241,
                "opcode": "Info",
                "event_id": "4672",
                "channel": "Security",
                "keywords": [
                    "Audit Success"
                ],
                "activity_id": "{17dd9303-4418-0002-a593-dd171844db01}",
                "api": "wineventlog",
                "provider_guid": "{54849625-5478-4994-a5ba-3e3b0328c30d}"
            },
            "event": {
                "provider": "Microsoft-Windows-Security-Auditing",
                "created": "2024-12-01T12:51:52.087Z",
                "code": "4672",
                "outcome": "success",
                "action": "Process Creation",
                "kind": "event"
            },
            "@timestamp": "2024-12-01T17:40:25.692Z",
            "tags": [
                "beats_input_codec_plain_applied"
            ],
            "agent": {
                "ephemeral_id": "8ede2d35-721e-4c5c-8e28-4487de3cedca",
                "id": "7d8620cd-1507-4fa9-907e-5bc5403bedbf",
                "name": "ROG",
                "type": "winlogbeat",
                "version": "8.16.1"
            },
            "ecs": {
                "version": "8.0.0"
            }
        },
        {
            "@version": "1",
            "host": {
                "ip": [
                    "2405:201:500d:a80b:42ce:470:f50a:bbba",
                    "2405:201:500d:a80b:64f8:126a:6554:e9a3",
                    "fe80::b94f:3825:122a:8e76",
                    "192.168.29.177"
                ],
                "hostname": "ROG",
                "os": {
                    "build": "26100.1742",
                    "name": "Windows 11 Home",
                    "version": "10.0",
                    "kernel": "10.0.26100.1742 (WinBuild.160101.0800)",
                    "family": "windows",
                    "type": "windows",
                    "platform": "windows"
                },
                "name": "rog",
                "architecture": "x86_64",
                "mac": [
                    "08-00-27-BE-96-71"
                ],
                "id": "4375e56d-6ce4-4f97-8029-8e9c76e95afe"
            },
            "log": {
                "level": "information"
            },
            "message": "A logon was attempted using explicit credentials.\n\nSubject:\n\tSecurity ID:\t\tS-1-5-18\n\tAccount Name:\t\tROG$\n\tAccount Domain:\t\tWORKGROUP\n\tLogon ID:\t\t0x3E7\n\tLogon GUID:\t\t{00000000-0000-0000-0000-000000000000}\n\nAccount Whose Credentials Were Used:\n\tAccount Name:\t\tDWM-1\n\tAccount Domain:\t\tWindow Manager\n\tLogon GUID:\t\t{00000000-0000-0000-0000-000000000000}\n\nTarget Server:\n\tTarget Server Name:\tlocalhost\n\tAdditional Information:\tlocalhost\n\nProcess Information:\n\tProcess ID:\t\t0x378\n\tProcess Name:\t\tC:\\Windows\\System32\\winlogon.exe\n\nNetwork Information:\n\tNetwork Address:\t-\n\tPort:\t\t\t-\n\nThis event is generated when a process attempts to log on an account by explicitly specifying that account’s credentials.  This most commonly occurs in batch-type configurations such as scheduled tasks, or when using the RUNAS command.",
            "winlog": {
                "process": {
                    "pid": 980,
                    "thread": {
                        "id": 648
                    }
                },
                "task": "Process Creation",
                "computer_name": "ROG",
                "event_data": {
                    "TargetInfo": "localhost",
                    "SubjectDomainName": "WORKGROUP",
                    "TargetServerName": "localhost",
                    "SubjectLogonId": "0x3e7",
                    "LogonGuid": "{00000000-0000-0000-0000-000000000000}",
                    "SubjectUserName": "ROG$",
                    "ProcessName": "C:\\Windows\\System32\\winlogon.exe",
                    "ProcessId": "0x378",
                    "IpPort": "-",
                    "TargetDomainName": "Window Manager",
                    "SubjectUserSid": "S-1-5-18",
                    "IpAddress": "-",
                    "TargetLogonGuid": "{00000000-0000-0000-0000-000000000000}",
                    "TargetUserName": "DWM-1"
                },
                "provider_name": "Microsoft-Windows-Security-Auditing",
                "record_id": 235,
                "opcode": "Info",
                "event_id": "4648",
                "channel": "Security",
                "keywords": [
                    "Audit Success"
                ],
                "activity_id": "{17dd9303-4418-0002-a593-dd171844db01}",
                "api": "wineventlog",
                "provider_guid": "{54849625-5478-4994-a5ba-3e3b0328c30d}"
            },
            "event": {
                "provider": "Microsoft-Windows-Security-Auditing",
                "created": "2024-12-01T12:51:52.087Z",
                "code": "4648",
                "outcome": "success",
                "action": "Process Creation",
                "kind": "event"
            },
            "@timestamp": "2024-12-01T17:40:25.025Z",
            "tags": [
                "beats_input_codec_plain_applied"
            ],
            "agent": {
                "version": "8.16.1",
                "id": "7d8620cd-1507-4fa9-907e-5bc5403bedbf",
                "name": "ROG",
                "type": "winlogbeat",
                "ephemeral_id": "8ede2d35-721e-4c5c-8e28-4487de3cedca"
            },
            "ecs": {
                "version": "8.0.0"
            }
        },
        {
            "@version": "1",
            "host": {
                "ip": [
                    "2405:201:500d:a80b:42ce:470:f50a:bbba",
                    "2405:201:500d:a80b:64f8:126a:6554:e9a3",
                    "fe80::b94f:3825:122a:8e76",
                    "192.168.29.177"
                ],
                "os": {
                    "build": "26100.1742",
                    "name": "Windows 11 Home",
                    "version": "10.0",
                    "kernel": "10.0.26100.1742 (WinBuild.160101.0800)",
                    "family": "windows",
                    "type": "windows",
                    "platform": "windows"
                },
                "hostname": "ROG",
                "name": "rog",
                "architecture": "x86_64",
                "mac": [
                    "08-00-27-BE-96-71"
                ],
                "id": "4375e56d-6ce4-4f97-8029-8e9c76e95afe"
            },
            "log": {
                "level": "information"
            },
            "winlog": {
                "process": {
                    "pid": 980,
                    "thread": {
                        "id": 648
                    }
                },
                "task": "Process Creation",
                "computer_name": "ROG",
                "provider_name": "Microsoft-Windows-Security-Auditing",
                "event_data": {
                    "KeyLength": "0",
                    "LmPackageName": "-",
                    "TargetOutboundUserName": "-",
                    "TransmittedServices": "-",
                    "TargetLinkedLogonId": "0xdba3",
                    "TargetUserSid": "S-1-5-90-0-1",
                    "ProcessName": "C:\\Windows\\System32\\winlogon.exe",
                    "SubjectLogonId": "0x3e7",
                    "SubjectUserName": "ROG$",
                    "LogonGuid": "{00000000-0000-0000-0000-000000000000}",
                    "ElevatedToken": "%%1842",
                    "ImpersonationLevel": "%%1833",
                    "TargetDomainName": "Window Manager",
                    "TargetLogonId": "0xdb92",
                    "TargetOutboundDomainName": "-",
                    "AuthenticationPackageName": "Negotiate",
                    "SubjectDomainName": "WORKGROUP",
                    "ProcessId": "0x378",
                    "RemoteCredentialGuard": "-",
                    "WorkstationName": "-",
                    "IpPort": "-",
                    "SubjectUserSid": "S-1-5-18",
                    "LogonType": "2",
                    "LogonProcessName": "Advapi  ",
                    "IpAddress": "-",
                    "RestrictedAdminMode": "-",
                    "TargetUserName": "DWM-1",
                    "VirtualAccount": "%%1842"
                },
                "record_id": 236,
                "version": 3,
                "opcode": "Info",
                "keywords": [
                    "Audit Success"
                ],
                "channel": "Security",
                "event_id": "4624",
                "activity_id": "{17dd9303-4418-0002-a593-dd171844db01}",
                "api": "wineventlog",
                "provider_guid": "{54849625-5478-4994-a5ba-3e3b0328c30d}"
            },
            "message": "An account was successfully logged on.\n\nSubject:\n\tSecurity ID:\t\tS-1-5-18\n\tAccount Name:\t\tROG$\n\tAccount Domain:\t\tWORKGROUP\n\tLogon ID:\t\t0x3E7\n\nLogon Information:\n\tLogon Type:\t\t2\n\tRestricted Admin Mode:\t-\n\tRemote Credential Guard:\t-\n\tVirtual Account:\t\tYes\n\tElevated Token:\t\tYes\n\nImpersonation Level:\t\tImpersonation\n\nNew Logon:\n\tSecurity ID:\t\tS-1-5-90-0-1\n\tAccount Name:\t\tDWM-1\n\tAccount Domain:\t\tWindow Manager\n\tLogon ID:\t\t0xDB92\n\tLinked Logon ID:\t\t0xDBA3\n\tNetwork Account Name:\t-\n\tNetwork Account Domain:\t-\n\tLogon GUID:\t\t{00000000-0000-0000-0000-000000000000}\n\nProcess Information:\n\tProcess ID:\t\t0x378\n\tProcess Name:\t\tC:\\Windows\\System32\\winlogon.exe\n\nNetwork Information:\n\tWorkstation Name:\t-\n\tSource Network Address:\t-\n\tSource Port:\t\t-\n\nDetailed Authentication Information:\n\tLogon Process:\t\tAdvapi  \n\tAuthentication Package:\tNegotiate\n\tTransited Services:\t-\n\tPackage Name (NTLM only):\t-\n\tKey Length:\t\t0\n\nThis event is generated when a logon session is created. It is generated on the computer that was accessed.\n\nThe subject fields indicate the account on the local system which requested the logon. This is most commonly a service such as the Server service, or a local process such as Winlogon.exe or Services.exe.\n\nThe logon type field indicates the kind of logon that occurred. The most common types are 2 (interactive) and 3 (network).\n\nThe New Logon fields indicate the account for whom the new logon was created, i.e. the account that was logged on.\n\nThe network fields indicate where a remote logon request originated. Workstation name is not always available and may be left blank in some cases.\n\nThe impersonation level field indicates the extent to which a process in the logon session can impersonate.\n\nThe authentication information fields provide detailed information about this specific logon request.\n\t- Logon GUID is a unique identifier that can be used to correlate this event with a KDC event.\n\t- Transited services indicate which intermediate services have participated in this logon request.\n\t- Package name indicates which sub-protocol was used among the NTLM protocols.\n\t- Key length indicates the length of the generated session key. This will be 0 if no session key was requested.",
            "event": {
                "provider": "Microsoft-Windows-Security-Auditing",
                "outcome": "success",
                "created": "2024-12-01T12:51:52.087Z",
                "code": "4624",
                "action": "Process Creation",
                "kind": "event"
            },
            "@timestamp": "2024-12-01T17:40:25.025Z",
            "tags": [
                "beats_input_codec_plain_applied"
            ],
            "agent": {
                "type": "winlogbeat",
                "id": "7d8620cd-1507-4fa9-907e-5bc5403bedbf",
                "name": "ROG",
                "version": "8.16.1",
                "ephemeral_id": "8ede2d35-721e-4c5c-8e28-4487de3cedca"
            },
            "ecs": {
                "version": "8.0.0"
            }
        },
