        {
            "@version": "1",
            "host": {
                "ip": [
                    "2405:201:500d:a80b:42ce:470:f50a:bbba",
                    "2405:201:500d:a80b:64f8:126a:6554:e9a3",
                    "fe80::b94f:3825:122a:8e76",
                    "192.168.29.177"
                ],
                "os": {
                    "build": "26100.1742",
                    "kernel": "10.0.26100.1742 (WinBuild.160101.0800)",
                    "version": "10.0",
                    "name": "Windows 11 Home",
                    "family": "windows",
                    "type": "windows",
                    "platform": "windows"
                },
                "hostname": "ROG",
                "name": "rog",
                "architecture": "x86_64",
                "mac": [
                    "08-00-27-BE-96-71"
                ],
                "id": "4375e56d-6ce4-4f97-8029-8e9c76e95afe"
            },
            "log": {
                "level": "information"
            },
            "message": "Active battery count change.",
            "event": {
                "provider": "Microsoft-Windows-Kernel-Power",
                "action": "BatteryCountChange",
                "created": "2024-12-01T12:51:52.324Z",
                "code": "521",
                "kind": "event"
            },
            "winlog": {
                "process": {
                    "pid": 4,
                    "thread": {
                        "id": 524
                    }
                },
                "task": "BatteryCountChange",
                "computer_name": "ROG",
                "provider_name": "Microsoft-Windows-Kernel-Power",
                "event_data": {
                    "ValidBatteryCount": "0",
                    "ErrorBatteryCount": "0",
                    "AbandonedBatteryCount": "0"
                },
                "record_id": 213,
                "opcode": "Info",
                "event_id": "521",
                "channel": "System",
                "keywords": [
                    "po:Diagnostic",
                    "po:DiagnosticLight"
                ],
                "api": "wineventlog",
                "provider_guid": "{331c3b3a-2005-44c2-ac5e-77220c37d6b4}",
                "user": {
                    "identifier": "S-1-5-18",
                    "domain": "NT AUTHORITY",
                    "name": "SYSTEM",
                    "type": "Well Known Group"
                }
            },
            "@timestamp": "2024-12-01T17:40:22.073Z",
            "tags": [
                "beats_input_codec_plain_applied"
            ],
            "agent": {
                "ephemeral_id": "8ede2d35-721e-4c5c-8e28-4487de3cedca",
                "id": "7d8620cd-1507-4fa9-907e-5bc5403bedbf",
                "name": "ROG",
                "type": "winlogbeat",
                "version": "8.16.1"
            },
            "ecs": {
                "version": "8.0.0"
            }
        },
        {
            "@version": "1",
            "host": {
                "ip": [
                    "2405:201:500d:a80b:42ce:470:f50a:bbba",
                    "2405:201:500d:a80b:64f8:126a:6554:e9a3",
                    "fe80::b94f:3825:122a:8e76",
                    "192.168.29.177"
                ],
                "os": {
                    "build": "26100.1742",
                    "name": "Windows 11 Home",
                    "version": "10.0",
                    "kernel": "10.0.26100.1742 (WinBuild.160101.0800)",
                    "family": "windows",
                    "type": "windows",
                    "platform": "windows"
                },
                "hostname": "ROG",
                "name": "rog",
                "architecture": "x86_64",
                "mac": [
                    "08-00-27-BE-96-71"
                ],
                "id": "4375e56d-6ce4-4f97-8029-8e9c76e95afe"
            },
            "log": {
                "level": "information"
            },
            "message": "Processor 6 in group 0 exposes the following power management capabilities:\n\nIdle state type: ACPI Idle (C) States (1 state(s))\n\nPerformance state type: None\nNominal Frequency (MHz): 3294\nMaximum performance percentage: 100\nMinimum performance percentage: 100\nMinimum throttle percentage: 100",
            "winlog": {
                "process": {
                    "pid": 4,
                    "thread": {
                        "id": 184
                    }
                },
                "task": "Summary2",
                "computer_name": "ROG",
                "provider_name": "Microsoft-Windows-Kernel-Processor-Power",
                "event_data": {
                    "MinimumThrottlePercent": "100",
                    "MaximumPerformancePercent": "100",
                    "Number": "6",
                    "Group": "0",
                    "IdleStateCount": "1",
                    "NominalFrequency": "3294",
                    "PerformanceImplementation": "0",
                    "MinimumPerformancePercent": "100",
                    "IdleImplementation": "1"
                },
                "record_id": 212,
                "opcode": "Info",
                "event_id": "55",
                "channel": "System",
                "api": "wineventlog",
                "provider_guid": "{0f67e49f-fe51-4e9f-b490-6f2948cc6027}",
                "user": {
                    "type": "Well Known Group",
                    "domain": "NT AUTHORITY",
                    "identifier": "S-1-5-18",
                    "name": "SYSTEM"
                }
            },
            "event": {
                "provider": "Microsoft-Windows-Kernel-Processor-Power",
                "action": "Summary2",
                "created": "2024-12-01T12:51:52.324Z",
                "code": "55",
                "kind": "event"
            },
            "@timestamp": "2024-12-01T17:40:22.048Z",
            "tags": [
                "beats_input_codec_plain_applied"
            ],
            "agent": {
                "type": "winlogbeat",
                "id": "7d8620cd-1507-4fa9-907e-5bc5403bedbf",
                "name": "ROG",
                "version": "8.16.1",
                "ephemeral_id": "8ede2d35-721e-4c5c-8e28-4487de3cedca"
            },
            "ecs": {
                "version": "8.0.0"
            }
        },
        {
            "@version": "1",
            "host": {
                "ip": [
                    "2405:201:500d:a80b:42ce:470:f50a:bbba",
                    "2405:201:500d:a80b:64f8:126a:6554:e9a3",
                    "fe80::b94f:3825:122a:8e76",
                    "192.168.29.177"
                ],
                "os": {
                    "build": "26100.1742",
                    "name": "Windows 11 Home",
                    "version": "10.0",
                    "kernel": "10.0.26100.1742 (WinBuild.160101.0800)",
                    "family": "windows",
                    "type": "windows",
                    "platform": "windows"
                },
                "hostname": "ROG",
                "name": "rog",
                "architecture": "x86_64",
                "mac": [
                    "08-00-27-BE-96-71"
                ],
                "id": "4375e56d-6ce4-4f97-8029-8e9c76e95afe"
            },
            "log": {
                "level": "information"
            },
            "message": "Processor 5 in group 0 exposes the following power management capabilities:\n\nIdle state type: ACPI Idle (C) States (1 state(s))\n\nPerformance state type: None\nNominal Frequency (MHz): 3294\nMaximum performance percentage: 100\nMinimum performance percentage: 100\nMinimum throttle percentage: 100",
            "winlog": {
                "process": {
                    "pid": 4,
                    "thread": {
                        "id": 184
                    }
                },
                "task": "Summary2",
                "computer_name": "ROG",
                "event_data": {
                    "Group": "0",
                    "IdleImplementation": "1",
                    "Number": "5",
                    "MinimumPerformancePercent": "100",
                    "IdleStateCount": "1",
                    "NominalFrequency": "3294",
                    "MinimumThrottlePercent": "100",
                    "PerformanceImplementation": "0",
                    "MaximumPerformancePercent": "100"
                },
                "provider_name": "Microsoft-Windows-Kernel-Processor-Power",
                "record_id": 211,
                "opcode": "Info",
                "event_id": "55",
                "channel": "System",
                "api": "wineventlog",
                "provider_guid": "{0f67e49f-fe51-4e9f-b490-6f2948cc6027}",
                "user": {
                    "name": "SYSTEM",
                    "domain": "NT AUTHORITY",
                    "type": "Well Known Group",
                    "identifier": "S-1-5-18"
                }
            },
            "event": {
                "provider": "Microsoft-Windows-Kernel-Processor-Power",
                "action": "Summary2",
                "created": "2024-12-01T12:51:52.324Z",
                "code": "55",
                "kind": "event"
            },
            "@timestamp": "2024-12-01T17:40:22.048Z",
            "tags": [
                "beats_input_codec_plain_applied"
            ],
            "agent": {
                "ephemeral_id": "8ede2d35-721e-4c5c-8e28-4487de3cedca",
                "id": "7d8620cd-1507-4fa9-907e-5bc5403bedbf",
                "name": "ROG",
                "type": "winlogbeat",
                "version": "8.16.1"
            },
            "ecs": {
                "version": "8.0.0"
            }
        },
        {
            "@version": "1",
            "host": {
                "ip": [
                    "2405:201:500d:a80b:42ce:470:f50a:bbba",
                    "2405:201:500d:a80b:64f8:126a:6554:e9a3",
                    "fe80::b94f:3825:122a:8e76",
                    "192.168.29.177"
                ],
                "hostname": "ROG",
                "os": {
                    "build": "26100.1742",
                    "name": "Windows 11 Home",
                    "version": "10.0",
                    "kernel": "10.0.26100.1742 (WinBuild.160101.0800)",
                    "family": "windows",
                    "type": "windows",
                    "platform": "windows"
                },
                "name": "rog",
                "architecture": "x86_64",
                "mac": [
                    "08-00-27-BE-96-71"
                ],
                "id": "4375e56d-6ce4-4f97-8029-8e9c76e95afe"
            },
            "log": {
                "level": "information"
            },
            "message": "Processor 4 in group 0 exposes the following power management capabilities:\n\nIdle state type: ACPI Idle (C) States (1 state(s))\n\nPerformance state type: None\nNominal Frequency (MHz): 3294\nMaximum performance percentage: 100\nMinimum performance percentage: 100\nMinimum throttle percentage: 100",
            "winlog": {
                "process": {
                    "pid": 4,
                    "thread": {
                        "id": 184
                    }
                },
                "task": "Summary2",
                "computer_name": "ROG",
                "event_data": {
                    "Group": "0",
                    "IdleImplementation": "1",
                    "MaximumPerformancePercent": "100",
                    "Number": "4",
                    "IdleStateCount": "1",
                    "NominalFrequency": "3294",
                    "MinimumThrottlePercent": "100",
                    "MinimumPerformancePercent": "100",
                    "PerformanceImplementation": "0"
                },
                "provider_name": "Microsoft-Windows-Kernel-Processor-Power",
                "record_id": 210,
                "opcode": "Info",
                "event_id": "55",
                "channel": "System",
                "api": "wineventlog",
                "provider_guid": "{0f67e49f-fe51-4e9f-b490-6f2948cc6027}",
                "user": {
                    "domain": "NT AUTHORITY",
                    "name": "SYSTEM",
                    "type": "Well Known Group",
                    "identifier": "S-1-5-18"
                }
            },
            "event": {
                "provider": "Microsoft-Windows-Kernel-Processor-Power",
                "action": "Summary2",
                "code": "55",
                "kind": "event",
                "created": "2024-12-01T12:51:52.324Z"
            },
            "@timestamp": "2024-12-01T17:40:22.047Z",
            "tags": [
                "beats_input_codec_plain_applied"
            ],
            "agent": {
                "ephemeral_id": "8ede2d35-721e-4c5c-8e28-4487de3cedca",
                "id": "7d8620cd-1507-4fa9-907e-5bc5403bedbf",
                "name": "ROG",
                "type": "winlogbeat",
                "version": "8.16.1"
            },
            "ecs": {
                "version": "8.0.0"
            }
        },
        {
            "@version": "1",
            "host": {
                "ip": [
                    "2405:201:500d:a80b:42ce:470:f50a:bbba",
                    "2405:201:500d:a80b:64f8:126a:6554:e9a3",
                    "fe80::b94f:3825:122a:8e76",
                    "192.168.29.177"
                ],
                "os": {
                    "build": "26100.1742",
                    "name": "Windows 11 Home",
                    "version": "10.0",
                    "kernel": "10.0.26100.1742 (WinBuild.160101.0800)",
                    "family": "windows",
                    "type": "windows",
                    "platform": "windows"
                },
                "hostname": "ROG",
                "name": "rog",
                "architecture": "x86_64",
                "mac": [
                    "08-00-27-BE-96-71"
                ],
                "id": "4375e56d-6ce4-4f97-8029-8e9c76e95afe"
            },
            "log": {
                "level": "information"
            },
            "message": "Processor 3 in group 0 exposes the following power management capabilities:\n\nIdle state type: ACPI Idle (C) States (1 state(s))\n\nPerformance state type: None\nNominal Frequency (MHz): 3294\nMaximum performance percentage: 100\nMinimum performance percentage: 100\nMinimum throttle percentage: 100",
            "winlog": {
                "process": {
                    "pid": 4,
                    "thread": {
                        "id": 184
                    }
                },
                "task": "Summary2",
                "computer_name": "ROG",
                "provider_name": "Microsoft-Windows-Kernel-Processor-Power",
                "event_data": {
                    "Group": "0",
                    "IdleImplementation": "1",
                    "Number": "3",
                    "MaximumPerformancePercent": "100",
                    "IdleStateCount": "1",
                    "NominalFrequency": "3294",
                    "MinimumThrottlePercent": "100",
                    "PerformanceImplementation": "0",
                    "MinimumPerformancePercent": "100"
                },
                "record_id": 209,
                "opcode": "Info",
                "event_id": "55",
                "channel": "System",
                "api": "wineventlog",
                "provider_guid": "{0f67e49f-fe51-4e9f-b490-6f2948cc6027}",
                "user": {
                    "name": "SYSTEM",
                    "domain": "NT AUTHORITY",
                    "type": "Well Known Group",
                    "identifier": "S-1-5-18"
                }
            },
            "event": {
                "action": "Summary2",
                "provider": "Microsoft-Windows-Kernel-Processor-Power",
                "created": "2024-12-01T12:51:52.324Z",
                "code": "55",
                "kind": "event"
            },
            "@timestamp": "2024-12-01T17:40:22.046Z",
            "tags": [
                "beats_input_codec_plain_applied"
            ],
            "agent": {
                "ephemeral_id": "8ede2d35-721e-4c5c-8e28-4487de3cedca",
                "id": "7d8620cd-1507-4fa9-907e-5bc5403bedbf",
                "name": "ROG",
                "type": "winlogbeat",
                "version": "8.16.1"
            },
            "ecs": {
                "version": "8.0.0"
            }
        },
        {
            "@version": "1",
            "host": {
                "ip": [
                    "2405:201:500d:a80b:42ce:470:f50a:bbba",
                    "2405:201:500d:a80b:64f8:126a:6554:e9a3",
                    "fe80::b94f:3825:122a:8e76",
                    "192.168.29.177"
                ],
                "os": {
                    "build": "26100.1742",
                    "kernel": "10.0.26100.1742 (WinBuild.160101.0800)",
                    "version": "10.0",
                    "name": "Windows 11 Home",
                    "family": "windows",
                    "type": "windows",
                    "platform": "windows"
                },
                "hostname": "ROG",
                "name": "rog",
                "architecture": "x86_64",
                "mac": [
                    "08-00-27-BE-96-71"
                ],
                "id": "4375e56d-6ce4-4f97-8029-8e9c76e95afe"
            },
            "log": {
                "level": "information"
            },
            "message": "Processor 1 in group 0 exposes the following power management capabilities:\n\nIdle state type: ACPI Idle (C) States (1 state(s))\n\nPerformance state type: None\nNominal Frequency (MHz): 3294\nMaximum performance percentage: 100\nMinimum performance percentage: 100\nMinimum throttle percentage: 100",
            "event": {
                "action": "Summary2",
                "provider": "Microsoft-Windows-Kernel-Processor-Power",
                "created": "2024-12-01T12:51:52.324Z",
                "code": "55",
                "kind": "event"
            },
            "winlog": {
                "process": {
                    "pid": 4,
                    "thread": {
                        "id": 184
                    }
                },
                "task": "Summary2",
                "computer_name": "ROG",
                "event_data": {
                    "MinimumThrottlePercent": "100",
                    "PerformanceImplementation": "0",
                    "Group": "0",
                    "Number": "1",
                    "IdleStateCount": "1",
                    "NominalFrequency": "3294",
                    "IdleImplementation": "1",
                    "MinimumPerformancePercent": "100",
                    "MaximumPerformancePercent": "100"
                },
                "provider_name": "Microsoft-Windows-Kernel-Processor-Power",
                "record_id": 207,
                "opcode": "Info",
                "event_id": "55",
                "channel": "System",
                "api": "wineventlog",
                "provider_guid": "{0f67e49f-fe51-4e9f-b490-6f2948cc6027}",
                "user": {
                    "domain": "NT AUTHORITY",
                    "name": "SYSTEM",
                    "type": "Well Known Group",
                    "identifier": "S-1-5-18"
                }
            },
            "@timestamp": "2024-12-01T17:40:22.045Z",
            "tags": [
                "beats_input_codec_plain_applied"
            ],
            "agent": {
                "type": "winlogbeat",
                "id": "7d8620cd-1507-4fa9-907e-5bc5403bedbf",
                "name": "ROG",
                "version": "8.16.1",
                "ephemeral_id": "8ede2d35-721e-4c5c-8e28-4487de3cedca"
            },
            "ecs": {
                "version": "8.0.0"
            }
        },
        {
            "@version": "1",
            "host": {
                "ip": [
                    "2405:201:500d:a80b:42ce:470:f50a:bbba",
                    "2405:201:500d:a80b:64f8:126a:6554:e9a3",
                    "fe80::b94f:3825:122a:8e76",
                    "192.168.29.177"
                ],
                "os": {
                    "build": "26100.1742",
                    "name": "Windows 11 Home",
                    "version": "10.0",
                    "kernel": "10.0.26100.1742 (WinBuild.160101.0800)",
                    "family": "windows",
                    "type": "windows",
                    "platform": "windows"
                },
                "hostname": "ROG",
                "name": "rog",
                "architecture": "x86_64",
                "mac": [
                    "08-00-27-BE-96-71"
                ],
                "id": "4375e56d-6ce4-4f97-8029-8e9c76e95afe"
            },
            "log": {
                "level": "information"
            },
            "message": "Processor 2 in group 0 exposes the following power management capabilities:\n\nIdle state type: ACPI Idle (C) States (1 state(s))\n\nPerformance state type: None\nNominal Frequency (MHz): 3294\nMaximum performance percentage: 100\nMinimum performance percentage: 100\nMinimum throttle percentage: 100",
            "event": {
                "provider": "Microsoft-Windows-Kernel-Processor-Power",
                "action": "Summary2",
                "created": "2024-12-01T12:51:52.324Z",
                "code": "55",
                "kind": "event"
            },
            "winlog": {
                "process": {
                    "pid": 4,
                    "thread": {
                        "id": 184
                    }
                },
                "task": "Summary2",
                "computer_name": "ROG",
                "provider_name": "Microsoft-Windows-Kernel-Processor-Power",
                "event_data": {
                    "Group": "0",
                    "MinimumPerformancePercent": "100",
                    "Number": "2",
                    "PerformanceImplementation": "0",
                    "IdleStateCount": "1",
                    "NominalFrequency": "3294",
                    "IdleImplementation": "1",
                    "MinimumThrottlePercent": "100",
                    "MaximumPerformancePercent": "100"
                },
                "record_id": 208,
                "opcode": "Info",
                "event_id": "55",
                "channel": "System",
                "api": "wineventlog",
                "provider_guid": "{0f67e49f-fe51-4e9f-b490-6f2948cc6027}",
                "user": {
                    "type": "Well Known Group",
                    "domain": "NT AUTHORITY",
                    "identifier": "S-1-5-18",
                    "name": "SYSTEM"
                }
            },
            "@timestamp": "2024-12-01T17:40:22.045Z",
            "tags": [
                "beats_input_codec_plain_applied"
            ],
            "agent": {
                "type": "winlogbeat",
                "id": "7d8620cd-1507-4fa9-907e-5bc5403bedbf",
                "name": "ROG",
                "version": "8.16.1",
                "ephemeral_id": "8ede2d35-721e-4c5c-8e28-4487de3cedca"
            },
            "ecs": {
                "version": "8.0.0"
            }
        },
        {
            "@version": "1",
            "host": {
                "ip": [
                    "2405:201:500d:a80b:42ce:470:f50a:bbba",
                    "2405:201:500d:a80b:64f8:126a:6554:e9a3",
                    "fe80::b94f:3825:122a:8e76",
                    "192.168.29.177"
                ],
                "hostname": "ROG",
                "os": {
                    "build": "26100.1742",
                    "kernel": "10.0.26100.1742 (WinBuild.160101.0800)",
                    "version": "10.0",
                    "name": "Windows 11 Home",
                    "family": "windows",
                    "type": "windows",
                    "platform": "windows"
                },
                "name": "rog",
                "architecture": "x86_64",
                "mac": [
                    "08-00-27-BE-96-71"
                ],
                "id": "4375e56d-6ce4-4f97-8029-8e9c76e95afe"
            },
            "log": {
                "level": "information"
            },
            "message": "Processor 0 in group 0 exposes the following power management capabilities:\n\nIdle state type: ACPI Idle (C) States (1 state(s))\n\nPerformance state type: None\nNominal Frequency (MHz): 3294\nMaximum performance percentage: 100\nMinimum performance percentage: 100\nMinimum throttle percentage: 100",
            "winlog": {
                "process": {
                    "pid": 4,
                    "thread": {
                        "id": 184
                    }
                },
                "task": "Summary2",
                "computer_name": "ROG",
                "event_data": {
                    "MinimumThrottlePercent": "100",
                    "MinimumPerformancePercent": "100",
                    "Number": "0",
                    "IdleImplementation": "1",
                    "IdleStateCount": "1",
                    "NominalFrequency": "3294",
                    "PerformanceImplementation": "0",
                    "Group": "0",
                    "MaximumPerformancePercent": "100"
                },
                "provider_name": "Microsoft-Windows-Kernel-Processor-Power",
                "record_id": 206,
                "opcode": "Info",
                "event_id": "55",
                "channel": "System",
                "api": "wineventlog",
                "provider_guid": "{0f67e49f-fe51-4e9f-b490-6f2948cc6027}",
                "user": {
                    "type": "Well Known Group",
                    "domain": "NT AUTHORITY",
                    "identifier": "S-1-5-18",
                    "name": "SYSTEM"
                }
            },
            "event": {
                "provider": "Microsoft-Windows-Kernel-Processor-Power",
                "action": "Summary2",
                "created": "2024-12-01T12:51:52.324Z",
                "code": "55",
                "kind": "event"
            },
            "@timestamp": "2024-12-01T17:40:22.044Z",
            "tags": [
                "beats_input_codec_plain_applied"
            ],
            "agent": {
                "ephemeral_id": "8ede2d35-721e-4c5c-8e28-4487de3cedca",
                "id": "7d8620cd-1507-4fa9-907e-5bc5403bedbf",
                "name": "ROG",
                "type": "winlogbeat",
                "version": "8.16.1"
            },
            "ecs": {
                "version": "8.0.0"
            }
        },
        {
            "@version": "1",
            "host": {
                "ip": [
                    "2405:201:500d:a80b:42ce:470:f50a:bbba",
                    "2405:201:500d:a80b:64f8:126a:6554:e9a3",
                    "fe80::b94f:3825:122a:8e76",
                    "192.168.29.177"
                ],
                "hostname": "ROG",
                "os": {
                    "build": "26100.1742",
                    "kernel": "10.0.26100.1742 (WinBuild.160101.0800)",
                    "version": "10.0",
                    "name": "Windows 11 Home",
                    "family": "windows",
                    "type": "windows",
                    "platform": "windows"
                },
                "name": "rog",
                "architecture": "x86_64",
                "mac": [
                    "08-00-27-BE-96-71"
                ],
                "id": "4375e56d-6ce4-4f97-8029-8e9c76e95afe"
            },
            "log": {
                "level": "information"
            },
            "message": "A new process has been created.\n\nCreator Subject:\n\tSecurity ID:\t\tS-1-5-18\n\tAccount Name:\t\t-\n\tAccount Domain:\t\t-\n\tLogon ID:\t\t0x3E7\n\nTarget Subject:\n\tSecurity ID:\t\tS-1-0-0\n\tAccount Name:\t\t-\n\tAccount Domain:\t\t-\n\tLogon ID:\t\t0x0\n\nProcess Information:\n\tNew Process ID:\t\t0x214\n\tNew Process Name:\tC:\\Windows\\System32\\smss.exe\n\tToken Elevation Type:\tTokenElevationTypeDefault (1)\n\tMandatory Label:\t\tS-1-16-16384\n\tCreator Process ID:\t0x4\n\tCreator Process Name:\t\n\tProcess Command Line:\t\n\nToken Elevation Type indicates the type of token that was assigned to the new process in accordance with User Account Control policy.\n\nType 1 is a full token with no privileges removed or groups disabled.  A full token is only used if User Account Control is disabled or if the user is the built-in Administrator account or a service account.\n\nType 2 is an elevated token with no privileges removed or groups disabled.  An elevated token is used when User Account Control is enabled and the user chooses to start the program using Run as administrator.  An elevated token is also used when an application is configured to always require administrative privilege or to always require maximum privilege, and the user is a member of the Administrators group.\n\nType 3 is a limited token with administrative privileges removed and administrative groups disabled.  The limited token is used when User Account Control is enabled, the application does not require administrative privilege, and the user does not choose to start the program using Run as administrator.",
            "event": {
                "provider": "Microsoft-Windows-Security-Auditing",
                "created": "2024-12-01T12:51:52.086Z",
                "code": "4688",
                "outcome": "success",
                "action": "Process Creation",
                "kind": "event"
            },
            "winlog": {
                "process": {
                    "pid": 4,
                    "thread": {
                        "id": 312
                    }
                },
                "task": "Process Creation",
                "computer_name": "ROG",
                "event_data": {
                    "MandatoryLabel": "S-1-16-16384",
                    "NewProcessId": "0x214",
                    "NewProcessName": "C:\\Windows\\System32\\smss.exe",
                    "SubjectDomainName": "-",
                    "TargetUserSid": "S-1-0-0",
                    "SubjectLogonId": "0x3e7",
                    "SubjectUserName": "-",
                    "ProcessId": "0x4",
                    "TargetDomainName": "-",
                    "SubjectUserSid": "S-1-5-18",
                    "TargetLogonId": "0x0",
                    "TokenElevationType": "%%1936",
                    "TargetUserName": "-"
                },
                "provider_name": "Microsoft-Windows-Security-Auditing",
                "record_id": 203,
                "version": 2,
                "opcode": "Info",
                "keywords": [
                    "Audit Success"
                ],
                "event_id": "4688",
                "channel": "Security",
                "api": "wineventlog",
                "provider_guid": "{54849625-5478-4994-a5ba-3e3b0328c30d}"
            },
            "@timestamp": "2024-12-01T17:40:21.632Z",
            "tags": [
                "beats_input_codec_plain_applied"
            ],
            "agent": {
                "ephemeral_id": "8ede2d35-721e-4c5c-8e28-4487de3cedca",
                "id": "7d8620cd-1507-4fa9-907e-5bc5403bedbf",
                "name": "ROG",
                "type": "winlogbeat",
                "version": "8.16.1"
            },
            "ecs": {
                "version": "8.0.0"
            }
        },
        {
            "@version": "1",
            "host": {
                "ip": [
                    "2405:201:500d:a80b:42ce:470:f50a:bbba",
                    "2405:201:500d:a80b:64f8:126a:6554:e9a3",
                    "fe80::b94f:3825:122a:8e76",
                    "192.168.29.177"
                ],
                "os": {
                    "build": "26100.1742",
                    "name": "Windows 11 Home",
                    "kernel": "10.0.26100.1742 (WinBuild.160101.0800)",
                    "version": "10.0",
                    "family": "windows",
                    "type": "windows",
                    "platform": "windows"
                },
                "hostname": "ROG",
                "name": "rog",
                "architecture": "x86_64",
                "mac": [
                    "08-00-27-BE-96-71"
                ],
                "id": "4375e56d-6ce4-4f97-8029-8e9c76e95afe"
            },
            "log": {
                "level": "information"
            },
            "message": "A primary token was assigned to process.\n\nSubject:\n\tSecurity ID:\t\tS-1-5-18\n\tAccount Name:\t\t-\n\tAccount Domain:\t\t-\n\tLogon ID:\t\t0x3E7\n\nProcess Information:\n\tProcess ID:\t0x4\n\tProcess Name:\t\n\nTarget Process:\n\tTarget Process ID:\t0xa0\n\tTarget Process Name:\tRegistry\n\nNew Token Information:\n\tSecurity ID:\t\tS-1-0-0\n\tAccount Name:\t\t-\n\tAccount Domain:\t\t-\n\tLogon ID:\t\t0x3E7",
            "winlog": {
                "process": {
                    "pid": 4,
                    "thread": {
                        "id": 156
                    }
                },
                "task": "Process Creation",
                "computer_name": "ROG",
                "event_data": {
                    "SubjectDomainName": "-",
                    "TargetUserSid": "S-1-0-0",
                    "SubjectLogonId": "0x3e7",
                    "SubjectUserName": "-",
                    "ProcessId": "0x4",
                    "TargetProcessName": "Registry",
                    "TargetDomainName": "-",
                    "TargetProcessId": "0xa0",
                    "SubjectUserSid": "S-1-5-18",
                    "TargetLogonId": "0x3e7",
                    "TargetUserName": "-"
                },
                "provider_name": "Microsoft-Windows-Security-Auditing",
                "record_id": 201,
                "opcode": "Info",
                "event_id": "4696",
                "channel": "Security",
                "keywords": [
                    "Audit Success"
                ],
                "api": "wineventlog",
                "provider_guid": "{54849625-5478-4994-a5ba-3e3b0328c30d}"
            },
            "event": {
                "provider": "Microsoft-Windows-Security-Auditing",
                "created": "2024-12-01T12:51:52.086Z",
                "code": "4696",
                "outcome": "success",
                "action": "Process Creation",
                "kind": "event"
            },
            "@timestamp": "2024-12-01T17:40:21.623Z",
            "tags": [
                "beats_input_codec_plain_applied"
            ],
            "agent": {
                "type": "winlogbeat",
                "id": "7d8620cd-1507-4fa9-907e-5bc5403bedbf",
                "name": "ROG",
                "version": "8.16.1",
                "ephemeral_id": "8ede2d35-721e-4c5c-8e28-4487de3cedca"
            },
            "ecs": {
                "version": "8.0.0"
            }
        },
        {
            "@version": "1",
            "host": {
                "ip": [
                    "2405:201:500d:a80b:42ce:470:f50a:bbba",
                    "2405:201:500d:a80b:64f8:126a:6554:e9a3",
                    "fe80::b94f:3825:122a:8e76",
                    "192.168.29.177"
                ],
                "hostname": "ROG",
                "os": {
                    "build": "26100.1742",
                    "name": "Windows 11 Home",
                    "kernel": "10.0.26100.1742 (WinBuild.160101.0800)",
                    "version": "10.0",
                    "family": "windows",
                    "type": "windows",
                    "platform": "windows"
                },
                "name": "rog",
                "architecture": "x86_64",
                "mac": [
                    "08-00-27-BE-96-71"
                ],
                "id": "4375e56d-6ce4-4f97-8029-8e9c76e95afe"
            },
            "log": {
                "level": "information"
            },
            "message": "Boot Configuration Data loaded.\n\nSubject:\n\tSecurity ID:\t\tS-1-5-18\n\tAccount Name:\t\t-\n\tAccount Domain:\t\t-\n\tLogon ID:\t\t0x3E7\n\nGeneral Settings:\n\tLoad Options:\t\t-\n\tAdvanced Options:\t\tNo\n\tConfiguration Access Policy:\tDefault\n\tSystem Event Logging:\tNo\n\tKernel Debugging:\tNo\n\tVSM Launch Type:\tOff\n\nSignature Settings:\n\tTest Signing:\t\tNo\n\tFlight Signing:\t\tNo\n\tDisable Integrity Checks:\tNo\n\nHyperVisor Settings:\n\tHyperVisor Load Options:\t-\n\tHyperVisor Launch Type:\tOff\n\tHyperVisor Debugging:\tNo",
            "winlog": {
                "process": {
                    "pid": 4,
                    "thread": {
                        "id": 156
                    }
                },
                "task": "Process Creation",
                "computer_name": "ROG",
                "event_data": {
                    "ConfigAccessPolicy": "%%1846",
                    "AdvancedOptions": "%%1843",
                    "HypervisorLoadOptions": "-",
                    "SubjectDomainName": "-",
                    "LoadOptions": "-",
                    "SubjectLogonId": "0x3e7",
                    "VsmLaunchType": "%%1848",
                    "SubjectUserName": "-",
                    "RemoteEventLogging": "%%1843",
                    "DisableIntegrityChecks": "%%1843",
                    "SubjectUserSid": "S-1-5-18",
                    "TestSigning": "%%1843",
                    "HypervisorDebug": "%%1843",
                    "KernelDebug": "%%1843",
                    "HypervisorLaunchType": "%%1848",
                    "FlightSigning": "%%1843"
                },
                "provider_name": "Microsoft-Windows-Security-Auditing",
                "record_id": 202,
                "opcode": "Info",
                "event_id": "4826",
                "channel": "Security",
                "keywords": [
                    "Audit Success"
                ],
                "api": "wineventlog",
                "provider_guid": "{54849625-5478-4994-a5ba-3e3b0328c30d}"
            },
            "event": {
                "provider": "Microsoft-Windows-Security-Auditing",
                "outcome": "success",
                "created": "2024-12-01T12:51:52.086Z",
                "code": "4826",
                "action": "Process Creation",
                "kind": "event"
            },
            "@timestamp": "2024-12-01T17:40:21.623Z",
            "tags": [
                "beats_input_codec_plain_applied"
            ],
            "agent": {
                "ephemeral_id": "8ede2d35-721e-4c5c-8e28-4487de3cedca",
                "id": "7d8620cd-1507-4fa9-907e-5bc5403bedbf",
                "name": "ROG",
                "type": "winlogbeat",
                "version": "8.16.1"
            },
            "ecs": {
                "version": "8.0.0"
            }
        },
        {
            "@version": "1",
            "host": {
                "ip": [
                    "2405:201:500d:a80b:42ce:470:f50a:bbba",
                    "2405:201:500d:a80b:64f8:126a:6554:e9a3",
                    "fe80::b94f:3825:122a:8e76",
                    "192.168.29.177"
                ],
                "hostname": "ROG",
                "os": {
                    "build": "26100.1742",
                    "name": "Windows 11 Home",
                    "version": "10.0",
                    "kernel": "10.0.26100.1742 (WinBuild.160101.0800)",
                    "family": "windows",
                    "type": "windows",
                    "platform": "windows"
                },
                "name": "rog",
                "architecture": "x86_64",
                "mac": [
                    "08-00-27-BE-96-71"
                ],
                "id": "4375e56d-6ce4-4f97-8029-8e9c76e95afe"
            },
            "log": {
                "level": "information"
            },
            "message": "A new process has been created.\n\nCreator Subject:\n\tSecurity ID:\t\tS-1-5-18\n\tAccount Name:\t\t-\n\tAccount Domain:\t\t-\n\tLogon ID:\t\t0x3E7\n\nTarget Subject:\n\tSecurity ID:\t\tS-1-0-0\n\tAccount Name:\t\t-\n\tAccount Domain:\t\t-\n\tLogon ID:\t\t0x0\n\nProcess Information:\n\tNew Process ID:\t\t0xa0\n\tNew Process Name:\tRegistry\n\tToken Elevation Type:\tTokenElevationTypeDefault (1)\n\tMandatory Label:\t\tS-1-16-16384\n\tCreator Process ID:\t0x4\n\tCreator Process Name:\t\n\tProcess Command Line:\t\n\nToken Elevation Type indicates the type of token that was assigned to the new process in accordance with User Account Control policy.\n\nType 1 is a full token with no privileges removed or groups disabled.  A full token is only used if User Account Control is disabled or if the user is the built-in Administrator account or a service account.\n\nType 2 is an elevated token with no privileges removed or groups disabled.  An elevated token is used when User Account Control is enabled and the user chooses to start the program using Run as administrator.  An elevated token is also used when an application is configured to always require administrative privilege or to always require maximum privilege, and the user is a member of the Administrators group.\n\nType 3 is a limited token with administrative privileges removed and administrative groups disabled.  The limited token is used when User Account Control is enabled, the application does not require administrative privilege, and the user does not choose to start the program using Run as administrator.",
            "winlog": {
                "process": {
                    "pid": 4,
                    "thread": {
                        "id": 156
                    }
                },
                "task": "Process Creation",
                "computer_name": "ROG",
                "provider_name": "Microsoft-Windows-Security-Auditing",
                "event_data": {
                    "MandatoryLabel": "S-1-16-16384",
                    "NewProcessId": "0xa0",
                    "NewProcessName": "Registry",
                    "SubjectDomainName": "-",
                    "TargetUserSid": "S-1-0-0",
                    "SubjectLogonId": "0x3e7",
                    "SubjectUserName": "-",
                    "ProcessId": "0x4",
                    "TargetDomainName": "-",
                    "SubjectUserSid": "S-1-5-18",
                    "TargetLogonId": "0x0",
                    "TokenElevationType": "%%1936",
                    "TargetUserName": "-"
                },
                "record_id": 200,
                "version": 2,
                "opcode": "Info",
                "event_id": "4688",
                "channel": "Security",
                "keywords": [
                    "Audit Success"
                ],
                "api": "wineventlog",
                "provider_guid": "{54849625-5478-4994-a5ba-3e3b0328c30d}"
            },
            "event": {
                "provider": "Microsoft-Windows-Security-Auditing",
                "created": "2024-12-01T12:51:52.022Z",
                "code": "4688",
                "outcome": "success",
                "action": "Process Creation",
                "kind": "event"
            },
            "@timestamp": "2024-12-01T17:40:21.623Z",
            "tags": [
                "beats_input_codec_plain_applied"
            ],
            "agent": {
                "type": "winlogbeat",
                "id": "7d8620cd-1507-4fa9-907e-5bc5403bedbf",
                "name": "ROG",
                "version": "8.16.1",
                "ephemeral_id": "8ede2d35-721e-4c5c-8e28-4487de3cedca"
            },
            "ecs": {
                "version": "8.0.0"
            }
        },
        {
            "@version": "1",
            "host": {
                "ip": [
                    "2405:201:500d:a80b:42ce:470:f50a:bbba",
                    "2405:201:500d:a80b:64f8:126a:6554:e9a3",
                    "fe80::b94f:3825:122a:8e76",
                    "192.168.29.177"
                ],
                "hostname": "ROG",
                "os": {
                    "build": "26100.1742",
                    "name": "Windows 11 Home",
                    "version": "10.0",
                    "kernel": "10.0.26100.1742 (WinBuild.160101.0800)",
                    "family": "windows",
                    "type": "windows",
                    "platform": "windows"
                },
                "name": "rog",
                "architecture": "x86_64",
                "mac": [
                    "08-00-27-BE-96-71"
                ],
                "id": "4375e56d-6ce4-4f97-8029-8e9c76e95afe"
            },
            "log": {
                "level": "information"
            },
            "message": "Connectivity state in standby: Disconnected, Reason: NIC compliance",
            "winlog": {
                "process": {
                    "pid": 4,
                    "thread": {
                        "id": 308
                    }
                },
                "task": "StandbyConnectivityUpdate",
                "computer_name": "ROG",
                "provider_name": "Microsoft-Windows-Kernel-Power",
                "event_data": {
                    "Reason": "6",
                    "State": "2"
                },
                "record_id": 205,
                "opcode": "Info",
                "event_id": "172",
                "channel": "System",
                "keywords": [
                    "po:DiagnosticLight",
                    "po:Diagnostic"
                ],
                "api": "wineventlog",
                "provider_guid": "{331c3b3a-2005-44c2-ac5e-77220c37d6b4}",
                "user": {
                    "type": "Well Known Group",
                    "domain": "NT AUTHORITY",
                    "identifier": "S-1-5-18",
                    "name": "SYSTEM"
                }
            },
            "event": {
                "provider": "Microsoft-Windows-Kernel-Power",
                "action": "StandbyConnectivityUpdate",
                "created": "2024-12-01T12:51:52.324Z",
                "code": "172",
                "kind": "event"
            },
            "@timestamp": "2024-12-01T17:40:21.614Z",
            "tags": [
                "beats_input_codec_plain_applied"
            ],
            "agent": {
                "version": "8.16.1",
                "id": "7d8620cd-1507-4fa9-907e-5bc5403bedbf",
                "name": "ROG",
                "type": "winlogbeat",
                "ephemeral_id": "8ede2d35-721e-4c5c-8e28-4487de3cedca"
            },
            "ecs": {
                "version": "8.0.0"
            }
        },
