        {
            "@version": "1",
            "host": {
                "ip": [
                    "2405:201:500d:a80b:42ce:470:f50a:bbba",
                    "2405:201:500d:a80b:64f8:126a:6554:e9a3",
                    "fe80::b94f:3825:122a:8e76",
                    "192.168.29.177"
                ],
                "hostname": "ROG",
                "os": {
                    "build": "26100.1742",
                    "name": "Windows 11 Home",
                    "version": "10.0",
                    "kernel": "10.0.26100.1742 (WinBuild.160101.0800)",
                    "family": "windows",
                    "type": "windows",
                    "platform": "windows"
                },
                "name": "rog",
                "architecture": "x86_64",
                "mac": [
                    "08-00-27-BE-96-71"
                ],
                "id": "4375e56d-6ce4-4f97-8029-8e9c76e95afe"
            },
            "log": {
                "level": "information"
            },
            "message": "An account was successfully logged on.\n\nSubject:\n\tSecurity ID:\t\tS-1-5-18\n\tAccount Name:\t\tROG$\n\tAccount Domain:\t\tWORKGROUP\n\tLogon ID:\t\t0x3E7\n\nLogon Information:\n\tLogon Type:\t\t2\n\tRestricted Admin Mode:\t-\n\tRemote Credential Guard:\t-\n\tVirtual Account:\t\tYes\n\tElevated Token:\t\tNo\n\nImpersonation Level:\t\tImpersonation\n\nNew Logon:\n\tSecurity ID:\t\tS-1-5-90-0-1\n\tAccount Name:\t\tDWM-1\n\tAccount Domain:\t\tWindow Manager\n\tLogon ID:\t\t0xDBA3\n\tLinked Logon ID:\t\t0xDB92\n\tNetwork Account Name:\t-\n\tNetwork Account Domain:\t-\n\tLogon GUID:\t\t{00000000-0000-0000-0000-000000000000}\n\nProcess Information:\n\tProcess ID:\t\t0x378\n\tProcess Name:\t\tC:\\Windows\\System32\\winlogon.exe\n\nNetwork Information:\n\tWorkstation Name:\t-\n\tSource Network Address:\t-\n\tSource Port:\t\t-\n\nDetailed Authentication Information:\n\tLogon Process:\t\tAdvapi  \n\tAuthentication Package:\tNegotiate\n\tTransited Services:\t-\n\tPackage Name (NTLM only):\t-\n\tKey Length:\t\t0\n\nThis event is generated when a logon session is created. It is generated on the computer that was accessed.\n\nThe subject fields indicate the account on the local system which requested the logon. This is most commonly a service such as the Server service, or a local process such as Winlogon.exe or Services.exe.\n\nThe logon type field indicates the kind of logon that occurred. The most common types are 2 (interactive) and 3 (network).\n\nThe New Logon fields indicate the account for whom the new logon was created, i.e. the account that was logged on.\n\nThe network fields indicate where a remote logon request originated. Workstation name is not always available and may be left blank in some cases.\n\nThe impersonation level field indicates the extent to which a process in the logon session can impersonate.\n\nThe authentication information fields provide detailed information about this specific logon request.\n\t- Logon GUID is a unique identifier that can be used to correlate this event with a KDC event.\n\t- Transited services indicate which intermediate services have participated in this logon request.\n\t- Package name indicates which sub-protocol was used among the NTLM protocols.\n\t- Key length indicates the length of the generated session key. This will be 0 if no session key was requested.",
            "event": {
                "provider": "Microsoft-Windows-Security-Auditing",
                "outcome": "success",
                "created": "2024-12-01T12:51:52.087Z",
                "code": "4624",
                "action": "Process Creation",
                "kind": "event"
            },
            "winlog": {
                "process": {
                    "pid": 980,
                    "thread": {
                        "id": 648
                    }
                },
                "task": "Process Creation",
                "computer_name": "ROG",
                "event_data": {
                    "KeyLength": "0",
                    "LmPackageName": "-",
                    "TargetOutboundUserName": "-",
                    "TransmittedServices": "-",
                    "TargetLinkedLogonId": "0xdb92",
                    "TargetUserSid": "S-1-5-90-0-1",
                    "SubjectLogonId": "0x3e7",
                    "ProcessName": "C:\\Windows\\System32\\winlogon.exe",
                    "SubjectUserName": "ROG$",
                    "LogonGuid": "{00000000-0000-0000-0000-000000000000}",
                    "ElevatedToken": "%%1843",
                    "ImpersonationLevel": "%%1833",
                    "TargetDomainName": "Window Manager",
                    "TargetLogonId": "0xdba3",
                    "TargetOutboundDomainName": "-",
                    "AuthenticationPackageName": "Negotiate",
                    "SubjectDomainName": "WORKGROUP",
                    "ProcessId": "0x378",
                    "RemoteCredentialGuard": "-",
                    "WorkstationName": "-",
                    "IpPort": "-",
                    "SubjectUserSid": "S-1-5-18",
                    "LogonType": "2",
                    "LogonProcessName": "Advapi  ",
                    "IpAddress": "-",
                    "RestrictedAdminMode": "-",
                    "TargetUserName": "DWM-1",
                    "VirtualAccount": "%%1842"
                },
                "provider_name": "Microsoft-Windows-Security-Auditing",
                "record_id": 237,
                "version": 3,
                "opcode": "Info",
                "event_id": "4624",
                "keywords": [
                    "Audit Success"
                ],
                "channel": "Security",
                "activity_id": "{17dd9303-4418-0002-a593-dd171844db01}",
                "api": "wineventlog",
                "provider_guid": "{54849625-5478-4994-a5ba-3e3b0328c30d}"
            },
            "@timestamp": "2024-12-01T17:40:25.025Z",
            "tags": [
                "beats_input_codec_plain_applied"
            ],
            "agent": {
                "type": "winlogbeat",
                "id": "7d8620cd-1507-4fa9-907e-5bc5403bedbf",
                "name": "ROG",
                "version": "8.16.1",
                "ephemeral_id": "8ede2d35-721e-4c5c-8e28-4487de3cedca"
            },
            "ecs": {
                "version": "8.0.0"
            }
        },
        {
            "@version": "1",
            "host": {
                "ip": [
                    "2405:201:500d:a80b:42ce:470:f50a:bbba",
                    "2405:201:500d:a80b:64f8:126a:6554:e9a3",
                    "fe80::b94f:3825:122a:8e76",
                    "192.168.29.177"
                ],
                "hostname": "ROG",
                "os": {
                    "build": "26100.1742",
                    "name": "Windows 11 Home",
                    "version": "10.0",
                    "kernel": "10.0.26100.1742 (WinBuild.160101.0800)",
                    "family": "windows",
                    "type": "windows",
                    "platform": "windows"
                },
                "name": "rog",
                "architecture": "x86_64",
                "mac": [
                    "08-00-27-BE-96-71"
                ],
                "id": "4375e56d-6ce4-4f97-8029-8e9c76e95afe"
            },
            "log": {
                "level": "information"
            },
            "message": "Special privileges assigned to new logon.\n\nSubject:\n\tSecurity ID:\t\tS-1-5-90-0-1\n\tAccount Name:\t\tDWM-1\n\tAccount Domain:\t\tWindow Manager\n\tLogon ID:\t\t0xDB92\n\nPrivileges:\t\tSeAssignPrimaryTokenPrivilege\n\t\t\tSeAuditPrivilege\n\t\t\tSeImpersonatePrivilege",
            "event": {
                "provider": "Microsoft-Windows-Security-Auditing",
                "code": "4672",
                "outcome": "success",
                "created": "2024-12-01T12:51:52.087Z",
                "action": "Process Creation",
                "kind": "event"
            },
            "winlog": {
                "process": {
                    "pid": 980,
                    "thread": {
                        "id": 648
                    }
                },
                "task": "Process Creation",
                "computer_name": "ROG",
                "provider_name": "Microsoft-Windows-Security-Auditing",
                "event_data": {
                    "SubjectUserName": "DWM-1",
                    "PrivilegeList": "SeAssignPrimaryTokenPrivilege\n\t\t\tSeAuditPrivilege\n\t\t\tSeImpersonatePrivilege",
                    "SubjectUserSid": "S-1-5-90-0-1",
                    "SubjectDomainName": "Window Manager",
                    "SubjectLogonId": "0xdb92"
                },
                "record_id": 238,
                "opcode": "Info",
                "event_id": "4672",
                "keywords": [
                    "Audit Success"
                ],
                "channel": "Security",
                "activity_id": "{17dd9303-4418-0002-a593-dd171844db01}",
                "api": "wineventlog",
                "provider_guid": "{54849625-5478-4994-a5ba-3e3b0328c30d}"
            },
            "@timestamp": "2024-12-01T17:40:25.025Z",
            "tags": [
                "beats_input_codec_plain_applied"
            ],
            "agent": {
                "ephemeral_id": "8ede2d35-721e-4c5c-8e28-4487de3cedca",
                "id": "7d8620cd-1507-4fa9-907e-5bc5403bedbf",
                "name": "ROG",
                "type": "winlogbeat",
                "version": "8.16.1"
            },
            "ecs": {
                "version": "8.0.0"
            }
        },
        {
            "@version": "1",
            "host": {
                "ip": [
                    "2405:201:500d:a80b:42ce:470:f50a:bbba",
                    "2405:201:500d:a80b:64f8:126a:6554:e9a3",
                    "fe80::b94f:3825:122a:8e76",
                    "192.168.29.177"
                ],
                "os": {
                    "build": "26100.1742",
                    "name": "Windows 11 Home",
                    "kernel": "10.0.26100.1742 (WinBuild.160101.0800)",
                    "version": "10.0",
                    "family": "windows",
                    "type": "windows",
                    "platform": "windows"
                },
                "hostname": "ROG",
                "name": "rog",
                "architecture": "x86_64",
                "mac": [
                    "08-00-27-BE-96-71"
                ],
                "id": "4375e56d-6ce4-4f97-8029-8e9c76e95afe"
            },
            "log": {
                "level": "information"
            },
            "message": "Special privileges assigned to new logon.\n\nSubject:\n\tSecurity ID:\t\tS-1-5-90-0-1\n\tAccount Name:\t\tDWM-1\n\tAccount Domain:\t\tWindow Manager\n\tLogon ID:\t\t0xDBA3\n\nPrivileges:\t\tSeAssignPrimaryTokenPrivilege\n\t\t\tSeAuditPrivilege",
            "winlog": {
                "process": {
                    "pid": 980,
                    "thread": {
                        "id": 648
                    }
                },
                "task": "Process Creation",
                "computer_name": "ROG",
                "provider_name": "Microsoft-Windows-Security-Auditing",
                "event_data": {
                    "SubjectUserSid": "S-1-5-90-0-1",
                    "PrivilegeList": "SeAssignPrimaryTokenPrivilege\n\t\t\tSeAuditPrivilege",
                    "SubjectUserName": "DWM-1",
                    "SubjectDomainName": "Window Manager",
                    "SubjectLogonId": "0xdba3"
                },
                "record_id": 239,
                "opcode": "Info",
                "event_id": "4672",
                "channel": "Security",
                "keywords": [
                    "Audit Success"
                ],
                "activity_id": "{17dd9303-4418-0002-a593-dd171844db01}",
                "api": "wineventlog",
                "provider_guid": "{54849625-5478-4994-a5ba-3e3b0328c30d}"
            },
            "event": {
                "provider": "Microsoft-Windows-Security-Auditing",
                "outcome": "success",
                "created": "2024-12-01T12:51:52.087Z",
                "code": "4672",
                "action": "Process Creation",
                "kind": "event"
            },
            "@timestamp": "2024-12-01T17:40:25.025Z",
            "tags": [
                "beats_input_codec_plain_applied"
            ],
            "agent": {
                "ephemeral_id": "8ede2d35-721e-4c5c-8e28-4487de3cedca",
                "id": "7d8620cd-1507-4fa9-907e-5bc5403bedbf",
                "name": "ROG",
                "type": "winlogbeat",
                "version": "8.16.1"
            },
            "ecs": {
                "version": "8.0.0"
            }
        },
        {
            "@version": "1",
            "host": {
                "ip": [
                    "2405:201:500d:a80b:42ce:470:f50a:bbba",
                    "2405:201:500d:a80b:64f8:126a:6554:e9a3",
                    "fe80::b94f:3825:122a:8e76",
                    "192.168.29.177"
                ],
                "hostname": "ROG",
                "os": {
                    "build": "26100.1742",
                    "kernel": "10.0.26100.1742 (WinBuild.160101.0800)",
                    "version": "10.0",
                    "name": "Windows 11 Home",
                    "family": "windows",
                    "type": "windows",
                    "platform": "windows"
                },
                "name": "rog",
                "architecture": "x86_64",
                "mac": [
                    "08-00-27-BE-96-71"
                ],
                "id": "4375e56d-6ce4-4f97-8029-8e9c76e95afe"
            },
            "log": {
                "level": "information"
            },
            "message": "An account was successfully logged on.\n\nSubject:\n\tSecurity ID:\t\tS-1-5-18\n\tAccount Name:\t\tROG$\n\tAccount Domain:\t\tWORKGROUP\n\tLogon ID:\t\t0x3E7\n\nLogon Information:\n\tLogon Type:\t\t5\n\tRestricted Admin Mode:\t-\n\tRemote Credential Guard:\t-\n\tVirtual Account:\t\tNo\n\tElevated Token:\t\tYes\n\nImpersonation Level:\t\tImpersonation\n\nNew Logon:\n\tSecurity ID:\t\tS-1-5-19\n\tAccount Name:\t\tLOCAL SERVICE\n\tAccount Domain:\t\tNT AUTHORITY\n\tLogon ID:\t\t0x3E5\n\tLinked Logon ID:\t\t0x0\n\tNetwork Account Name:\t-\n\tNetwork Account Domain:\t-\n\tLogon GUID:\t\t{00000000-0000-0000-0000-000000000000}\n\nProcess Information:\n\tProcess ID:\t\t0x3c0\n\tProcess Name:\t\tC:\\Windows\\System32\\services.exe\n\nNetwork Information:\n\tWorkstation Name:\t-\n\tSource Network Address:\t-\n\tSource Port:\t\t-\n\nDetailed Authentication Information:\n\tLogon Process:\t\tAdvapi  \n\tAuthentication Package:\tNegotiate\n\tTransited Services:\t-\n\tPackage Name (NTLM only):\t-\n\tKey Length:\t\t0\n\nThis event is generated when a logon session is created. It is generated on the computer that was accessed.\n\nThe subject fields indicate the account on the local system which requested the logon. This is most commonly a service such as the Server service, or a local process such as Winlogon.exe or Services.exe.\n\nThe logon type field indicates the kind of logon that occurred. The most common types are 2 (interactive) and 3 (network).\n\nThe New Logon fields indicate the account for whom the new logon was created, i.e. the account that was logged on.\n\nThe network fields indicate where a remote logon request originated. Workstation name is not always available and may be left blank in some cases.\n\nThe impersonation level field indicates the extent to which a process in the logon session can impersonate.\n\nThe authentication information fields provide detailed information about this specific logon request.\n\t- Logon GUID is a unique identifier that can be used to correlate this event with a KDC event.\n\t- Transited services indicate which intermediate services have participated in this logon request.\n\t- Package name indicates which sub-protocol was used among the NTLM protocols.\n\t- Key length indicates the length of the generated session key. This will be 0 if no session key was requested.",
            "event": {
                "provider": "Microsoft-Windows-Security-Auditing",
                "outcome": "success",
                "created": "2024-12-01T12:51:52.087Z",
                "code": "4624",
                "action": "Process Creation",
                "kind": "event"
            },
            "winlog": {
                "process": {
                    "pid": 980,
                    "thread": {
                        "id": 648
                    }
                },
                "task": "Process Creation",
                "computer_name": "ROG",
                "event_data": {
                    "KeyLength": "0",
                    "LmPackageName": "-",
                    "TargetOutboundUserName": "-",
                    "TransmittedServices": "-",
                    "TargetLinkedLogonId": "0x0",
                    "TargetUserSid": "S-1-5-19",
                    "ProcessName": "C:\\Windows\\System32\\services.exe",
                    "LogonGuid": "{00000000-0000-0000-0000-000000000000}",
                    "SubjectUserName": "ROG$",
                    "SubjectLogonId": "0x3e7",
                    "ElevatedToken": "%%1842",
                    "ImpersonationLevel": "%%1833",
                    "TargetDomainName": "NT AUTHORITY",
                    "TargetLogonId": "0x3e5",
                    "TargetOutboundDomainName": "-",
                    "AuthenticationPackageName": "Negotiate",
                    "SubjectDomainName": "WORKGROUP",
                    "ProcessId": "0x3c0",
                    "RemoteCredentialGuard": "-",
                    "WorkstationName": "-",
                    "IpPort": "-",
                    "SubjectUserSid": "S-1-5-18",
                    "LogonType": "5",
                    "LogonProcessName": "Advapi  ",
                    "IpAddress": "-",
                    "RestrictedAdminMode": "-",
                    "TargetUserName": "LOCAL SERVICE",
                    "VirtualAccount": "%%1843"
                },
                "provider_name": "Microsoft-Windows-Security-Auditing",
                "record_id": 233,
                "version": 3,
                "opcode": "Info",
                "event_id": "4624",
                "keywords": [
                    "Audit Success"
                ],
                "channel": "Security",
                "activity_id": "{17dd9303-4418-0002-a593-dd171844db01}",
                "api": "wineventlog",
                "provider_guid": "{54849625-5478-4994-a5ba-3e3b0328c30d}"
            },
            "@timestamp": "2024-12-01T17:40:25.014Z",
            "tags": [
                "beats_input_codec_plain_applied"
            ],
            "agent": {
                "ephemeral_id": "8ede2d35-721e-4c5c-8e28-4487de3cedca",
                "id": "7d8620cd-1507-4fa9-907e-5bc5403bedbf",
                "name": "ROG",
                "type": "winlogbeat",
                "version": "8.16.1"
            },
            "ecs": {
                "version": "8.0.0"
            }
        },
        {
            "@version": "1",
            "host": {
                "ip": [
                    "2405:201:500d:a80b:42ce:470:f50a:bbba",
                    "2405:201:500d:a80b:64f8:126a:6554:e9a3",
                    "fe80::b94f:3825:122a:8e76",
                    "192.168.29.177"
                ],
                "hostname": "ROG",
                "os": {
                    "build": "26100.1742",
                    "name": "Windows 11 Home",
                    "version": "10.0",
                    "kernel": "10.0.26100.1742 (WinBuild.160101.0800)",
                    "family": "windows",
                    "type": "windows",
                    "platform": "windows"
                },
                "name": "rog",
                "architecture": "x86_64",
                "mac": [
                    "08-00-27-BE-96-71"
                ],
                "id": "4375e56d-6ce4-4f97-8029-8e9c76e95afe"
            },
            "log": {
                "level": "information"
            },
            "message": "Special privileges assigned to new logon.\n\nSubject:\n\tSecurity ID:\t\tS-1-5-19\n\tAccount Name:\t\tLOCAL SERVICE\n\tAccount Domain:\t\tNT AUTHORITY\n\tLogon ID:\t\t0x3E5\n\nPrivileges:\t\tSeAssignPrimaryTokenPrivilege\n\t\t\tSeAuditPrivilege\n\t\t\tSeImpersonatePrivilege",
            "winlog": {
                "process": {
                    "pid": 980,
                    "thread": {
                        "id": 648
                    }
                },
                "task": "Process Creation",
                "computer_name": "ROG",
                "provider_name": "Microsoft-Windows-Security-Auditing",
                "event_data": {
                    "SubjectUserName": "LOCAL SERVICE",
                    "PrivilegeList": "SeAssignPrimaryTokenPrivilege\n\t\t\tSeAuditPrivilege\n\t\t\tSeImpersonatePrivilege",
                    "SubjectUserSid": "S-1-5-19",
                    "SubjectDomainName": "NT AUTHORITY",
                    "SubjectLogonId": "0x3e5"
                },
                "record_id": 234,
                "opcode": "Info",
                "keywords": [
                    "Audit Success"
                ],
                "channel": "Security",
                "event_id": "4672",
                "activity_id": "{17dd9303-4418-0002-a593-dd171844db01}",
                "api": "wineventlog",
                "provider_guid": "{54849625-5478-4994-a5ba-3e3b0328c30d}"
            },
            "event": {
                "provider": "Microsoft-Windows-Security-Auditing",
                "created": "2024-12-01T12:51:52.087Z",
                "code": "4672",
                "outcome": "success",
                "action": "Process Creation",
                "kind": "event"
            },
            "@timestamp": "2024-12-01T17:40:25.014Z",
            "tags": [
                "beats_input_codec_plain_applied"
            ],
            "agent": {
                "ephemeral_id": "8ede2d35-721e-4c5c-8e28-4487de3cedca",
                "id": "7d8620cd-1507-4fa9-907e-5bc5403bedbf",
                "name": "ROG",
                "type": "winlogbeat",
                "version": "8.16.1"
            },
            "ecs": {
                "version": "8.0.0"
            }
        },
        {
            "@version": "1",
            "host": {
                "ip": [
                    "2405:201:500d:a80b:42ce:470:f50a:bbba",
                    "2405:201:500d:a80b:64f8:126a:6554:e9a3",
                    "fe80::b94f:3825:122a:8e76",
                    "192.168.29.177"
                ],
                "hostname": "ROG",
                "os": {
                    "build": "26100.1742",
                    "name": "Windows 11 Home",
                    "kernel": "10.0.26100.1742 (WinBuild.160101.0800)",
                    "version": "10.0",
                    "family": "windows",
                    "type": "windows",
                    "platform": "windows"
                },
                "name": "rog",
                "architecture": "x86_64",
                "mac": [
                    "08-00-27-BE-96-71"
                ],
                "id": "4375e56d-6ce4-4f97-8029-8e9c76e95afe"
            },
            "log": {
                "level": "information"
            },
            "message": "An account was successfully logged on.\n\nSubject:\n\tSecurity ID:\t\tS-1-5-18\n\tAccount Name:\t\tROG$\n\tAccount Domain:\t\tWORKGROUP\n\tLogon ID:\t\t0x3E7\n\nLogon Information:\n\tLogon Type:\t\t5\n\tRestricted Admin Mode:\t-\n\tRemote Credential Guard:\t-\n\tVirtual Account:\t\tNo\n\tElevated Token:\t\tYes\n\nImpersonation Level:\t\tImpersonation\n\nNew Logon:\n\tSecurity ID:\t\tS-1-5-18\n\tAccount Name:\t\tSYSTEM\n\tAccount Domain:\t\tNT AUTHORITY\n\tLogon ID:\t\t0x3E7\n\tLinked Logon ID:\t\t0x0\n\tNetwork Account Name:\t-\n\tNetwork Account Domain:\t-\n\tLogon GUID:\t\t{00000000-0000-0000-0000-000000000000}\n\nProcess Information:\n\tProcess ID:\t\t0x3c0\n\tProcess Name:\t\tC:\\Windows\\System32\\services.exe\n\nNetwork Information:\n\tWorkstation Name:\t-\n\tSource Network Address:\t-\n\tSource Port:\t\t-\n\nDetailed Authentication Information:\n\tLogon Process:\t\tAdvapi  \n\tAuthentication Package:\tNegotiate\n\tTransited Services:\t-\n\tPackage Name (NTLM only):\t-\n\tKey Length:\t\t0\n\nThis event is generated when a logon session is created. It is generated on the computer that was accessed.\n\nThe subject fields indicate the account on the local system which requested the logon. This is most commonly a service such as the Server service, or a local process such as Winlogon.exe or Services.exe.\n\nThe logon type field indicates the kind of logon that occurred. The most common types are 2 (interactive) and 3 (network).\n\nThe New Logon fields indicate the account for whom the new logon was created, i.e. the account that was logged on.\n\nThe network fields indicate where a remote logon request originated. Workstation name is not always available and may be left blank in some cases.\n\nThe impersonation level field indicates the extent to which a process in the logon session can impersonate.\n\nThe authentication information fields provide detailed information about this specific logon request.\n\t- Logon GUID is a unique identifier that can be used to correlate this event with a KDC event.\n\t- Transited services indicate which intermediate services have participated in this logon request.\n\t- Package name indicates which sub-protocol was used among the NTLM protocols.\n\t- Key length indicates the length of the generated session key. This will be 0 if no session key was requested.",
            "winlog": {
                "process": {
                    "pid": 980,
                    "thread": {
                        "id": 644
                    }
                },
                "task": "Process Creation",
                "computer_name": "ROG",
                "event_data": {
                    "KeyLength": "0",
                    "LmPackageName": "-",
                    "TargetOutboundUserName": "-",
                    "TransmittedServices": "-",
                    "TargetLinkedLogonId": "0x0",
                    "TargetUserSid": "S-1-5-18",
                    "SubjectLogonId": "0x3e7",
                    "LogonGuid": "{00000000-0000-0000-0000-000000000000}",
                    "SubjectUserName": "ROG$",
                    "ProcessName": "C:\\Windows\\System32\\services.exe",
                    "ElevatedToken": "%%1842",
                    "ImpersonationLevel": "%%1833",
                    "TargetDomainName": "NT AUTHORITY",
                    "TargetLogonId": "0x3e7",
                    "TargetOutboundDomainName": "-",
                    "AuthenticationPackageName": "Negotiate",
                    "SubjectDomainName": "WORKGROUP",
                    "ProcessId": "0x3c0",
                    "RemoteCredentialGuard": "-",
                    "WorkstationName": "-",
                    "IpPort": "-",
                    "SubjectUserSid": "S-1-5-18",
                    "LogonType": "5",
                    "LogonProcessName": "Advapi  ",
                    "IpAddress": "-",
                    "RestrictedAdminMode": "-",
                    "TargetUserName": "SYSTEM",
                    "VirtualAccount": "%%1843"
                },
                "provider_name": "Microsoft-Windows-Security-Auditing",
                "record_id": 231,
                "version": 3,
                "opcode": "Info",
                "event_id": "4624",
                "keywords": [
                    "Audit Success"
                ],
                "channel": "Security",
                "activity_id": "{17dd9303-4418-0002-a593-dd171844db01}",
                "api": "wineventlog",
                "provider_guid": "{54849625-5478-4994-a5ba-3e3b0328c30d}"
            },
            "event": {
                "provider": "Microsoft-Windows-Security-Auditing",
                "outcome": "success",
                "created": "2024-12-01T12:51:52.087Z",
                "code": "4624",
                "action": "Process Creation",
                "kind": "event"
            },
            "@timestamp": "2024-12-01T17:40:24.941Z",
            "tags": [
                "beats_input_codec_plain_applied"
            ],
            "agent": {
                "ephemeral_id": "8ede2d35-721e-4c5c-8e28-4487de3cedca",
                "id": "7d8620cd-1507-4fa9-907e-5bc5403bedbf",
                "name": "ROG",
                "type": "winlogbeat",
                "version": "8.16.1"
            },
            "ecs": {
                "version": "8.0.0"
            }
        },
        {
            "@version": "1",
            "host": {
                "ip": [
                    "2405:201:500d:a80b:42ce:470:f50a:bbba",
                    "2405:201:500d:a80b:64f8:126a:6554:e9a3",
                    "fe80::b94f:3825:122a:8e76",
                    "192.168.29.177"
                ],
                "hostname": "ROG",
                "os": {
                    "build": "26100.1742",
                    "name": "Windows 11 Home",
                    "version": "10.0",
                    "kernel": "10.0.26100.1742 (WinBuild.160101.0800)",
                    "family": "windows",
                    "type": "windows",
                    "platform": "windows"
                },
                "name": "rog",
                "architecture": "x86_64",
                "mac": [
                    "08-00-27-BE-96-71"
                ],
                "id": "4375e56d-6ce4-4f97-8029-8e9c76e95afe"
            },
            "log": {
                "level": "information"
            },
            "message": "Special privileges assigned to new logon.\n\nSubject:\n\tSecurity ID:\t\tS-1-5-18\n\tAccount Name:\t\tSYSTEM\n\tAccount Domain:\t\tNT AUTHORITY\n\tLogon ID:\t\t0x3E7\n\nPrivileges:\t\tSeAssignPrimaryTokenPrivilege\n\t\t\tSeTcbPrivilege\n\t\t\tSeSecurityPrivilege\n\t\t\tSeTakeOwnershipPrivilege\n\t\t\tSeLoadDriverPrivilege\n\t\t\tSeBackupPrivilege\n\t\t\tSeRestorePrivilege\n\t\t\tSeDebugPrivilege\n\t\t\tSeAuditPrivilege\n\t\t\tSeSystemEnvironmentPrivilege\n\t\t\tSeImpersonatePrivilege\n\t\t\tSeDelegateSessionUserImpersonatePrivilege",
            "event": {
                "provider": "Microsoft-Windows-Security-Auditing",
                "outcome": "success",
                "created": "2024-12-01T12:51:52.087Z",
                "code": "4672",
                "action": "Process Creation",
                "kind": "event"
            },
            "winlog": {
                "process": {
                    "pid": 980,
                    "thread": {
                        "id": 644
                    }
                },
                "task": "Process Creation",
                "computer_name": "ROG",
                "provider_name": "Microsoft-Windows-Security-Auditing",
                "event_data": {
                    "SubjectUserName": "SYSTEM",
                    "SubjectLogonId": "0x3e7",
                    "PrivilegeList": "SeAssignPrimaryTokenPrivilege\n\t\t\tSeTcbPrivilege\n\t\t\tSeSecurityPrivilege\n\t\t\tSeTakeOwnershipPrivilege\n\t\t\tSeLoadDriverPrivilege\n\t\t\tSeBackupPrivilege\n\t\t\tSeRestorePrivilege\n\t\t\tSeDebugPrivilege\n\t\t\tSeAuditPrivilege\n\t\t\tSeSystemEnvironmentPrivilege\n\t\t\tSeImpersonatePrivilege\n\t\t\tSeDelegateSessionUserImpersonatePrivilege",
                    "SubjectDomainName": "NT AUTHORITY",
                    "SubjectUserSid": "S-1-5-18"
                },
                "record_id": 232,
                "opcode": "Info",
                "keywords": [
                    "Audit Success"
                ],
                "channel": "Security",
                "event_id": "4672",
                "activity_id": "{17dd9303-4418-0002-a593-dd171844db01}",
                "api": "wineventlog",
                "provider_guid": "{54849625-5478-4994-a5ba-3e3b0328c30d}"
            },
            "@timestamp": "2024-12-01T17:40:24.941Z",
            "tags": [
                "beats_input_codec_plain_applied"
            ],
            "agent": {
                "type": "winlogbeat",
                "id": "7d8620cd-1507-4fa9-907e-5bc5403bedbf",
                "name": "ROG",
                "version": "8.16.1",
                "ephemeral_id": "8ede2d35-721e-4c5c-8e28-4487de3cedca"
            },
            "ecs": {
                "version": "8.0.0"
            }
        },
        {
            "@version": "1",
            "host": {
                "ip": [
                    "2405:201:500d:a80b:42ce:470:f50a:bbba",
                    "2405:201:500d:a80b:64f8:126a:6554:e9a3",
                    "fe80::b94f:3825:122a:8e76",
                    "192.168.29.177"
                ],
                "hostname": "ROG",
                "os": {
                    "build": "26100.1742",
                    "name": "Windows 11 Home",
                    "kernel": "10.0.26100.1742 (WinBuild.160101.0800)",
                    "version": "10.0",
                    "family": "windows",
                    "type": "windows",
                    "platform": "windows"
                },
                "name": "rog",
                "architecture": "x86_64",
                "mac": [
                    "08-00-27-BE-96-71"
                ],
                "id": "4375e56d-6ce4-4f97-8029-8e9c76e95afe"
            },
            "log": {
                "level": "information"
            },
            "message": "An account was successfully logged on.\n\nSubject:\n\tSecurity ID:\t\tS-1-5-18\n\tAccount Name:\t\tROG$\n\tAccount Domain:\t\tWORKGROUP\n\tLogon ID:\t\t0x3E7\n\nLogon Information:\n\tLogon Type:\t\t5\n\tRestricted Admin Mode:\t-\n\tRemote Credential Guard:\t-\n\tVirtual Account:\t\tNo\n\tElevated Token:\t\tYes\n\nImpersonation Level:\t\tImpersonation\n\nNew Logon:\n\tSecurity ID:\t\tS-1-5-18\n\tAccount Name:\t\tSYSTEM\n\tAccount Domain:\t\tNT AUTHORITY\n\tLogon ID:\t\t0x3E7\n\tLinked Logon ID:\t\t0x0\n\tNetwork Account Name:\t-\n\tNetwork Account Domain:\t-\n\tLogon GUID:\t\t{00000000-0000-0000-0000-000000000000}\n\nProcess Information:\n\tProcess ID:\t\t0x3c0\n\tProcess Name:\t\tC:\\Windows\\System32\\services.exe\n\nNetwork Information:\n\tWorkstation Name:\t-\n\tSource Network Address:\t-\n\tSource Port:\t\t-\n\nDetailed Authentication Information:\n\tLogon Process:\t\tAdvapi  \n\tAuthentication Package:\tNegotiate\n\tTransited Services:\t-\n\tPackage Name (NTLM only):\t-\n\tKey Length:\t\t0\n\nThis event is generated when a logon session is created. It is generated on the computer that was accessed.\n\nThe subject fields indicate the account on the local system which requested the logon. This is most commonly a service such as the Server service, or a local process such as Winlogon.exe or Services.exe.\n\nThe logon type field indicates the kind of logon that occurred. The most common types are 2 (interactive) and 3 (network).\n\nThe New Logon fields indicate the account for whom the new logon was created, i.e. the account that was logged on.\n\nThe network fields indicate where a remote logon request originated. Workstation name is not always available and may be left blank in some cases.\n\nThe impersonation level field indicates the extent to which a process in the logon session can impersonate.\n\nThe authentication information fields provide detailed information about this specific logon request.\n\t- Logon GUID is a unique identifier that can be used to correlate this event with a KDC event.\n\t- Transited services indicate which intermediate services have participated in this logon request.\n\t- Package name indicates which sub-protocol was used among the NTLM protocols.\n\t- Key length indicates the length of the generated session key. This will be 0 if no session key was requested.",
            "winlog": {
                "process": {
                    "pid": 980,
                    "thread": {
                        "id": 644
                    }
                },
                "task": "Process Creation",
                "computer_name": "ROG",
                "provider_name": "Microsoft-Windows-Security-Auditing",
                "event_data": {
                    "KeyLength": "0",
                    "LmPackageName": "-",
                    "TargetOutboundUserName": "-",
                    "TransmittedServices": "-",
                    "TargetLinkedLogonId": "0x0",
                    "TargetUserSid": "S-1-5-18",
                    "SubjectLogonId": "0x3e7",
                    "LogonGuid": "{00000000-0000-0000-0000-000000000000}",
                    "SubjectUserName": "ROG$",
                    "ProcessName": "C:\\Windows\\System32\\services.exe",
                    "ElevatedToken": "%%1842",
                    "ImpersonationLevel": "%%1833",
                    "TargetDomainName": "NT AUTHORITY",
                    "TargetLogonId": "0x3e7",
                    "TargetOutboundDomainName": "-",
                    "AuthenticationPackageName": "Negotiate",
                    "SubjectDomainName": "WORKGROUP",
                    "ProcessId": "0x3c0",
                    "RemoteCredentialGuard": "-",
                    "IpPort": "-",
                    "WorkstationName": "-",
                    "SubjectUserSid": "S-1-5-18",
                    "LogonType": "5",
                    "LogonProcessName": "Advapi  ",
                    "IpAddress": "-",
                    "RestrictedAdminMode": "-",
                    "TargetUserName": "SYSTEM",
                    "VirtualAccount": "%%1843"
                },
                "record_id": 229,
                "version": 3,
                "opcode": "Info",
                "keywords": [
                    "Audit Success"
                ],
                "channel": "Security",
                "event_id": "4624",
                "activity_id": "{17dd9303-4418-0002-a593-dd171844db01}",
                "api": "wineventlog",
                "provider_guid": "{54849625-5478-4994-a5ba-3e3b0328c30d}"
            },
            "event": {
                "provider": "Microsoft-Windows-Security-Auditing",
                "outcome": "success",
                "created": "2024-12-01T12:51:52.087Z",
                "code": "4624",
                "action": "Process Creation",
                "kind": "event"
            },
            "@timestamp": "2024-12-01T17:40:24.928Z",
            "tags": [
                "beats_input_codec_plain_applied"
            ],
            "agent": {
                "type": "winlogbeat",
                "id": "7d8620cd-1507-4fa9-907e-5bc5403bedbf",
                "name": "ROG",
                "version": "8.16.1",
                "ephemeral_id": "8ede2d35-721e-4c5c-8e28-4487de3cedca"
            },
            "ecs": {
                "version": "8.0.0"
            }
        },
        {
            "@version": "1",
            "host": {
                "ip": [
                    "2405:201:500d:a80b:42ce:470:f50a:bbba",
                    "2405:201:500d:a80b:64f8:126a:6554:e9a3",
                    "fe80::b94f:3825:122a:8e76",
                    "192.168.29.177"
                ],
                "hostname": "ROG",
                "os": {
                    "build": "26100.1742",
                    "name": "Windows 11 Home",
                    "version": "10.0",
                    "kernel": "10.0.26100.1742 (WinBuild.160101.0800)",
                    "family": "windows",
                    "type": "windows",
                    "platform": "windows"
                },
                "name": "rog",
                "architecture": "x86_64",
                "mac": [
                    "08-00-27-BE-96-71"
                ],
                "id": "4375e56d-6ce4-4f97-8029-8e9c76e95afe"
            },
            "log": {
                "level": "information"
            },
            "message": "Special privileges assigned to new logon.\n\nSubject:\n\tSecurity ID:\t\tS-1-5-18\n\tAccount Name:\t\tSYSTEM\n\tAccount Domain:\t\tNT AUTHORITY\n\tLogon ID:\t\t0x3E7\n\nPrivileges:\t\tSeAssignPrimaryTokenPrivilege\n\t\t\tSeTcbPrivilege\n\t\t\tSeSecurityPrivilege\n\t\t\tSeTakeOwnershipPrivilege\n\t\t\tSeLoadDriverPrivilege\n\t\t\tSeBackupPrivilege\n\t\t\tSeRestorePrivilege\n\t\t\tSeDebugPrivilege\n\t\t\tSeAuditPrivilege\n\t\t\tSeSystemEnvironmentPrivilege\n\t\t\tSeImpersonatePrivilege\n\t\t\tSeDelegateSessionUserImpersonatePrivilege",
            "winlog": {
                "process": {
                    "pid": 980,
                    "thread": {
                        "id": 644
                    }
                },
                "task": "Process Creation",
                "computer_name": "ROG",
                "provider_name": "Microsoft-Windows-Security-Auditing",
                "event_data": {
                    "SubjectUserName": "SYSTEM",
                    "PrivilegeList": "SeAssignPrimaryTokenPrivilege\n\t\t\tSeTcbPrivilege\n\t\t\tSeSecurityPrivilege\n\t\t\tSeTakeOwnershipPrivilege\n\t\t\tSeLoadDriverPrivilege\n\t\t\tSeBackupPrivilege\n\t\t\tSeRestorePrivilege\n\t\t\tSeDebugPrivilege\n\t\t\tSeAuditPrivilege\n\t\t\tSeSystemEnvironmentPrivilege\n\t\t\tSeImpersonatePrivilege\n\t\t\tSeDelegateSessionUserImpersonatePrivilege",
                    "SubjectDomainName": "NT AUTHORITY",
                    "SubjectLogonId": "0x3e7",
                    "SubjectUserSid": "S-1-5-18"
                },
                "record_id": 230,
                "opcode": "Info",
                "keywords": [
                    "Audit Success"
                ],
                "event_id": "4672",
                "channel": "Security",
                "activity_id": "{17dd9303-4418-0002-a593-dd171844db01}",
                "api": "wineventlog",
                "provider_guid": "{54849625-5478-4994-a5ba-3e3b0328c30d}"
            },
            "event": {
                "provider": "Microsoft-Windows-Security-Auditing",
                "created": "2024-12-01T12:51:52.087Z",
                "code": "4672",
                "outcome": "success",
                "action": "Process Creation",
                "kind": "event"
            },
            "@timestamp": "2024-12-01T17:40:24.928Z",
            "tags": [
                "beats_input_codec_plain_applied"
            ],
            "agent": {
                "type": "winlogbeat",
                "id": "7d8620cd-1507-4fa9-907e-5bc5403bedbf",
                "name": "ROG",
                "version": "8.16.1",
                "ephemeral_id": "8ede2d35-721e-4c5c-8e28-4487de3cedca"
            },
            "ecs": {
                "version": "8.0.0"
            }
        },
        {
            "@version": "1",
            "host": {
                "ip": [
                    "2405:201:500d:a80b:42ce:470:f50a:bbba",
                    "2405:201:500d:a80b:64f8:126a:6554:e9a3",
                    "fe80::b94f:3825:122a:8e76",
                    "192.168.29.177"
                ],
                "hostname": "ROG",
                "os": {
                    "build": "26100.1742",
                    "name": "Windows 11 Home",
                    "kernel": "10.0.26100.1742 (WinBuild.160101.0800)",
                    "version": "10.0",
                    "family": "windows",
                    "type": "windows",
                    "platform": "windows"
                },
                "name": "rog",
                "architecture": "x86_64",
                "mac": [
                    "08-00-27-BE-96-71"
                ],
                "id": "4375e56d-6ce4-4f97-8029-8e9c76e95afe"
            },
            "log": {
                "level": "information"
            },
            "message": "An account was successfully logged on.\n\nSubject:\n\tSecurity ID:\t\tS-1-5-18\n\tAccount Name:\t\tROG$\n\tAccount Domain:\t\tWORKGROUP\n\tLogon ID:\t\t0x3E7\n\nLogon Information:\n\tLogon Type:\t\t5\n\tRestricted Admin Mode:\t-\n\tRemote Credential Guard:\t-\n\tVirtual Account:\t\tNo\n\tElevated Token:\t\tYes\n\nImpersonation Level:\t\tImpersonation\n\nNew Logon:\n\tSecurity ID:\t\tS-1-5-18\n\tAccount Name:\t\tSYSTEM\n\tAccount Domain:\t\tNT AUTHORITY\n\tLogon ID:\t\t0x3E7\n\tLinked Logon ID:\t\t0x0\n\tNetwork Account Name:\t-\n\tNetwork Account Domain:\t-\n\tLogon GUID:\t\t{00000000-0000-0000-0000-000000000000}\n\nProcess Information:\n\tProcess ID:\t\t0x3c0\n\tProcess Name:\t\tC:\\Windows\\System32\\services.exe\n\nNetwork Information:\n\tWorkstation Name:\t-\n\tSource Network Address:\t-\n\tSource Port:\t\t-\n\nDetailed Authentication Information:\n\tLogon Process:\t\tAdvapi  \n\tAuthentication Package:\tNegotiate\n\tTransited Services:\t-\n\tPackage Name (NTLM only):\t-\n\tKey Length:\t\t0\n\nThis event is generated when a logon session is created. It is generated on the computer that was accessed.\n\nThe subject fields indicate the account on the local system which requested the logon. This is most commonly a service such as the Server service, or a local process such as Winlogon.exe or Services.exe.\n\nThe logon type field indicates the kind of logon that occurred. The most common types are 2 (interactive) and 3 (network).\n\nThe New Logon fields indicate the account for whom the new logon was created, i.e. the account that was logged on.\n\nThe network fields indicate where a remote logon request originated. Workstation name is not always available and may be left blank in some cases.\n\nThe impersonation level field indicates the extent to which a process in the logon session can impersonate.\n\nThe authentication information fields provide detailed information about this specific logon request.\n\t- Logon GUID is a unique identifier that can be used to correlate this event with a KDC event.\n\t- Transited services indicate which intermediate services have participated in this logon request.\n\t- Package name indicates which sub-protocol was used among the NTLM protocols.\n\t- Key length indicates the length of the generated session key. This will be 0 if no session key was requested.",
            "event": {
                "provider": "Microsoft-Windows-Security-Auditing",
                "created": "2024-12-01T12:51:52.087Z",
                "code": "4624",
                "outcome": "success",
                "action": "Process Creation",
                "kind": "event"
            },
            "winlog": {
                "process": {
                    "pid": 980,
                    "thread": {
                        "id": 644
                    }
                },
                "task": "Process Creation",
                "computer_name": "ROG",
                "event_data": {
                    "KeyLength": "0",
                    "LmPackageName": "-",
                    "TargetOutboundUserName": "-",
                    "TransmittedServices": "-",
                    "TargetLinkedLogonId": "0x0",
                    "TargetUserSid": "S-1-5-18",
                    "ProcessName": "C:\\Windows\\System32\\services.exe",
                    "SubjectLogonId": "0x3e7",
                    "SubjectUserName": "ROG$",
                    "LogonGuid": "{00000000-0000-0000-0000-000000000000}",
                    "ElevatedToken": "%%1842",
                    "ImpersonationLevel": "%%1833",
                    "TargetDomainName": "NT AUTHORITY",
                    "TargetLogonId": "0x3e7",
                    "TargetOutboundDomainName": "-",
                    "AuthenticationPackageName": "Negotiate",
                    "SubjectDomainName": "WORKGROUP",
                    "ProcessId": "0x3c0",
                    "RemoteCredentialGuard": "-",
                    "IpPort": "-",
                    "WorkstationName": "-",
                    "SubjectUserSid": "S-1-5-18",
                    "LogonType": "5",
                    "LogonProcessName": "Advapi  ",
                    "IpAddress": "-",
                    "RestrictedAdminMode": "-",
                    "TargetUserName": "SYSTEM",
                    "VirtualAccount": "%%1843"
                },
                "provider_name": "Microsoft-Windows-Security-Auditing",
                "record_id": 227,
                "version": 3,
                "opcode": "Info",
                "event_id": "4624",
                "channel": "Security",
                "keywords": [
                    "Audit Success"
                ],
                "activity_id": "{17dd9303-4418-0002-a593-dd171844db01}",
                "api": "wineventlog",
                "provider_guid": "{54849625-5478-4994-a5ba-3e3b0328c30d}"
            },
            "@timestamp": "2024-12-01T17:40:24.559Z",
            "tags": [
                "beats_input_codec_plain_applied"
            ],
            "agent": {
                "type": "winlogbeat",
                "id": "7d8620cd-1507-4fa9-907e-5bc5403bedbf",
                "name": "ROG",
                "version": "8.16.1",
                "ephemeral_id": "8ede2d35-721e-4c5c-8e28-4487de3cedca"
            },
            "ecs": {
                "version": "8.0.0"
            }
        },
