        {
            "@version": "1",
            "host": {
                "ip": [
                    "2405:201:500d:a80b:42ce:470:f50a:bbba",
                    "2405:201:500d:a80b:64f8:126a:6554:e9a3",
                    "fe80::b94f:3825:122a:8e76",
                    "192.168.29.177"
                ],
                "hostname": "ROG",
                "os": {
                    "build": "26100.1742",
                    "name": "Windows 11 Home",
                    "version": "10.0",
                    "kernel": "10.0.26100.1742 (WinBuild.160101.0800)",
                    "family": "windows",
                    "type": "windows",
                    "platform": "windows"
                },
                "name": "rog",
                "architecture": "x86_64",
                "mac": [
                    "08-00-27-BE-96-71"
                ],
                "id": "4375e56d-6ce4-4f97-8029-8e9c76e95afe"
            },
            "log": {
                "level": "information"
            },
            "message": "A one-time boot sequence was used during this boot.",
            "winlog": {
                "process": {
                    "pid": 4,
                    "thread": {
                        "id": 8
                    }
                },
                "task": "None",
                "computer_name": "ROG",
                "provider_name": "Microsoft-Windows-Kernel-Boot",
                "record_id": 195,
                "opcode": "Info",
                "event_id": "26",
                "channel": "System",
                "keywords": [
                    "LOG_TO_BOOTSTAT"
                ],
                "api": "wineventlog",
                "provider_guid": "{15ca44ff-4d7a-4baa-bba5-0998955e531e}",
                "user": {
                    "domain": "NT AUTHORITY",
                    "name": "SYSTEM",
                    "type": "Well Known Group",
                    "identifier": "S-1-5-18"
                }
            },
            "event": {
                "provider": "Microsoft-Windows-Kernel-Boot",
                "action": "None",
                "kind": "event",
                "created": "2024-12-01T12:51:52.022Z",
                "code": "26"
            },
            "@timestamp": "2024-12-01T17:40:20.816Z",
            "tags": [
                "beats_input_codec_plain_applied"
            ],
            "agent": {
                "type": "winlogbeat",
                "id": "7d8620cd-1507-4fa9-907e-5bc5403bedbf",
                "name": "ROG",
                "version": "8.16.1",
                "ephemeral_id": "8ede2d35-721e-4c5c-8e28-4487de3cedca"
            },
            "ecs": {
                "version": "8.0.0"
            }
        },
        {
            "@version": "1",
            "host": {
                "ip": [
                    "2405:201:500d:a80b:42ce:470:f50a:bbba",
                    "2405:201:500d:a80b:64f8:126a:6554:e9a3",
                    "fe80::b94f:3825:122a:8e76",
                    "192.168.29.177"
                ],
                "hostname": "ROG",
                "os": {
                    "build": "26100.1742",
                    "name": "Windows 11 Home",
                    "version": "10.0",
                    "kernel": "10.0.26100.1742 (WinBuild.160101.0800)",
                    "family": "windows",
                    "type": "windows",
                    "platform": "windows"
                },
                "name": "rog",
                "architecture": "x86_64",
                "mac": [
                    "08-00-27-BE-96-71"
                ],
                "id": "4375e56d-6ce4-4f97-8029-8e9c76e95afe"
            },
            "log": {
                "level": "information"
            },
            "message": "The bootmgr spent 0 ms waiting for user input.",
            "winlog": {
                "process": {
                    "pid": 4,
                    "thread": {
                        "id": 8
                    }
                },
                "task": "UserInputTime",
                "computer_name": "ROG",
                "provider_name": "Microsoft-Windows-Kernel-Boot",
                "event_data": {
                    "BitlockerUserInputTime": "0"
                },
                "record_id": 196,
                "opcode": "Info",
                "event_id": "32",
                "channel": "System",
                "api": "wineventlog",
                "provider_guid": "{15ca44ff-4d7a-4baa-bba5-0998955e531e}",
                "user": {
                    "name": "SYSTEM",
                    "domain": "NT AUTHORITY",
                    "type": "Well Known Group",
                    "identifier": "S-1-5-18"
                }
            },
            "event": {
                "provider": "Microsoft-Windows-Kernel-Boot",
                "action": "UserInputTime",
                "created": "2024-12-01T12:51:52.022Z",
                "code": "32",
                "kind": "event"
            },
            "@timestamp": "2024-12-01T17:40:20.816Z",
            "tags": [
                "beats_input_codec_plain_applied"
            ],
            "agent": {
                "type": "winlogbeat",
                "id": "7d8620cd-1507-4fa9-907e-5bc5403bedbf",
                "name": "ROG",
                "version": "8.16.1",
                "ephemeral_id": "8ede2d35-721e-4c5c-8e28-4487de3cedca"
            },
            "ecs": {
                "version": "8.0.0"
            }
        },
        {
            "@version": "1",
            "host": {
                "ip": [
                    "2405:201:500d:a80b:42ce:470:f50a:bbba",
                    "2405:201:500d:a80b:64f8:126a:6554:e9a3",
                    "fe80::b94f:3825:122a:8e76",
                    "192.168.29.177"
                ],
                "os": {
                    "build": "26100.1742",
                    "name": "Windows 11 Home",
                    "kernel": "10.0.26100.1742 (WinBuild.160101.0800)",
                    "version": "10.0",
                    "family": "windows",
                    "type": "windows",
                    "platform": "windows"
                },
                "hostname": "ROG",
                "name": "rog",
                "architecture": "x86_64",
                "mac": [
                    "08-00-27-BE-96-71"
                ],
                "id": "4375e56d-6ce4-4f97-8029-8e9c76e95afe"
            },
            "log": {
                "level": "information"
            },
            "message": "The operating system is shutting down at system time ‎2024‎-‎12‎-‎01T17:38:53.761598100Z.",
            "winlog": {
                "process": {
                    "pid": 4,
                    "thread": {
                        "id": 180
                    }
                },
                "task": "SystemStop",
                "computer_name": "ROG",
                "provider_name": "Microsoft-Windows-Kernel-General",
                "event_data": {
                    "StopTime": "2024-12-01T17:38:53.7615981Z"
                },
                "record_id": 186,
                "opcode": "Info",
                "event_id": "13",
                "channel": "System",
                "keywords": [
                    "BootPerformance"
                ],
                "api": "wineventlog",
                "provider_guid": "{a68ca8b7-004f-d7b6-a698-07e2de0f1f5d}"
            },
            "event": {
                "provider": "Microsoft-Windows-Kernel-General",
                "action": "SystemStop",
                "created": "2024-12-01T12:51:52.022Z",
                "code": "13",
                "kind": "event"
            },
            "@timestamp": "2024-12-01T17:38:53.761Z",
            "tags": [
                "beats_input_codec_plain_applied"
            ],
            "agent": {
                "type": "winlogbeat",
                "id": "7d8620cd-1507-4fa9-907e-5bc5403bedbf",
                "name": "ROG",
                "version": "8.16.1",
                "ephemeral_id": "8ede2d35-721e-4c5c-8e28-4487de3cedca"
            },
            "ecs": {
                "version": "8.0.0"
            }
        },
        {
            "@version": "1",
            "host": {
                "ip": [
                    "2405:201:500d:a80b:42ce:470:f50a:bbba",
                    "2405:201:500d:a80b:64f8:126a:6554:e9a3",
                    "fe80::b94f:3825:122a:8e76",
                    "192.168.29.177"
                ],
                "os": {
                    "build": "26100.1742",
                    "name": "Windows 11 Home",
                    "kernel": "10.0.26100.1742 (WinBuild.160101.0800)",
                    "version": "10.0",
                    "family": "windows",
                    "type": "windows",
                    "platform": "windows"
                },
                "hostname": "ROG",
                "name": "rog",
                "architecture": "x86_64",
                "mac": [
                    "08-00-27-BE-96-71"
                ],
                "id": "4375e56d-6ce4-4f97-8029-8e9c76e95afe"
            },
            "log": {
                "level": "information"
            },
            "message": "The system has prepared for a system initiated reboot from Active.",
            "winlog": {
                "process": {
                    "pid": 4,
                    "thread": {
                        "id": 180
                    }
                },
                "task": "SystemInitiatedRebootPrepare",
                "computer_name": "ROG",
                "provider_name": "Microsoft-Windows-Kernel-Power",
                "event_data": {
                    "IsUnattended": "false",
                    "Status": "279",
                    "AdaptiveTargetState": "0"
                },
                "record_id": 185,
                "opcode": "Info",
                "event_id": "577",
                "channel": "System",
                "keywords": [
                    "po:Diagnostic"
                ],
                "api": "wineventlog",
                "provider_guid": "{331c3b3a-2005-44c2-ac5e-77220c37d6b4}"
            },
            "event": {
                "provider": "Microsoft-Windows-Kernel-Power",
                "action": "SystemInitiatedRebootPrepare",
                "created": "2024-12-01T12:51:52.022Z",
                "code": "577",
                "kind": "event"
            },
            "@timestamp": "2024-12-01T17:38:53.568Z",
            "tags": [
                "beats_input_codec_plain_applied"
            ],
            "agent": {
                "ephemeral_id": "8ede2d35-721e-4c5c-8e28-4487de3cedca",
                "id": "7d8620cd-1507-4fa9-907e-5bc5403bedbf",
                "name": "ROG",
                "type": "winlogbeat",
                "version": "8.16.1"
            },
            "ecs": {
                "version": "8.0.0"
            }
        },
        {
            "@version": "1",
            "host": {
                "ip": [
                    "2405:201:500d:a80b:42ce:470:f50a:bbba",
                    "2405:201:500d:a80b:64f8:126a:6554:e9a3",
                    "fe80::b94f:3825:122a:8e76",
                    "192.168.29.177"
                ],
                "hostname": "ROG",
                "os": {
                    "build": "26100.1742",
                    "name": "Windows 11 Home",
                    "version": "10.0",
                    "kernel": "10.0.26100.1742 (WinBuild.160101.0800)",
                    "family": "windows",
                    "type": "windows",
                    "platform": "windows"
                },
                "name": "rog",
                "architecture": "x86_64",
                "mac": [
                    "08-00-27-BE-96-71"
                ],
                "id": "4375e56d-6ce4-4f97-8029-8e9c76e95afe"
            },
            "log": {
                "level": "information"
            },
            "message": "The kernel power manager has initiated a shutdown transition.\n\nAction: Power Action Reboot \nEvent Code: 0x0 \nReason: Kernel API",
            "event": {
                "provider": "Microsoft-Windows-Kernel-Power",
                "action": "ShutdownAction",
                "kind": "event",
                "created": "2024-12-01T12:51:52.022Z",
                "code": "109"
            },
            "winlog": {
                "process": {
                    "pid": 804,
                    "thread": {
                        "id": 808
                    }
                },
                "task": "ShutdownAction",
                "computer_name": "ROG",
                "provider_name": "Microsoft-Windows-Kernel-Power",
                "event_data": {
                    "ShutdownActionType": "5",
                    "ShutdownReason": "5",
                    "ShutdownEventCode": "0"
                },
                "record_id": 184,
                "opcode": "Info",
                "event_id": "109",
                "channel": "System",
                "keywords": [
                    "po:Diagnostic",
                    "po:DiagnosticLight",
                    "ms:Measures"
                ],
                "api": "wineventlog",
                "provider_guid": "{331c3b3a-2005-44c2-ac5e-77220c37d6b4}",
                "user": {
                    "name": "SYSTEM",
                    "domain": "NT AUTHORITY",
                    "type": "Well Known Group",
                    "identifier": "S-1-5-18"
                }
            },
            "@timestamp": "2024-12-01T17:38:53.252Z",
            "tags": [
                "beats_input_codec_plain_applied"
            ],
            "agent": {
                "ephemeral_id": "8ede2d35-721e-4c5c-8e28-4487de3cedca",
                "id": "7d8620cd-1507-4fa9-907e-5bc5403bedbf",
                "name": "ROG",
                "type": "winlogbeat",
                "version": "8.16.1"
            },
            "ecs": {
                "version": "8.0.0"
            }
        },
        {
            "@version": "1",
            "host": {
                "ip": [
                    "2405:201:500d:a80b:42ce:470:f50a:bbba",
                    "2405:201:500d:a80b:64f8:126a:6554:e9a3",
                    "fe80::b94f:3825:122a:8e76",
                    "192.168.29.177"
                ],
                "hostname": "ROG",
                "os": {
                    "build": "26100.1742",
                    "kernel": "10.0.26100.1742 (WinBuild.160101.0800)",
                    "version": "10.0",
                    "name": "Windows 11 Home",
                    "family": "windows",
                    "type": "windows",
                    "platform": "windows"
                },
                "name": "rog",
                "architecture": "x86_64",
                "mac": [
                    "08-00-27-BE-96-71"
                ],
                "id": "4375e56d-6ce4-4f97-8029-8e9c76e95afe"
            },
            "log": {
                "level": "information"
            },
            "message": "The event logging service has shut down.",
            "winlog": {
                "process": {
                    "pid": 2512,
                    "thread": {
                        "id": 2548
                    }
                },
                "task": "Service shutdown",
                "computer_name": "WIN-O0Q3JGS8B2N",
                "provider_name": "Microsoft-Windows-Eventlog",
                "record_id": 199,
                "opcode": "Info",
                "event_id": "1100",
                "channel": "Security",
                "keywords": [
                    "Audit Success"
                ],
                "api": "wineventlog",
                "provider_guid": "{fc65ddd8-d6ef-4962-83d5-6e5cfe9ce148}"
            },
            "event": {
                "provider": "Microsoft-Windows-Eventlog",
                "outcome": "success",
                "created": "2024-12-01T12:51:52.022Z",
                "code": "1100",
                "action": "Service shutdown",
                "kind": "event"
            },
            "@timestamp": "2024-12-01T17:38:48.292Z",
            "tags": [
                "beats_input_codec_plain_applied"
            ],
            "agent": {
                "ephemeral_id": "8ede2d35-721e-4c5c-8e28-4487de3cedca",
                "id": "7d8620cd-1507-4fa9-907e-5bc5403bedbf",
                "name": "ROG",
                "type": "winlogbeat",
                "version": "8.16.1"
            },
            "ecs": {
                "version": "8.0.0"
            }
        },
        {
            "@version": "1",
            "host": {
                "ip": [
                    "2405:201:500d:a80b:42ce:470:f50a:bbba",
                    "2405:201:500d:a80b:64f8:126a:6554:e9a3",
                    "fe80::b94f:3825:122a:8e76",
                    "192.168.29.177"
                ],
                "hostname": "ROG",
                "os": {
                    "build": "26100.1742",
                    "name": "Windows 11 Home",
                    "version": "10.0",
                    "kernel": "10.0.26100.1742 (WinBuild.160101.0800)",
                    "family": "windows",
                    "type": "windows",
                    "platform": "windows"
                },
                "name": "rog",
                "architecture": "x86_64",
                "mac": [
                    "08-00-27-BE-96-71"
                ],
                "id": "4375e56d-6ce4-4f97-8029-8e9c76e95afe"
            },
            "log": {
                "level": "information"
            },
            "message": "The Event log service was stopped.",
            "winlog": {
                "process": {
                    "pid": 2512,
                    "thread": {
                        "id": 2548
                    }
                },
                "task": "None",
                "computer_name": "WIN-O0Q3JGS8B2N",
                "event_data": {
                    "Binary": "0100000000000000"
                },
                "provider_name": "EventLog",
                "record_id": 173,
                "opcode": "Info",
                "keywords": [
                    "Classic"
                ],
                "event_id": "6006",
                "channel": "System",
                "api": "wineventlog"
            },
            "event": {
                "provider": "EventLog",
                "action": "None",
                "created": "2024-12-01T12:51:52.022Z",
                "code": "6006",
                "kind": "event"
            },
            "@timestamp": "2024-12-01T17:38:48.291Z",
            "tags": [
                "beats_input_codec_plain_applied"
            ],
            "agent": {
                "ephemeral_id": "8ede2d35-721e-4c5c-8e28-4487de3cedca",
                "id": "7d8620cd-1507-4fa9-907e-5bc5403bedbf",
                "name": "ROG",
                "type": "winlogbeat",
                "version": "8.16.1"
            },
            "ecs": {
                "version": "8.0.0"
            }
        },
        {
            "@version": "1",
            "host": {
                "ip": [
                    "2405:201:500d:a80b:42ce:470:f50a:bbba",
                    "2405:201:500d:a80b:64f8:126a:6554:e9a3",
                    "fe80::b94f:3825:122a:8e76",
                    "192.168.29.177"
                ],
                "os": {
                    "build": "26100.1742",
                    "name": "Windows 11 Home",
                    "kernel": "10.0.26100.1742 (WinBuild.160101.0800)",
                    "version": "10.0",
                    "family": "windows",
                    "type": "windows",
                    "platform": "windows"
                },
                "hostname": "ROG",
                "name": "rog",
                "architecture": "x86_64",
                "mac": [
                    "08-00-27-BE-96-71"
                ],
                "id": "4375e56d-6ce4-4f97-8029-8e9c76e95afe"
            },
            "log": {
                "level": "information"
            },
            "message": "The User Profile Service has stopped.  ",
            "winlog": {
                "process": {
                    "pid": 1448,
                    "thread": {
                        "id": 1472
                    }
                },
                "task": "None",
                "computer_name": "WIN-O0Q3JGS8B2N",
                "provider_name": "Microsoft-Windows-User Profiles Service",
                "record_id": 7,
                "opcode": "Info",
                "event_id": "1532",
                "channel": "Application",
                "api": "wineventlog",
                "provider_guid": "{89b1e9f0-5aff-44a6-9b44-0a07a7ce5845}",
                "user": {
                    "type": "Well Known Group",
                    "domain": "NT AUTHORITY",
                    "identifier": "S-1-5-18",
                    "name": "SYSTEM"
                }
            },
            "event": {
                "provider": "Microsoft-Windows-User Profiles Service",
                "action": "None",
                "created": "2024-12-01T12:51:51.922Z",
                "code": "1532",
                "kind": "event"
            },
            "@timestamp": "2024-12-01T17:38:48.291Z",
            "tags": [
                "beats_input_codec_plain_applied"
            ],
            "agent": {
                "version": "8.16.1",
                "id": "7d8620cd-1507-4fa9-907e-5bc5403bedbf",
                "name": "ROG",
                "type": "winlogbeat",
                "ephemeral_id": "8ede2d35-721e-4c5c-8e28-4487de3cedca"
            },
            "ecs": {
                "version": "8.0.0"
            }
        },
        {
            "@version": "1",
            "host": {
                "ip": [
                    "2405:201:500d:a80b:42ce:470:f50a:bbba",
                    "2405:201:500d:a80b:64f8:126a:6554:e9a3",
                    "fe80::b94f:3825:122a:8e76",
                    "192.168.29.177"
                ],
                "hostname": "ROG",
                "os": {
                    "build": "26100.1742",
                    "name": "Windows 11 Home",
                    "kernel": "10.0.26100.1742 (WinBuild.160101.0800)",
                    "version": "10.0",
                    "family": "windows",
                    "type": "windows",
                    "platform": "windows"
                },
                "name": "rog",
                "architecture": "x86_64",
                "mac": [
                    "08-00-27-BE-96-71"
                ],
                "id": "4375e56d-6ce4-4f97-8029-8e9c76e95afe"
            },
            "log": {
                "level": "information"
            },
            "message": "DHCPv4 client service is stopped. ShutDown Flag value is 1",
            "winlog": {
                "process": {
                    "pid": 2504,
                    "thread": {
                        "id": 2760
                    }
                },
                "task": "Service State Event",
                "computer_name": "WIN-O0Q3JGS8B2N",
                "event_data": {
                    "DwordVal": "1"
                },
                "provider_name": "Microsoft-Windows-Dhcp-Client",
                "record_id": 179,
                "opcode": "ServiceStart",
                "event_id": "50037",
                "channel": "System",
                "api": "wineventlog",
                "provider_guid": "{15a7a4f8-0072-4eab-abad-f98a4d666aed}",
                "user": {
                    "name": "LOCAL SERVICE",
                    "domain": "NT AUTHORITY",
                    "type": "Well Known Group",
                    "identifier": "S-1-5-19"
                }
            },
            "event": {
                "provider": "Microsoft-Windows-Dhcp-Client",
                "action": "Service State Event",
                "code": "50037",
                "kind": "event",
                "created": "2024-12-01T12:51:52.022Z"
            },
            "@timestamp": "2024-12-01T17:38:48.281Z",
            "tags": [
                "beats_input_codec_plain_applied"
            ],
            "agent": {
                "version": "8.16.1",
                "id": "7d8620cd-1507-4fa9-907e-5bc5403bedbf",
                "name": "ROG",
                "type": "winlogbeat",
                "ephemeral_id": "8ede2d35-721e-4c5c-8e28-4487de3cedca"
            },
            "ecs": {
                "version": "8.0.0"
            }
        },
        {
            "@version": "1",
            "host": {
                "ip": [
                    "2405:201:500d:a80b:42ce:470:f50a:bbba",
                    "2405:201:500d:a80b:64f8:126a:6554:e9a3",
                    "fe80::b94f:3825:122a:8e76",
                    "192.168.29.177"
                ],
                "hostname": "ROG",
                "os": {
                    "build": "26100.1742",
                    "name": "Windows 11 Home",
                    "version": "10.0",
                    "kernel": "10.0.26100.1742 (WinBuild.160101.0800)",
                    "family": "windows",
                    "type": "windows",
                    "platform": "windows"
                },
                "name": "rog",
                "architecture": "x86_64",
                "mac": [
                    "08-00-27-BE-96-71"
                ],
                "id": "4375e56d-6ce4-4f97-8029-8e9c76e95afe"
            },
            "log": {
                "level": "information"
            },
            "message": "DHCPv6 client service is stopped. ShutDown Flag value is 1",
            "winlog": {
                "process": {
                    "pid": 2504,
                    "thread": {
                        "id": 2852
                    }
                },
                "task": "Service State Event",
                "computer_name": "WIN-O0Q3JGS8B2N",
                "provider_name": "Microsoft-Windows-DHCPv6-Client",
                "event_data": {
                    "DwordVal": "1"
                },
                "record_id": 176,
                "opcode": "ServiceStart",
                "event_id": "51047",
                "channel": "System",
                "api": "wineventlog",
                "provider_guid": "{6a1f2b00-6a90-4c38-95a5-5cab3b056778}",
                "user": {
                    "type": "Well Known Group",
                    "domain": "NT AUTHORITY",
                    "identifier": "S-1-5-19",
                    "name": "LOCAL SERVICE"
                }
            },
            "event": {
                "provider": "Microsoft-Windows-DHCPv6-Client",
                "action": "Service State Event",
                "code": "51047",
                "kind": "event",
                "created": "2024-12-01T12:51:52.022Z"
            },
            "@timestamp": "2024-12-01T17:38:48.278Z",
            "tags": [
                "beats_input_codec_plain_applied"
            ],
            "agent": {
                "ephemeral_id": "8ede2d35-721e-4c5c-8e28-4487de3cedca",
                "id": "7d8620cd-1507-4fa9-907e-5bc5403bedbf",
                "name": "ROG",
                "type": "winlogbeat",
                "version": "8.16.1"
            },
            "ecs": {
                "version": "8.0.0"
            }
        },
        {
            "@version": "1",
            "host": {
                "ip": [
                    "2405:201:500d:a80b:42ce:470:f50a:bbba",
                    "2405:201:500d:a80b:64f8:126a:6554:e9a3",
                    "fe80::b94f:3825:122a:8e76",
                    "192.168.29.177"
                ],
                "hostname": "ROG",
                "os": {
                    "build": "26100.1742",
                    "name": "Windows 11 Home",
                    "version": "10.0",
                    "kernel": "10.0.26100.1742 (WinBuild.160101.0800)",
                    "family": "windows",
                    "type": "windows",
                    "platform": "windows"
                },
                "name": "rog",
                "architecture": "x86_64",
                "mac": [
                    "08-00-27-BE-96-71"
                ],
                "id": "4375e56d-6ce4-4f97-8029-8e9c76e95afe"
            },
            "log": {
                "level": "information"
            },
            "message": "DHCPv6 client service stop is almost done.DHCP Context Ref count is 1",
            "event": {
                "provider": "Microsoft-Windows-DHCPv6-Client",
                "action": "Service State Event",
                "kind": "event",
                "created": "2024-12-01T12:51:52.022Z",
                "code": "51057"
            },
            "winlog": {
                "process": {
                    "pid": 2504,
                    "thread": {
                        "id": 2852
                    }
                },
                "task": "Service State Event",
                "computer_name": "WIN-O0Q3JGS8B2N",
                "event_data": {
                    "DwordVal": "1"
                },
                "provider_name": "Microsoft-Windows-DHCPv6-Client",
                "record_id": 177,
                "opcode": "ServiceStart",
                "event_id": "51057",
                "channel": "System",
                "api": "wineventlog",
                "provider_guid": "{6a1f2b00-6a90-4c38-95a5-5cab3b056778}",
                "user": {
                    "type": "Well Known Group",
                    "domain": "NT AUTHORITY",
                    "identifier": "S-1-5-19",
                    "name": "LOCAL SERVICE"
                }
            },
            "@timestamp": "2024-12-01T17:38:48.278Z",
            "tags": [
                "beats_input_codec_plain_applied"
            ],
            "agent": {
                "ephemeral_id": "8ede2d35-721e-4c5c-8e28-4487de3cedca",
                "id": "7d8620cd-1507-4fa9-907e-5bc5403bedbf",
                "name": "ROG",
                "type": "winlogbeat",
                "version": "8.16.1"
            },
            "ecs": {
                "version": "8.0.0"
            }
        },
        {
            "@version": "1",
            "host": {
                "ip": [
                    "2405:201:500d:a80b:42ce:470:f50a:bbba",
                    "2405:201:500d:a80b:64f8:126a:6554:e9a3",
                    "fe80::b94f:3825:122a:8e76",
                    "192.168.29.177"
                ],
                "hostname": "ROG",
                "os": {
                    "build": "26100.1742",
                    "name": "Windows 11 Home",
                    "version": "10.0",
                    "kernel": "10.0.26100.1742 (WinBuild.160101.0800)",
                    "family": "windows",
                    "type": "windows",
                    "platform": "windows"
                },
                "name": "rog",
                "architecture": "x86_64",
                "mac": [
                    "08-00-27-BE-96-71"
                ],
                "id": "4375e56d-6ce4-4f97-8029-8e9c76e95afe"
            },
            "log": {
                "level": "information"
            },
            "message": "DHCPv4 is waiting on DHCPv6 service to stop",
            "winlog": {
                "process": {
                    "pid": 2504,
                    "thread": {
                        "id": 2760
                    }
                },
                "task": "Service State Event",
                "computer_name": "WIN-O0Q3JGS8B2N",
                "provider_name": "Microsoft-Windows-Dhcp-Client",
                "record_id": 178,
                "opcode": "ServiceStart",
                "event_id": "50106",
                "channel": "System",
                "api": "wineventlog",
                "provider_guid": "{15a7a4f8-0072-4eab-abad-f98a4d666aed}",
                "user": {
                    "domain": "NT AUTHORITY",
                    "name": "LOCAL SERVICE",
                    "type": "Well Known Group",
                    "identifier": "S-1-5-19"
                }
            },
            "event": {
                "provider": "Microsoft-Windows-Dhcp-Client",
                "action": "Service State Event",
                "code": "50106",
                "kind": "event",
                "created": "2024-12-01T12:51:52.022Z"
            },
            "@timestamp": "2024-12-01T17:38:48.278Z",
            "tags": [
                "beats_input_codec_plain_applied"
            ],
            "agent": {
                "type": "winlogbeat",
                "id": "7d8620cd-1507-4fa9-907e-5bc5403bedbf",
                "name": "ROG",
                "version": "8.16.1",
                "ephemeral_id": "8ede2d35-721e-4c5c-8e28-4487de3cedca"
            },
            "ecs": {
                "version": "8.0.0"
            }
        },
        {
            "@version": "1",
            "host": {
                "ip": [
                    "2405:201:500d:a80b:42ce:470:f50a:bbba",
                    "2405:201:500d:a80b:64f8:126a:6554:e9a3",
                    "fe80::b94f:3825:122a:8e76",
                    "192.168.29.177"
                ],
                "os": {
                    "build": "26100.1742",
                    "name": "Windows 11 Home",
                    "version": "10.0",
                    "kernel": "10.0.26100.1742 (WinBuild.160101.0800)",
                    "family": "windows",
                    "type": "windows",
                    "platform": "windows"
                },
                "hostname": "ROG",
                "name": "rog",
                "architecture": "x86_64",
                "mac": [
                    "08-00-27-BE-96-71"
                ],
                "id": "4375e56d-6ce4-4f97-8029-8e9c76e95afe"
            },
            "log": {
                "level": "information"
            },
            "message": "DHCPv4 client ProcessDHCPRequestForever received TERMINATE_EVENT",
            "event": {
                "provider": "Microsoft-Windows-Dhcp-Client",
                "action": "Service State Event",
                "created": "2024-12-01T12:51:52.022Z",
                "code": "50105",
                "kind": "event"
            },
            "winlog": {
                "process": {
                    "pid": 2504,
                    "thread": {
                        "id": 2760
                    }
                },
                "task": "Service State Event",
                "computer_name": "WIN-O0Q3JGS8B2N",
                "provider_name": "Microsoft-Windows-Dhcp-Client",
                "record_id": 175,
                "opcode": "ServiceStart",
                "event_id": "50105",
                "channel": "System",
                "api": "wineventlog",
                "provider_guid": "{15a7a4f8-0072-4eab-abad-f98a4d666aed}",
                "user": {
                    "type": "Well Known Group",
                    "domain": "NT AUTHORITY",
                    "identifier": "S-1-5-19",
                    "name": "LOCAL SERVICE"
                }
            },
            "@timestamp": "2024-12-01T17:38:48.276Z",
            "tags": [
                "beats_input_codec_plain_applied"
            ],
            "agent": {
                "version": "8.16.1",
                "id": "7d8620cd-1507-4fa9-907e-5bc5403bedbf",
                "name": "ROG",
                "type": "winlogbeat",
                "ephemeral_id": "8ede2d35-721e-4c5c-8e28-4487de3cedca"
            },
            "ecs": {
                "version": "8.0.0"
            }
        },
        {
            "@version": "1",
            "host": {
                "ip": [
                    "2405:201:500d:a80b:42ce:470:f50a:bbba",
                    "2405:201:500d:a80b:64f8:126a:6554:e9a3",
                    "fe80::b94f:3825:122a:8e76",
                    "192.168.29.177"
                ],
                "hostname": "ROG",
                "os": {
                    "build": "26100.1742",
                    "name": "Windows 11 Home",
                    "version": "10.0",
                    "kernel": "10.0.26100.1742 (WinBuild.160101.0800)",
                    "family": "windows",
                    "type": "windows",
                    "platform": "windows"
                },
                "name": "rog",
                "architecture": "x86_64",
                "mac": [
                    "08-00-27-BE-96-71"
                ],
                "id": "4375e56d-6ce4-4f97-8029-8e9c76e95afe"
            },
            "log": {
                "level": "information"
            },
            "message": "DHCPv4 client received shutdown notification",
            "winlog": {
                "process": {
                    "pid": 2504,
                    "thread": {
                        "id": 2508
                    }
                },
                "task": "Service State Event",
                "computer_name": "WIN-O0Q3JGS8B2N",
                "provider_name": "Microsoft-Windows-Dhcp-Client",
                "record_id": 174,
                "opcode": "ServiceStart",
                "event_id": "50104",
                "channel": "System",
                "api": "wineventlog",
                "provider_guid": "{15a7a4f8-0072-4eab-abad-f98a4d666aed}",
                "user": {
                    "name": "LOCAL SERVICE",
                    "domain": "NT AUTHORITY",
                    "type": "Well Known Group",
                    "identifier": "S-1-5-19"
                }
            },
            "event": {
                "provider": "Microsoft-Windows-Dhcp-Client",
                "action": "Service State Event",
                "created": "2024-12-01T12:51:52.022Z",
                "code": "50104",
                "kind": "event"
            },
            "@timestamp": "2024-12-01T17:38:48.274Z",
            "tags": [
                "beats_input_codec_plain_applied"
            ],
            "agent": {
                "type": "winlogbeat",
                "id": "7d8620cd-1507-4fa9-907e-5bc5403bedbf",
                "name": "ROG",
                "version": "8.16.1",
                "ephemeral_id": "8ede2d35-721e-4c5c-8e28-4487de3cedca"
            },
            "ecs": {
                "version": "8.0.0"
            }
        },
        {
            "@version": "1",
            "host": {
                "ip": [
                    "2405:201:500d:a80b:42ce:470:f50a:bbba",
                    "2405:201:500d:a80b:64f8:126a:6554:e9a3",
                    "fe80::b94f:3825:122a:8e76",
                    "192.168.29.177"
                ],
                "hostname": "ROG",
                "os": {
                    "build": "26100.1742",
                    "name": "Windows 11 Home",
                    "version": "10.0",
                    "kernel": "10.0.26100.1742 (WinBuild.160101.0800)",
                    "family": "windows",
                    "type": "windows",
                    "platform": "windows"
                },
                "name": "rog",
                "architecture": "x86_64",
                "mac": [
                    "08-00-27-BE-96-71"
                ],
                "id": "4375e56d-6ce4-4f97-8029-8e9c76e95afe"
            },
            "log": {
                "level": "information"
            },
            "message": "A service was installed in the system.\n\nService Name:  Printer Extensions and Notifications\nService File Name:  %SystemRoot%\\system32\\svchost.exe -k print\nService Type:  user mode service\nService Start Type:  demand start\nService Account:  LocalSystem",
            "winlog": {
                "process": {
                    "pid": 948,
                    "thread": {
                        "id": 1180
                    }
                },
                "task": "None",
                "computer_name": "WIN-O0Q3JGS8B2N",
                "event_data": {
                    "ServiceType": "user mode service",
                    "StartType": "demand start",
                    "ImagePath": "%SystemRoot%\\system32\\svchost.exe -k print",
                    "AccountName": "LocalSystem",
                    "ServiceName": "Printer Extensions and Notifications"
                },
                "provider_name": "Service Control Manager",
                "record_id": 171,
                "opcode": "Info",
                "keywords": [
                    "Classic"
                ],
                "channel": "System",
                "event_id": "7045",
                "api": "wineventlog",
                "provider_guid": "{555908d1-a6d7-4695-8e1e-26931d2012f4}",
                "user": {
                    "domain": "NT AUTHORITY",
                    "name": "SYSTEM",
                    "type": "Well Known Group",
                    "identifier": "S-1-5-18"
                }
            },
            "event": {
                "provider": "Service Control Manager",
                "action": "None",
                "created": "2024-12-01T12:51:52.022Z",
                "code": "7045",
                "kind": "event"
            },
            "@timestamp": "2024-12-01T17:38:44.964Z",
            "tags": [
                "beats_input_codec_plain_applied"
            ],
            "agent": {
                "type": "winlogbeat",
                "id": "7d8620cd-1507-4fa9-907e-5bc5403bedbf",
                "name": "ROG",
                "version": "8.16.1",
                "ephemeral_id": "8ede2d35-721e-4c5c-8e28-4487de3cedca"
            },
            "ecs": {
                "version": "8.0.0"
            }
        },
        {
            "@version": "1",
            "host": {
                "ip": [
                    "2405:201:500d:a80b:42ce:470:f50a:bbba",
                    "2405:201:500d:a80b:64f8:126a:6554:e9a3",
                    "fe80::b94f:3825:122a:8e76",
                    "192.168.29.177"
                ],
                "os": {
                    "build": "26100.1742",
                    "name": "Windows 11 Home",
                    "version": "10.0",
                    "kernel": "10.0.26100.1742 (WinBuild.160101.0800)",
                    "family": "windows",
                    "type": "windows",
                    "platform": "windows"
                },
                "hostname": "ROG",
                "name": "rog",
                "architecture": "x86_64",
                "mac": [
                    "08-00-27-BE-96-71"
                ],
                "id": "4375e56d-6ce4-4f97-8029-8e9c76e95afe"
            },
            "log": {
                "level": "error"
            },
            "message": "The Printer Extensions and Notifications service is marked as an interactive service. However, the system is configured to not allow interactive services. This service may not function properly.",
            "winlog": {
                "process": {
                    "pid": 948,
                    "thread": {
                        "id": 1180
                    }
                },
                "task": "None",
                "computer_name": "WIN-O0Q3JGS8B2N",
                "event_data": {
                    "param1": "Printer Extensions and Notifications"
                },
                "provider_name": "Service Control Manager",
                "record_id": 172,
                "opcode": "Info",
                "event_id": "7030",
                "keywords": [
                    "Classic"
                ],
                "channel": "System",
                "api": "wineventlog",
                "provider_guid": "{555908d1-a6d7-4695-8e1e-26931d2012f4}"
            },
            "event": {
                "provider": "Service Control Manager",
                "action": "None",
                "created": "2024-12-01T12:51:52.022Z",
                "code": "7030",
                "kind": "event"
            },
            "@timestamp": "2024-12-01T17:38:44.964Z",
            "tags": [
                "beats_input_codec_plain_applied"
            ],
            "agent": {
                "version": "8.16.1",
                "id": "7d8620cd-1507-4fa9-907e-5bc5403bedbf",
                "name": "ROG",
                "type": "winlogbeat",
                "ephemeral_id": "8ede2d35-721e-4c5c-8e28-4487de3cedca"
            },
            "ecs": {
                "version": "8.0.0"
            }
        },
        {
            "@version": "1",
            "host": {
                "ip": [
                    "2405:201:500d:a80b:42ce:470:f50a:bbba",
                    "2405:201:500d:a80b:64f8:126a:6554:e9a3",
                    "fe80::b94f:3825:122a:8e76",
                    "192.168.29.177"
                ],
                "hostname": "ROG",
                "os": {
                    "build": "26100.1742",
                    "name": "Windows 11 Home",
                    "version": "10.0",
                    "kernel": "10.0.26100.1742 (WinBuild.160101.0800)",
                    "family": "windows",
                    "type": "windows",
                    "platform": "windows"
                },
                "name": "rog",
                "architecture": "x86_64",
                "mac": [
                    "08-00-27-BE-96-71"
                ],
                "id": "4375e56d-6ce4-4f97-8029-8e9c76e95afe"
            },
            "log": {
                "level": "information"
            },
            "message": "The process C:\\WINDOWS\\system32\\winlogon.exe (MINWINPC) has initiated the restart of computer WIN-O0Q3JGS8B2N on behalf of user NT AUTHORITY\\SYSTEM for the following reason: Operating System: Upgrade (Planned)\n Reason Code: 0x80020003\n Shut-down Type: restart\n Comment: ",
            "winlog": {
                "process": {
                    "pid": 732,
                    "thread": {
                        "id": 2064
                    }
                },
                "task": "None",
                "computer_name": "WIN-O0Q3JGS8B2N",
                "provider_name": "User32",
                "event_data": {
                    "param1": "C:\\WINDOWS\\system32\\winlogon.exe (MINWINPC)",
                    "param7": "NT AUTHORITY\\SYSTEM",
                    "param3": "Operating System: Upgrade (Planned)",
                    "param2": "WIN-O0Q3JGS8B2N",
                    "param4": "0x80020003",
                    "param5": "restart"
                },
                "record_id": 170,
                "opcode": "Info",
                "keywords": [
                    "Classic"
                ],
                "channel": "System",
                "event_id": "1074",
                "api": "wineventlog",
                "provider_guid": "{b0aa8734-56f7-41cc-b2f4-de228e98b946}",
                "user": {
                    "type": "Well Known Group",
                    "domain": "NT AUTHORITY",
                    "identifier": "S-1-5-18",
                    "name": "SYSTEM"
                }
            },
            "event": {
                "provider": "User32",
                "action": "None",
                "code": "1074",
                "kind": "event",
                "created": "2024-12-01T12:51:52.022Z"
            },
            "@timestamp": "2024-12-01T17:38:43.926Z",
            "tags": [
                "beats_input_codec_plain_applied"
            ],
            "agent": {
                "ephemeral_id": "8ede2d35-721e-4c5c-8e28-4487de3cedca",
                "id": "7d8620cd-1507-4fa9-907e-5bc5403bedbf",
                "name": "ROG",
                "type": "winlogbeat",
                "version": "8.16.1"
            },
            "ecs": {
                "version": "8.0.0"
            }
        }
    ]
}